

Microchip MPLAB XC8 Assembler V2.31 build 20201012212115 
                                                                                               Thu Feb 25 17:50:31 2021

Microchip MPLAB XC8 C Compiler v2.31 (Free license) build 20201012212115 Og1 
     1                           	processor	18F27Q43
     2                           	fnconf	rparam,??,?,0
     3                           	pagewidth 120
     4                           	opt	flic
     5                           	psect	cinit,global,reloc=2,class=CODE,delta=1
     6                           	psect	bssCOMRAM,global,class=COMRAM,space=1,delta=1,lowdata,noexec
     7                           	psect	cstackCOMRAM,global,class=COMRAM,space=1,delta=1,lowdata,noexec
     8                           	psect	text0,global,reloc=2,class=CODE,delta=1
     9                           	psect	text1,global,reloc=2,class=CODE,delta=1
    10                           	psect	text2,global,reloc=2,class=CODE,delta=1
    11                           	psect	text3,global,reloc=2,class=CODE,delta=1
    12                           	psect	text4,global,reloc=2,class=CODE,delta=1
    13                           	psect	text5,global,reloc=2,class=CODE,delta=1
    14                           	psect	text6,global,reloc=2,class=CODE,delta=1
    15                           	psect	intsave_regs,global,class=BIGRAM,space=1,delta=1,noexec
    16                           	psect	rparam,global,class=COMRAM,space=1,delta=1,noexec
    17                           	psect	idloc,global,abs,ovrld,class=IDLOC,space=5,delta=1,noexec
    18                           	psect	config,global,abs,ovrld,class=CONFIG,space=4,delta=1,noexec
    19  0000                     
    20                           ; Version 2.30
    21                           ; Generated 20/08/2020 GMT
    22                           ; 
    23                           ; Copyright © 2020, Microchip Technology Inc. and its subsidiaries ("Microchip")
    24                           ; All rights reserved.
    25                           ; 
    26                           ; This software is developed by Microchip Technology Inc. and its subsidiaries ("Microch
      +                          ip").
    27                           ; 
    28                           ; Redistribution and use in source and binary forms, with or without modification, are
    29                           ; permitted provided that the following conditions are met:
    30                           ; 
    31                           ;     1. Redistributions of source code must retain the above copyright notice, this lis
      +                          t of
    32                           ;        conditions and the following disclaimer.
    33                           ; 
    34                           ;     2. Redistributions in binary form must reproduce the above copyright notice, this 
      +                          list
    35                           ;        of conditions and the following disclaimer in the documentation and/or other
    36                           ;        materials provided with the distribution. Publication is not required when
    37                           ;        this file is used in an embedded application.
    38                           ; 
    39                           ;     3. Microchip's name may not be used to endorse or promote products derived from th
      +                          is
    40                           ;        software without specific prior written permission.
    41                           ; 
    42                           ; THIS SOFTWARE IS PROVIDED BY MICROCHIP "AS IS" AND ANY EXPRESS OR IMPLIED WARRANTIES,
    43                           ; INCLUDING, BUT NOT LIMITED TO, THE IMPLIED WARRANTIES OF MERCHANTABILITY AND FITNESS F
      +                          OR
    44                           ; PURPOSE ARE DISCLAIMED.  IN NO EVENT SHALL MICROCHIP BE LIABLE FOR ANY DIRECT, INDIREC
      +                          T,
    45                           ; INCIDENTAL, SPECIAL, EXEMPLARY, OR CONSEQUENTIAL DAMAGES (INCLUDING BUT NOT LIMITED TO
    46                           ; PROCUREMENT OF SUBSTITUTE GOODS OR SERVICES; LOSS OF USE, DATA OR PROFITS; OR BUSINESS
    47                           ; INTERRUPTION) HOWSOEVER CAUSED AND ON ANY THEORY OF LIABILITY, WHETHER IN CONTRACT, ST
      +                          RICT
    48                           ; LIABILITY, OR TORT (INCLUDING NEGLIGENCE OR OTHERWISE) ARISING IN ANY WAY OUT OF THE U
      +                          SE OF
    49                           ; THIS SOFTWARE, EVEN IF ADVISED OF THE POSSIBILITY OF SUCH DAMAGE.
    50                           ; 
    51                           ; 
    52                           ; Code-generator required, PIC18F27Q43 Definitions
    53                           ; 
    54                           ; SFR Addresses
    55  0000                     _ANSELB	set	1032
    56  0000                     _ANSELA	set	1024
    57  0000                     _TRISB	set	1223
    58  0000                     _PORTB	set	1231
    59  0000                     _TRISA	set	1222
    60  0000                     _LATA	set	1214
    61  0000                     _PORTA	set	1230
    62                           
    63                           ; #config settings
    64                           
    65                           	psect	cinit
    66  01FF86                     __pcinit:
    67                           	callstack 0
    68  01FF86                     start_initialization:
    69                           	callstack 0
    70  01FF86                     __initialization:
    71                           	callstack 0
    72                           
    73                           ; Clear objects allocated to COMRAM (13 bytes)
    74  01FF86  EE01  F101         	lfsr	0,__pbssCOMRAM
    75  01FF8A  0E0D               	movlw	13
    76  01FF8C                     clear_0:
    77  01FF8C  6AEE               	clrf	postinc0,c
    78  01FF8E  06E8               	decf	wreg,f,c
    79  01FF90  E1FD               	bnz	clear_0
    80  01FF92                     end_of_initialization:
    81                           	callstack 0
    82  01FF92                     __end_of__initialization:
    83                           	callstack 0
    84  01FF92  0100               	movlb	0
    85  01FF94  EFED  F0FF         	goto	_main	;jump to C main() function
    86                           
    87                           	psect	bssCOMRAM
    88  000501                     __pbssCOMRAM:
    89                           	callstack 0
    90  000501                     _G_u32SystemFlags:
    91                           	callstack 0
    92  000501                     	ds	4
    93  000505                     _G_u32SystemTime1s:
    94                           	callstack 0
    95  000505                     	ds	4
    96  000509                     _G_u32SystemTime1ms:
    97                           	callstack 0
    98  000509                     	ds	4
    99  00050D                     _G_u8UserAppFlags:
   100                           	callstack 0
   101  00050D                     	ds	1
   102                           
   103                           	psect	cstackCOMRAM
   104  00050E                     __pcstackCOMRAM:
   105                           	callstack 0
   106  00050E                     UserAppRun@u8LedCounter:
   107                           	callstack 0
   108                           
   109                           ; 1 bytes @ 0x0
   110  00050E                     	ds	2
   111  000510                     
   112                           ; 1 bytes @ 0x2
   113 ;;
   114 ;;Main: autosize = 0, tempsize = 0, incstack = 0, save=0
   115 ;;
   116 ;; *************** function _main *****************
   117 ;; Defined at:
   118 ;;		line 35 in file "main.c"
   119 ;; Parameters:    Size  Location     Type
   120 ;;		None
   121 ;; Auto vars:     Size  Location     Type
   122 ;;		None
   123 ;; Return value:  Size  Location     Type
   124 ;;                  1    wreg      void 
   125 ;; Registers used:
   126 ;;		wreg, status,2, status,0, cstack
   127 ;; Tracked objects:
   128 ;;		On entry : 0/0
   129 ;;		On exit  : 0/0
   130 ;;		Unchanged: 0/0
   131 ;; Data sizes:     COMRAM   BANK5   BANK6   BANK7   BANK8   BANK9  BANK10  BANK11  BANK12  BANK13  BANK14  BANK15  BANK1
      +6  BANK17  BANK18  BANK19  BANK20  BANK21  BANK22  BANK23  BANK24  BANK25  BANK26  BANK27  BANK28  BANK29  BANK30  BANK3
      +1  BANK32  BANK33  BANK34  BANK35  BANK36  BANK37
   132 ;;      Params:         0       0       0       0       0       0       0       0       0       0       0       0       
      +0       0       0       0       0       0       0       0       0       0       0       0       0       0       0       
      +0       0       0       0       0       0       0
   133 ;;      Locals:         0       0       0       0       0       0       0       0       0       0       0       0       
      +0       0       0       0       0       0       0       0       0       0       0       0       0       0       0       
      +0       0       0       0       0       0       0
   134 ;;      Temps:          0       0       0       0       0       0       0       0       0       0       0       0       
      +0       0       0       0       0       0       0       0       0       0       0       0       0       0       0       
      +0       0       0       0       0       0       0
   135 ;;      Totals:         0       0       0       0       0       0       0       0       0       0       0       0       
      +0       0       0       0       0       0       0       0       0       0       0       0       0       0       0       
      +0       0       0       0       0       0       0
   136 ;;Total ram usage:        0 bytes
   137 ;; Hardware stack levels required when called:    1
   138 ;; This function calls:
   139 ;;		_ClockSetup
   140 ;;		_GpioSetup
   141 ;;		_SysTickSetup
   142 ;;		_SystemSleep
   143 ;;		_UserAppInitialize
   144 ;;		_UserAppRun
   145 ;; This function is called by:
   146 ;;		Startup code after reset
   147 ;; This function uses a non-reentrant model
   148 ;;
   149                           
   150                           	psect	text0
   151  01FFDA                     __ptext0:
   152                           	callstack 0
   153  01FFDA                     _main:
   154                           	callstack 127
   155  01FFDA                     
   156                           ;main.c: 37:   G_u32SystemFlags |= (u32)0x80000000;
   157  01FFDA  8E04               	bsf	(_G_u32SystemFlags+3)^(0+1280),7,c	;volatile
   158  01FFDC                     
   159                           ;main.c: 40:   ClockSetup();
   160  01FFDC  ECB7  F0FF         	call	_ClockSetup	;wreg free
   161  01FFE0                     
   162                           ;main.c: 41:   SysTickSetup();
   163  01FFE0  ECDC  F0FF         	call	_SysTickSetup	;wreg free
   164  01FFE4                     
   165                           ;main.c: 42:   GpioSetup();
   166  01FFE4  ECCC  F0FF         	call	_GpioSetup	;wreg free
   167  01FFE8                     
   168                           ;main.c: 47:   UserAppInitialize();
   169  01FFE8  ECB9  F0FF         	call	_UserAppInitialize	;wreg free
   170  01FFEC                     l804:
   171                           
   172                           ;main.c: 53:   {;main.c: 57:     UserAppRun();
   173  01FFEC  ECBA  F0FF         	call	_UserAppRun	;wreg free
   174  01FFF0                     
   175                           ;main.c: 62:     SystemSleep();
   176  01FFF0  ECB8  F0FF         	call	_SystemSleep	;wreg free
   177  01FFF4  EFF6  F0FF         	goto	l804
   178  01FFF8  EFFE  F0FF         	goto	start
   179  01FFFC                     __end_of_main:
   180                           	callstack 0
   181                           
   182 ;; *************** function _UserAppRun *****************
   183 ;; Defined at:
   184 ;;		line 95 in file "user_app.c"
   185 ;; Parameters:    Size  Location     Type
   186 ;;		None
   187 ;; Auto vars:     Size  Location     Type
   188 ;;  u8ButtonStat    1    0        unsigned char 
   189 ;;  u8LedCounter    1    0[COMRAM] unsigned char 
   190 ;; Return value:  Size  Location     Type
   191 ;;                  1    wreg      void 
   192 ;; Registers used:
   193 ;;		wreg, status,2, status,0
   194 ;; Tracked objects:
   195 ;;		On entry : 0/0
   196 ;;		On exit  : 0/0
   197 ;;		Unchanged: 0/0
   198 ;; Data sizes:     COMRAM   BANK5   BANK6   BANK7   BANK8   BANK9  BANK10  BANK11  BANK12  BANK13  BANK14  BANK15  BANK1
      +6  BANK17  BANK18  BANK19  BANK20  BANK21  BANK22  BANK23  BANK24  BANK25  BANK26  BANK27  BANK28  BANK29  BANK30  BANK3
      +1  BANK32  BANK33  BANK34  BANK35  BANK36  BANK37
   199 ;;      Params:         0       0       0       0       0       0       0       0       0       0       0       0       
      +0       0       0       0       0       0       0       0       0       0       0       0       0       0       0       
      +0       0       0       0       0       0       0
   200 ;;      Locals:         2       0       0       0       0       0       0       0       0       0       0       0       
      +0       0       0       0       0       0       0       0       0       0       0       0       0       0       0       
      +0       0       0       0       0       0       0
   201 ;;      Temps:          0       0       0       0       0       0       0       0       0       0       0       0       
      +0       0       0       0       0       0       0       0       0       0       0       0       0       0       0       
      +0       0       0       0       0       0       0
   202 ;;      Totals:         2       0       0       0       0       0       0       0       0       0       0       0       
      +0       0       0       0       0       0       0       0       0       0       0       0       0       0       0       
      +0       0       0       0       0       0       0
   203 ;;Total ram usage:        2 bytes
   204 ;; Hardware stack levels used:    1
   205 ;; This function calls:
   206 ;;		Nothing
   207 ;; This function is called by:
   208 ;;		_main
   209 ;; This function uses a non-reentrant model
   210 ;;
   211                           
   212                           	psect	text1
   213  01FF74                     __ptext1:
   214                           	callstack 0
   215  01FF74                     _UserAppRun:
   216                           	callstack 127
   217  01FF74                     
   218                           ;user_app.c: 102:     u8 u8LedCounter = 0x80;
   219  01FF74  0E80               	movlw	128
   220  01FF76  6E0E               	movwf	UserAppRun@u8LedCounter^(0+1280),c
   221  01FF78                     l68:
   222  01FF78                     
   223                           ;user_app.c: 113:         {;user_app.c: 114:             u8LedCounter++;
   224  01FF78  2A0E               	incf	UserAppRun@u8LedCounter^(0+1280),f,c
   225  01FF7A                     
   226                           ;user_app.c: 115:             LATA = 10000000 | u8LedCounter;
   227  01FF7A  500E               	movf	UserAppRun@u8LedCounter^(0+1280),w,c
   228  01FF7C  0980               	iorlw	128
   229  01FF7E  6EBE               	movwf	190,c	;volatile
   230  01FF80                     
   231                           ;user_app.c: 117:         }
   232  01FF80  EFBC  F0FF         	goto	l68
   233  01FF84  0012               	return		;funcret
   234  01FF86                     __end_of_UserAppRun:
   235                           	callstack 0
   236                           
   237 ;; *************** function _UserAppInitialize *****************
   238 ;; Defined at:
   239 ;;		line 76 in file "user_app.c"
   240 ;; Parameters:    Size  Location     Type
   241 ;;		None
   242 ;; Auto vars:     Size  Location     Type
   243 ;;		None
   244 ;; Return value:  Size  Location     Type
   245 ;;                  1    wreg      void 
   246 ;; Registers used:
   247 ;;		None
   248 ;; Tracked objects:
   249 ;;		On entry : 0/0
   250 ;;		On exit  : 0/0
   251 ;;		Unchanged: 0/0
   252 ;; Data sizes:     COMRAM   BANK5   BANK6   BANK7   BANK8   BANK9  BANK10  BANK11  BANK12  BANK13  BANK14  BANK15  BANK1
      +6  BANK17  BANK18  BANK19  BANK20  BANK21  BANK22  BANK23  BANK24  BANK25  BANK26  BANK27  BANK28  BANK29  BANK30  BANK3
      +1  BANK32  BANK33  BANK34  BANK35  BANK36  BANK37
   253 ;;      Params:         0       0       0       0       0       0       0       0       0       0       0       0       
      +0       0       0       0       0       0       0       0       0       0       0       0       0       0       0       
      +0       0       0       0       0       0       0
   254 ;;      Locals:         0       0       0       0       0       0       0       0       0       0       0       0       
      +0       0       0       0       0       0       0       0       0       0       0       0       0       0       0       
      +0       0       0       0       0       0       0
   255 ;;      Temps:          0       0       0       0       0       0       0       0       0       0       0       0       
      +0       0       0       0       0       0       0       0       0       0       0       0       0       0       0       
      +0       0       0       0       0       0       0
   256 ;;      Totals:         0       0       0       0       0       0       0       0       0       0       0       0       
      +0       0       0       0       0       0       0       0       0       0       0       0       0       0       0       
      +0       0       0       0       0       0       0
   257 ;;Total ram usage:        0 bytes
   258 ;; Hardware stack levels used:    1
   259 ;; This function calls:
   260 ;;		Nothing
   261 ;; This function is called by:
   262 ;;		_main
   263 ;; This function uses a non-reentrant model
   264 ;;
   265                           
   266                           	psect	text2
   267  01FF72                     __ptext2:
   268                           	callstack 0
   269  01FF72                     _UserAppInitialize:
   270                           	callstack 127
   271  01FF72  0012               	return		;funcret
   272  01FF74                     __end_of_UserAppInitialize:
   273                           	callstack 0
   274                           
   275 ;; *************** function _SystemSleep *****************
   276 ;; Defined at:
   277 ;;		line 136 in file "encm369_pic18.c"
   278 ;; Parameters:    Size  Location     Type
   279 ;;		None
   280 ;; Auto vars:     Size  Location     Type
   281 ;;		None
   282 ;; Return value:  Size  Location     Type
   283 ;;                  1    wreg      void 
   284 ;; Registers used:
   285 ;;		None
   286 ;; Tracked objects:
   287 ;;		On entry : 0/0
   288 ;;		On exit  : 0/0
   289 ;;		Unchanged: 0/0
   290 ;; Data sizes:     COMRAM   BANK5   BANK6   BANK7   BANK8   BANK9  BANK10  BANK11  BANK12  BANK13  BANK14  BANK15  BANK1
      +6  BANK17  BANK18  BANK19  BANK20  BANK21  BANK22  BANK23  BANK24  BANK25  BANK26  BANK27  BANK28  BANK29  BANK30  BANK3
      +1  BANK32  BANK33  BANK34  BANK35  BANK36  BANK37
   291 ;;      Params:         0       0       0       0       0       0       0       0       0       0       0       0       
      +0       0       0       0       0       0       0       0       0       0       0       0       0       0       0       
      +0       0       0       0       0       0       0
   292 ;;      Locals:         0       0       0       0       0       0       0       0       0       0       0       0       
      +0       0       0       0       0       0       0       0       0       0       0       0       0       0       0       
      +0       0       0       0       0       0       0
   293 ;;      Temps:          0       0       0       0       0       0       0       0       0       0       0       0       
      +0       0       0       0       0       0       0       0       0       0       0       0       0       0       0       
      +0       0       0       0       0       0       0
   294 ;;      Totals:         0       0       0       0       0       0       0       0       0       0       0       0       
      +0       0       0       0       0       0       0       0       0       0       0       0       0       0       0       
      +0       0       0       0       0       0       0
   295 ;;Total ram usage:        0 bytes
   296 ;; Hardware stack levels used:    1
   297 ;; This function calls:
   298 ;;		Nothing
   299 ;; This function is called by:
   300 ;;		_main
   301 ;; This function uses a non-reentrant model
   302 ;;
   303                           
   304                           	psect	text3
   305  01FF70                     __ptext3:
   306                           	callstack 0
   307  01FF70                     _SystemSleep:
   308                           	callstack 127
   309  01FF70  0012               	return		;funcret
   310  01FF72                     __end_of_SystemSleep:
   311                           	callstack 0
   312                           
   313 ;; *************** function _SysTickSetup *****************
   314 ;; Defined at:
   315 ;;		line 114 in file "encm369_pic18.c"
   316 ;; Parameters:    Size  Location     Type
   317 ;;		None
   318 ;; Auto vars:     Size  Location     Type
   319 ;;		None
   320 ;; Return value:  Size  Location     Type
   321 ;;                  1    wreg      void 
   322 ;; Registers used:
   323 ;;		wreg, status,2
   324 ;; Tracked objects:
   325 ;;		On entry : 0/0
   326 ;;		On exit  : 0/0
   327 ;;		Unchanged: 0/0
   328 ;; Data sizes:     COMRAM   BANK5   BANK6   BANK7   BANK8   BANK9  BANK10  BANK11  BANK12  BANK13  BANK14  BANK15  BANK1
      +6  BANK17  BANK18  BANK19  BANK20  BANK21  BANK22  BANK23  BANK24  BANK25  BANK26  BANK27  BANK28  BANK29  BANK30  BANK3
      +1  BANK32  BANK33  BANK34  BANK35  BANK36  BANK37
   329 ;;      Params:         0       0       0       0       0       0       0       0       0       0       0       0       
      +0       0       0       0       0       0       0       0       0       0       0       0       0       0       0       
      +0       0       0       0       0       0       0
   330 ;;      Locals:         0       0       0       0       0       0       0       0       0       0       0       0       
      +0       0       0       0       0       0       0       0       0       0       0       0       0       0       0       
      +0       0       0       0       0       0       0
   331 ;;      Temps:          0       0       0       0       0       0       0       0       0       0       0       0       
      +0       0       0       0       0       0       0       0       0       0       0       0       0       0       0       
      +0       0       0       0       0       0       0
   332 ;;      Totals:         0       0       0       0       0       0       0       0       0       0       0       0       
      +0       0       0       0       0       0       0       0       0       0       0       0       0       0       0       
      +0       0       0       0       0       0       0
   333 ;;Total ram usage:        0 bytes
   334 ;; Hardware stack levels used:    1
   335 ;; This function calls:
   336 ;;		Nothing
   337 ;; This function is called by:
   338 ;;		_main
   339 ;; This function uses a non-reentrant model
   340 ;;
   341                           
   342                           	psect	text4
   343  01FFB8                     __ptext4:
   344                           	callstack 0
   345  01FFB8                     _SysTickSetup:
   346                           	callstack 127
   347  01FFB8                     
   348                           ;encm369_pic18.c: 116:   G_u32SystemTime1ms = 0;
   349  01FFB8  0E00               	movlw	0
   350  01FFBA  6E09               	movwf	_G_u32SystemTime1ms^(0+1280),c	;volatile
   351  01FFBC  0E00               	movlw	0
   352  01FFBE  6E0A               	movwf	(_G_u32SystemTime1ms+1)^(0+1280),c	;volatile
   353  01FFC0  0E00               	movlw	0
   354  01FFC2  6E0B               	movwf	(_G_u32SystemTime1ms+2)^(0+1280),c	;volatile
   355  01FFC4  0E00               	movlw	0
   356  01FFC6  6E0C               	movwf	(_G_u32SystemTime1ms+3)^(0+1280),c	;volatile
   357                           
   358                           ;encm369_pic18.c: 117:   G_u32SystemTime1s = 0;
   359  01FFC8  0E00               	movlw	0
   360  01FFCA  6E05               	movwf	_G_u32SystemTime1s^(0+1280),c	;volatile
   361  01FFCC  0E00               	movlw	0
   362  01FFCE  6E06               	movwf	(_G_u32SystemTime1s+1)^(0+1280),c	;volatile
   363  01FFD0  0E00               	movlw	0
   364  01FFD2  6E07               	movwf	(_G_u32SystemTime1s+2)^(0+1280),c	;volatile
   365  01FFD4  0E00               	movlw	0
   366  01FFD6  6E08               	movwf	(_G_u32SystemTime1s+3)^(0+1280),c	;volatile
   367  01FFD8  0012               	return		;funcret
   368  01FFDA                     __end_of_SysTickSetup:
   369                           	callstack 0
   370                           
   371 ;; *************** function _GpioSetup *****************
   372 ;; Defined at:
   373 ;;		line 89 in file "encm369_pic18.c"
   374 ;; Parameters:    Size  Location     Type
   375 ;;		None
   376 ;; Auto vars:     Size  Location     Type
   377 ;;		None
   378 ;; Return value:  Size  Location     Type
   379 ;;                  1    wreg      void 
   380 ;; Registers used:
   381 ;;		wreg, status,2
   382 ;; Tracked objects:
   383 ;;		On entry : 0/0
   384 ;;		On exit  : 0/0
   385 ;;		Unchanged: 0/0
   386 ;; Data sizes:     COMRAM   BANK5   BANK6   BANK7   BANK8   BANK9  BANK10  BANK11  BANK12  BANK13  BANK14  BANK15  BANK1
      +6  BANK17  BANK18  BANK19  BANK20  BANK21  BANK22  BANK23  BANK24  BANK25  BANK26  BANK27  BANK28  BANK29  BANK30  BANK3
      +1  BANK32  BANK33  BANK34  BANK35  BANK36  BANK37
   387 ;;      Params:         0       0       0       0       0       0       0       0       0       0       0       0       
      +0       0       0       0       0       0       0       0       0       0       0       0       0       0       0       
      +0       0       0       0       0       0       0
   388 ;;      Locals:         0       0       0       0       0       0       0       0       0       0       0       0       
      +0       0       0       0       0       0       0       0       0       0       0       0       0       0       0       
      +0       0       0       0       0       0       0
   389 ;;      Temps:          0       0       0       0       0       0       0       0       0       0       0       0       
      +0       0       0       0       0       0       0       0       0       0       0       0       0       0       0       
      +0       0       0       0       0       0       0
   390 ;;      Totals:         0       0       0       0       0       0       0       0       0       0       0       0       
      +0       0       0       0       0       0       0       0       0       0       0       0       0       0       0       
      +0       0       0       0       0       0       0
   391 ;;Total ram usage:        0 bytes
   392 ;; Hardware stack levels used:    1
   393 ;; This function calls:
   394 ;;		Nothing
   395 ;; This function is called by:
   396 ;;		_main
   397 ;; This function uses a non-reentrant model
   398 ;;
   399                           
   400                           	psect	text5
   401  01FF98                     __ptext5:
   402                           	callstack 0
   403  01FF98                     _GpioSetup:
   404                           	callstack 127
   405  01FF98                     
   406                           ;encm369_pic18.c: 91:     PORTA = 0x00;
   407  01FF98  0E00               	movlw	0
   408  01FF9A  6ECE               	movwf	206,c	;volatile
   409                           
   410                           ;encm369_pic18.c: 92:     LATA = 0x80;
   411  01FF9C  0E80               	movlw	128
   412  01FF9E  6EBE               	movwf	190,c	;volatile
   413                           
   414                           ;encm369_pic18.c: 93:     ANSELA = 0x00;
   415  01FFA0  0E00               	movlw	0
   416  01FFA2  0104               	movlb	4	; () banked
   417  01FFA4  6F00               	movwf	0,b	;volatile
   418                           
   419                           ;encm369_pic18.c: 94:     TRISA = 0xFE;
   420  01FFA6  0EFE               	movlw	254
   421  01FFA8  6EC6               	movwf	198,c	;volatile
   422                           
   423                           ;encm369_pic18.c: 96:     PORTB = 0x00;
   424  01FFAA  0E00               	movlw	0
   425  01FFAC  6ECF               	movwf	207,c	;volatile
   426                           
   427                           ;encm369_pic18.c: 97:     ANSELB = 0x00;
   428  01FFAE  0E00               	movlw	0
   429  01FFB0  6F08               	movwf	8,b	;volatile
   430                           
   431                           ;encm369_pic18.c: 98:     TRISB = 0x30;
   432  01FFB2  0E30               	movlw	48
   433  01FFB4  6EC7               	movwf	199,c	;volatile
   434  01FFB6                     
   435                           ; BSR set to: 4
   436  01FFB6  0012               	return		;funcret
   437  01FFB8                     __end_of_GpioSetup:
   438                           	callstack 0
   439                           
   440 ;; *************** function _ClockSetup *****************
   441 ;; Defined at:
   442 ;;		line 70 in file "encm369_pic18.c"
   443 ;; Parameters:    Size  Location     Type
   444 ;;		None
   445 ;; Auto vars:     Size  Location     Type
   446 ;;		None
   447 ;; Return value:  Size  Location     Type
   448 ;;                  1    wreg      void 
   449 ;; Registers used:
   450 ;;		None
   451 ;; Tracked objects:
   452 ;;		On entry : 0/0
   453 ;;		On exit  : 0/0
   454 ;;		Unchanged: 0/0
   455 ;; Data sizes:     COMRAM   BANK5   BANK6   BANK7   BANK8   BANK9  BANK10  BANK11  BANK12  BANK13  BANK14  BANK15  BANK1
      +6  BANK17  BANK18  BANK19  BANK20  BANK21  BANK22  BANK23  BANK24  BANK25  BANK26  BANK27  BANK28  BANK29  BANK30  BANK3
      +1  BANK32  BANK33  BANK34  BANK35  BANK36  BANK37
   456 ;;      Params:         0       0       0       0       0       0       0       0       0       0       0       0       
      +0       0       0       0       0       0       0       0       0       0       0       0       0       0       0       
      +0       0       0       0       0       0       0
   457 ;;      Locals:         0       0       0       0       0       0       0       0       0       0       0       0       
      +0       0       0       0       0       0       0       0       0       0       0       0       0       0       0       
      +0       0       0       0       0       0       0
   458 ;;      Temps:          0       0       0       0       0       0       0       0       0       0       0       0       
      +0       0       0       0       0       0       0       0       0       0       0       0       0       0       0       
      +0       0       0       0       0       0       0
   459 ;;      Totals:         0       0       0       0       0       0       0       0       0       0       0       0       
      +0       0       0       0       0       0       0       0       0       0       0       0       0       0       0       
      +0       0       0       0       0       0       0
   460 ;;Total ram usage:        0 bytes
   461 ;; Hardware stack levels used:    1
   462 ;; This function calls:
   463 ;;		Nothing
   464 ;; This function is called by:
   465 ;;		_main
   466 ;; This function uses a non-reentrant model
   467 ;;
   468                           
   469                           	psect	text6
   470  01FF6E                     __ptext6:
   471                           	callstack 0
   472  01FF6E                     _ClockSetup:
   473                           	callstack 127
   474  01FF6E  0012               	return		;funcret
   475  01FF70                     __end_of_ClockSetup:
   476                           	callstack 0
   477  0000                     
   478                           	psect	rparam
   479  0000                     
   480                           	psect	idloc
   481                           
   482                           ;Config register IDLOC0 @ 0x200000
   483                           ;	unspecified, using default values
   484  200000                     	org	2097152
   485  200000  0FFF               	dw	4095
   486                           
   487                           ;Config register IDLOC1 @ 0x200002
   488                           ;	unspecified, using default values
   489  200002                     	org	2097154
   490  200002  0FFF               	dw	4095
   491                           
   492                           ;Config register IDLOC2 @ 0x200004
   493                           ;	unspecified, using default values
   494  200004                     	org	2097156
   495  200004  0FFF               	dw	4095
   496                           
   497                           ;Config register IDLOC3 @ 0x200006
   498                           ;	unspecified, using default values
   499  200006                     	org	2097158
   500  200006  0FFF               	dw	4095
   501                           
   502                           ;Config register IDLOC4 @ 0x200008
   503                           ;	unspecified, using default values
   504  200008                     	org	2097160
   505  200008  0FFF               	dw	4095
   506                           
   507                           ;Config register IDLOC5 @ 0x20000A
   508                           ;	unspecified, using default values
   509  20000A                     	org	2097162
   510  20000A  0FFF               	dw	4095
   511                           
   512                           ;Config register IDLOC6 @ 0x20000C
   513                           ;	unspecified, using default values
   514  20000C                     	org	2097164
   515  20000C  0FFF               	dw	4095
   516                           
   517                           ;Config register IDLOC7 @ 0x20000E
   518                           ;	unspecified, using default values
   519  20000E                     	org	2097166
   520  20000E  0FFF               	dw	4095
   521                           
   522                           ;Config register IDLOC8 @ 0x200010
   523                           ;	unspecified, using default values
   524  200010                     	org	2097168
   525  200010  0FFF               	dw	4095
   526                           
   527                           ;Config register IDLOC9 @ 0x200012
   528                           ;	unspecified, using default values
   529  200012                     	org	2097170
   530  200012  0FFF               	dw	4095
   531                           
   532                           ;Config register IDLOC10 @ 0x200014
   533                           ;	unspecified, using default values
   534  200014                     	org	2097172
   535  200014  0FFF               	dw	4095
   536                           
   537                           ;Config register IDLOC11 @ 0x200016
   538                           ;	unspecified, using default values
   539  200016                     	org	2097174
   540  200016  0FFF               	dw	4095
   541                           
   542                           ;Config register IDLOC12 @ 0x200018
   543                           ;	unspecified, using default values
   544  200018                     	org	2097176
   545  200018  0FFF               	dw	4095
   546                           
   547                           ;Config register IDLOC13 @ 0x20001A
   548                           ;	unspecified, using default values
   549  20001A                     	org	2097178
   550  20001A  0FFF               	dw	4095
   551                           
   552                           ;Config register IDLOC14 @ 0x20001C
   553                           ;	unspecified, using default values
   554  20001C                     	org	2097180
   555  20001C  0FFF               	dw	4095
   556                           
   557                           ;Config register IDLOC15 @ 0x20001E
   558                           ;	unspecified, using default values
   559  20001E                     	org	2097182
   560  20001E  0FFF               	dw	4095
   561                           
   562                           	psect	config
   563                           
   564                           ;Config register CONFIG1 @ 0x300000
   565                           ;	External Oscillator Selection
   566                           ;	FEXTOSC = OFF, Oscillator not enabled
   567                           ;	Reset Oscillator Selection
   568                           ;	RSTOSC = HFINTOSC_64MHZ, HFINTOSC with HFFRQ = 64 MHz and CDIV = 1:1
   569  300000                     	org	3145728
   570  300000  8C                 	db	140
   571                           
   572                           ;Config register CONFIG2 @ 0x300001
   573                           ;	Clock out Enable bit
   574                           ;	CLKOUTEN = ON, CLKOUT function is enabled
   575                           ;	PRLOCKED One-Way Set Enable bit
   576                           ;	PR1WAY = ON, PRLOCKED bit can be cleared and set only once
   577                           ;	Clock Switch Enable bit
   578                           ;	CSWEN = ON, Writing to NOSC and NDIV is allowed
   579                           ;	Fail-Safe Clock Monitor Enable bit
   580                           ;	FCMEN = ON, Fail-Safe Clock Monitor enabled
   581  300001                     	org	3145729
   582  300001  FE                 	db	254
   583                           
   584                           ;Config register CONFIG3 @ 0x300002
   585                           ;	MCLR Enable bit
   586                           ;	MCLRE = EXTMCLR, If LVP = 0, MCLR pin is MCLR; If LVP = 1, RE3 pin function is MCLR
   587                           ;	Power-up timer selection bits
   588                           ;	PWRTS = PWRT_OFF, PWRT is disabled
   589                           ;	Multi-vector enable bit
   590                           ;	MVECEN = ON, Multi-vector enabled, Vector table used for interrupts
   591                           ;	IVTLOCK bit One-way set enable bit
   592                           ;	IVT1WAY = ON, IVTLOCKED bit can be cleared and set only once
   593                           ;	Low Power BOR Enable bit
   594                           ;	LPBOREN = OFF, Low-Power BOR disabled
   595                           ;	Brown-out Reset Enable bits
   596                           ;	BOREN = SBORDIS, Brown-out Reset enabled , SBOREN bit is ignored
   597  300002                     	org	3145730
   598  300002  FF                 	db	255
   599                           
   600                           ;Config register CONFIG4 @ 0x300003
   601                           ;	Brown-out Reset Voltage Selection bits
   602                           ;	BORV = VBOR_2P85, Brown-out Reset Voltage (VBOR) set to 2.8V
   603                           ;	ZCD Disable bit
   604                           ;	ZCD = OFF, ZCD module is disabled. ZCD can be enabled by setting the ZCDSEN bit of ZCD
      +                          CON
   605                           ;	PPSLOCK bit One-Way Set Enable bit
   606                           ;	PPS1WAY = ON, PPSLOCKED bit can be cleared and set only once; PPS registers remain loc
      +                          ked after one clear/set cycle
   607                           ;	Stack Full/Underflow Reset Enable bit
   608                           ;	STVREN = ON, Stack full/underflow will cause Reset
   609                           ;	Low Voltage Programming Enable bit
   610                           ;	LVP = ON, Low voltage programming enabled. MCLR/VPP pin function is MCLR. MCLRE config
      +                          uration bit is ignored
   611                           ;	Extended Instruction Set Enable bit
   612                           ;	XINST = OFF, Extended Instruction Set and Indexed Addressing Mode disabled
   613  300003                     	org	3145731
   614  300003  FC                 	db	252
   615                           
   616                           ;Config register CONFIG5 @ 0x300004
   617                           ;	WDT Period selection bits
   618                           ;	WDTCPS = WDTCPS_31, Divider ratio 1:65536; software control of WDTPS
   619                           ;	WDT operating mode
   620                           ;	WDTE = OFF, WDT Disabled; SWDTEN is ignored
   621  300004                     	org	3145732
   622  300004  9F                 	db	159
   623                           
   624                           ;Config register CONFIG6 @ 0x300005
   625                           ;	WDT Window Select bits
   626                           ;	WDTCWS = WDTCWS_7, window always open (100%); software control; keyed access not requi
      +                          red
   627                           ;	WDT input clock selector
   628                           ;	WDTCCS = SC, Software Control
   629  300005                     	org	3145733
   630  300005  FF                 	db	255
   631                           
   632                           ;Config register CONFIG7 @ 0x300006
   633                           ;	Boot Block Size selection bits
   634                           ;	BBSIZE = BBSIZE_512, Boot Block size is 512 words
   635                           ;	Boot Block enable bit
   636                           ;	BBEN = OFF, Boot block disabled
   637                           ;	Storage Area Flash enable bit
   638                           ;	SAFEN = OFF, SAF disabled
   639                           ;	Background Debugger
   640                           ;	DEBUG = OFF, Background Debugger disabled
   641  300006                     	org	3145734
   642  300006  FF                 	db	255
   643                           
   644                           ;Config register CONFIG8 @ 0x300007
   645                           ;	Boot Block Write Protection bit
   646                           ;	WRTB = OFF, Boot Block not Write protected
   647                           ;	Configuration Register Write Protection bit
   648                           ;	WRTC = OFF, Configuration registers not Write protected
   649                           ;	Data EEPROM Write Protection bit
   650                           ;	WRTD = OFF, Data EEPROM not Write protected
   651                           ;	SAF Write protection bit
   652                           ;	WRTSAF = OFF, SAF not Write Protected
   653                           ;	Application Block write protection bit
   654                           ;	WRTAPP = OFF, Application Block not write protected
   655  300007                     	org	3145735
   656  300007  FF                 	db	255
   657                           
   658                           ; Padding undefined space
   659  300008                     	org	3145736
   660  300008  FF                 	db	255
   661                           
   662                           ;Config register CONFIG10 @ 0x300009
   663                           ;	PFM and Data EEPROM Code Protection bit
   664                           ;	CP = OFF, PFM and Data EEPROM code protection disabled
   665  300009                     	org	3145737
   666  300009  FF                 	db	255
   667                           tosu	equ	0x4FF
   668                           tosh	equ	0x4FE
   669                           tosl	equ	0x4FD
   670                           stkptr	equ	0x4FC
   671                           pclatu	equ	0x4FB
   672                           pclath	equ	0x4FA
   673                           pcl	equ	0x4F9
   674                           tblptru	equ	0x4F8
   675                           tblptrh	equ	0x4F7
   676                           tblptrl	equ	0x4F6
   677                           tablat	equ	0x4F5
   678                           prodh	equ	0x4F4
   679                           prodl	equ	0x4F3
   680                           indf0	equ	0x4EF
   681                           postinc0	equ	0x4EE
   682                           postdec0	equ	0x4ED
   683                           preinc0	equ	0x4EC
   684                           plusw0	equ	0x4EB
   685                           fsr0h	equ	0x4EA
   686                           fsr0l	equ	0x4E9
   687                           wreg	equ	0x4E8
   688                           indf1	equ	0x4E7
   689                           postinc1	equ	0x4E6
   690                           postdec1	equ	0x4E5
   691                           preinc1	equ	0x4E4
   692                           plusw1	equ	0x4E3
   693                           fsr1h	equ	0x4E2
   694                           fsr1l	equ	0x4E1
   695                           bsr	equ	0x4E0
   696                           indf2	equ	0x4DF
   697                           postinc2	equ	0x4DE
   698                           postdec2	equ	0x4DD
   699                           preinc2	equ	0x4DC
   700                           plusw2	equ	0x4DB
   701                           fsr2h	equ	0x4DA
   702                           fsr2l	equ	0x4D9
   703                           status	equ	0x4D8

Data Sizes:
    Strings     0
    Constant    0
    Data        0
    BSS         13
    Persistent  0
    Stack       0

Auto Spaces:
    Space          Size  Autos    Used
    COMRAM           95      2      15
    BANK5           160      0       0
    BANK6           256      0       0
    BANK7           256      0       0
    BANK8           256      0       0
    BANK9           256      0       0
    BANK10          256      0       0
    BANK11          256      0       0
    BANK12          256      0       0
    BANK13          256      0       0
    BANK14          256      0       0
    BANK15          256      0       0
    BANK16          256      0       0
    BANK17          256      0       0
    BANK18          256      0       0
    BANK19          256      0       0
    BANK20          256      0       0
    BANK21          256      0       0
    BANK22          256      0       0
    BANK23          256      0       0
    BANK24          256      0       0
    BANK25          256      0       0
    BANK26          256      0       0
    BANK27          256      0       0
    BANK28          256      0       0
    BANK29          256      0       0
    BANK30          256      0       0
    BANK31          256      0       0
    BANK32          256      0       0
    BANK33          256      0       0
    BANK34          256      0       0
    BANK35          256      0       0
    BANK36          256      0       0
    BANK37          256      0       0

Pointer List with Targets:

    None.

Critical Paths under _main in COMRAM

    _main->_UserAppRun

Critical Paths under _main in BANK5

    None.

Critical Paths under _main in BANK6

    None.

Critical Paths under _main in BANK7

    None.

Critical Paths under _main in BANK8

    None.

Critical Paths under _main in BANK9

    None.

Critical Paths under _main in BANK10

    None.

Critical Paths under _main in BANK11

    None.

Critical Paths under _main in BANK12

    None.

Critical Paths under _main in BANK13

    None.

Critical Paths under _main in BANK14

    None.

Critical Paths under _main in BANK15

    None.

Critical Paths under _main in BANK16

    None.

Critical Paths under _main in BANK17

    None.

Critical Paths under _main in BANK18

    None.

Critical Paths under _main in BANK19

    None.

Critical Paths under _main in BANK20

    None.

Critical Paths under _main in BANK21

    None.

Critical Paths under _main in BANK22

    None.

Critical Paths under _main in BANK23

    None.

Critical Paths under _main in BANK24

    None.

Critical Paths under _main in BANK25

    None.

Critical Paths under _main in BANK26

    None.

Critical Paths under _main in BANK27

    None.

Critical Paths under _main in BANK28

    None.

Critical Paths under _main in BANK29

    None.

Critical Paths under _main in BANK30

    None.

Critical Paths under _main in BANK31

    None.

Critical Paths under _main in BANK32

    None.

Critical Paths under _main in BANK33

    None.

Critical Paths under _main in BANK34

    None.

Critical Paths under _main in BANK35

    None.

Critical Paths under _main in BANK36

    None.

Critical Paths under _main in BANK37

    None.

Call Graph Tables:

 ---------------------------------------------------------------------------------
 (Depth) Function   	        Calls       Base Space   Used Autos Params    Refs
 ---------------------------------------------------------------------------------
 (0) _main                                                 0     0      0      60
                         _ClockSetup
                          _GpioSetup
                       _SysTickSetup
                        _SystemSleep
                  _UserAppInitialize
                         _UserAppRun
 ---------------------------------------------------------------------------------
 (1) _UserAppRun                                           2     2      0      60
                                              0 COMRAM     2     2      0
 ---------------------------------------------------------------------------------
 (1) _UserAppInitialize                                    0     0      0       0
 ---------------------------------------------------------------------------------
 (1) _SystemSleep                                          0     0      0       0
 ---------------------------------------------------------------------------------
 (1) _SysTickSetup                                         0     0      0       0
 ---------------------------------------------------------------------------------
 (1) _GpioSetup                                            0     0      0       0
 ---------------------------------------------------------------------------------
 (1) _ClockSetup                                           0     0      0       0
 ---------------------------------------------------------------------------------
 Estimated maximum stack depth 1
 ---------------------------------------------------------------------------------

 Call Graph Graphs:

 _main (ROOT)
   _ClockSetup
   _GpioSetup
   _SysTickSetup
   _SystemSleep
   _UserAppInitialize
   _UserAppRun

 Address spaces:
Name               Size   Autos  Total    Cost      Usage
BIGRAM            20FF      0       0      71        0.0%
EEDATA             400      0       0       0        0.0%
BITBANK37          100      0       0      70        0.0%
BANK37             100      0       0      68        0.0%
BITBANK36          100      0       0      66        0.0%
BANK36             100      0       0      67        0.0%
BITBANK35          100      0       0      64        0.0%
BANK35             100      0       0      65        0.0%
BITBANK34          100      0       0      62        0.0%
BANK34             100      0       0      63        0.0%
BITBANK33          100      0       0      60        0.0%
BANK33             100      0       0      61        0.0%
BITBANK32          100      0       0      58        0.0%
BANK32             100      0       0      59        0.0%
BITBANK31          100      0       0      56        0.0%
BANK31             100      0       0      57        0.0%
BITBANK30          100      0       0      54        0.0%
BANK30             100      0       0      55        0.0%
BITBANK29          100      0       0      52        0.0%
BANK29             100      0       0      53        0.0%
BITBANK28          100      0       0      50        0.0%
BANK28             100      0       0      51        0.0%
BITBANK27          100      0       0      48        0.0%
BANK27             100      0       0      49        0.0%
BITBANK26          100      0       0      46        0.0%
BANK26             100      0       0      47        0.0%
BITBANK25          100      0       0      44        0.0%
BANK25             100      0       0      45        0.0%
BITBANK24          100      0       0      42        0.0%
BANK24             100      0       0      43        0.0%
BITBANK23          100      0       0      40        0.0%
BANK23             100      0       0      41        0.0%
BITBANK22          100      0       0      38        0.0%
BANK22             100      0       0      39        0.0%
BITBANK21          100      0       0      36        0.0%
BANK21             100      0       0      37        0.0%
BITBANK20          100      0       0      34        0.0%
BANK20             100      0       0      35        0.0%
BITBANK19          100      0       0      32        0.0%
BANK19             100      0       0      33        0.0%
BITBANK18          100      0       0      30        0.0%
BANK18             100      0       0      31        0.0%
BITBANK17          100      0       0      28        0.0%
BANK17             100      0       0      29        0.0%
BITBANK16          100      0       0      26        0.0%
BANK16             100      0       0      27        0.0%
BITBANK15          100      0       0      24        0.0%
BANK15             100      0       0      25        0.0%
BITBANK14          100      0       0      22        0.0%
BANK14             100      0       0      23        0.0%
BITBANK13          100      0       0      20        0.0%
BANK13             100      0       0      21        0.0%
BITBANK12          100      0       0      18        0.0%
BANK12             100      0       0      19        0.0%
BITBANK11          100      0       0      16        0.0%
BANK11             100      0       0      17        0.0%
BITBANK10          100      0       0      14        0.0%
BANK10             100      0       0      15        0.0%
BITBANK9           100      0       0      12        0.0%
BANK9              100      0       0      13        0.0%
BITBANK8           100      0       0      10        0.0%
BANK8              100      0       0      11        0.0%
BITBANK7           100      0       0       8        0.0%
BANK7              100      0       0       9        0.0%
BITBANK6           100      0       0       6        0.0%
BANK6              100      0       0       7        0.0%
BITBANK5            A0      0       0       4        0.0%
BANK5               A0      0       0       5        0.0%
BITCOMRAM           5F      0       0       0        0.0%
COMRAM              5F      2       F       1       15.8%
BITSFR_5             0      0       0     200        0.0%
SFR_5                0      0       0     200        0.0%
BITSFR_4             0      0       0     200        0.0%
SFR_4                0      0       0     200        0.0%
BITSFR_3             0      0       0     200        0.0%
SFR_3                0      0       0     200        0.0%
BITSFR_2             0      0       0     200        0.0%
SFR_2                0      0       0     200        0.0%
BITSFR_1             0      0       0     200        0.0%
SFR_1                0      0       0     200        0.0%
BITSFR               0      0       0     200        0.0%
SFR                  0      0       0     200        0.0%
STACK                0      0       0       2        0.0%
NULL                 0      0       0       0        0.0%
ABS                  0      0       F      69        0.0%
DATA                 0      0       F       3        0.0%
CODE                 0      0       0       0        0.0%


Microchip Technology PIC18 Macro Assembler V2.31 build 20201012212115 
Symbol Table                                                                                   Thu Feb 25 17:50:31 2021

     __size_of_SysTickSetup 0022                          l21 FF6E                          l30 FF70  
                        l24 FFB6                          l27 FFD8                          l65 FF72  
                        l68 FF78                         l800 FFE4                         l802 FFE8  
                       l804 FFEC                         l806 FFF0                         l754 FF98  
                       l770 FF80                         l764 FF78                         l766 FF78  
                       l758 FF74                         l792 FFB8                         l768 FF7A  
                       l794 FFDA                         l796 FFDC                         l798 FFE0  
                       wreg 0004E8                        _LATA 0004BE                        _main FFDA  
              _SysTickSetup FFB8                        start FFFC        __size_of_SystemSleep 0002  
              ___param_bank 000000                  _ClockSetup FF6E                       ?_main 050E  
                     _PORTA 0004CE                       _PORTB 0004CF                       _TRISA 0004C6  
                     _TRISB 0004C7             __initialization FF86                __end_of_main FFFC  
                    ??_main 0510               __activetblptr 000000                      _ANSELA 000400  
                    _ANSELB 000408          __size_of_GpioSetup 0020                 ?_ClockSetup 050E  
                    clear_0 FF8C                  _UserAppRun FF74                  __accesstop 0560  
   __end_of__initialization FF92               ___rparam_used 000001            _G_u8UserAppFlags 050D  
            __pcstackCOMRAM 050E           __end_of_GpioSetup FFB8         __size_of_ClockSetup 0002  
               ?_UserAppRun 050E               ??_SystemSleep 050E                     __Hparam 0000  
                   __Lparam 0000                     __pcinit FF86                     __ramtop 2600  
                   __ptext0 FFDA                     __ptext1 FF74                     __ptext2 FF72  
                   __ptext3 FF70                     __ptext4 FFB8                     __ptext5 FF98  
                   __ptext6 FF6E      UserAppRun@u8LedCounter 050E        end_of_initialization FF92  
          _G_u32SystemFlags 0501                     postinc0 0004EE         __end_of_SystemSleep FF72  
              ??_ClockSetup 050E         __size_of_UserAppRun 0012          __end_of_ClockSetup FF70  
                 _GpioSetup FF98         start_initialization FF86               ?_SysTickSetup 050E  
               _SystemSleep FF70                  ?_GpioSetup 050E                 __pbssCOMRAM 0501  
         _UserAppInitialize FF72                ??_UserAppRun 050E          ?_UserAppInitialize 050E  
            ??_SysTickSetup 050E         ??_UserAppInitialize 050E          __end_of_UserAppRun FF86  
 __end_of_UserAppInitialize FF74                 ??_GpioSetup 050E                    __Hrparam 0000  
                  __Lrparam 0000        __end_of_SysTickSetup FFDA  __size_of_UserAppInitialize 0002  
             __size_of_main 0022                ?_SystemSleep 050E          _G_u32SystemTime1ms 0509  
         _G_u32SystemTime1s 0505  
