

Microchip MPLAB XC8 Assembler V2.31 build 20201012212115 
                                                                                               Thu Jan 28 12:55:43 2021

Microchip MPLAB XC8 C Compiler v2.31 (Free license) build 20201012212115 Og1 
     1                           	processor	18F27Q43
     2                           	fnconf	rparam,??,?,0
     3                           	pagewidth 120
     4                           	opt	flic
     5                           	psect	cinit,global,reloc=2,class=CODE,delta=1
     6                           	psect	bssCOMRAM,global,class=COMRAM,space=1,delta=1,lowdata,noexec
     7                           	psect	cstackCOMRAM,global,class=COMRAM,space=1,delta=1,lowdata,noexec
     8                           	psect	text0,global,reloc=2,class=CODE,delta=1
     9                           	psect	text1,global,reloc=2,class=CODE,delta=1
    10                           	psect	text2,global,reloc=2,class=CODE,delta=1
    11                           	psect	text3,global,reloc=2,class=CODE,delta=1
    12                           	psect	text4,global,reloc=2,class=CODE,delta=1
    13                           	psect	text5,global,reloc=2,class=CODE,delta=1
    14                           	psect	text6,global,reloc=2,class=CODE,delta=1
    15                           	psect	intsave_regs,global,class=BIGRAM,space=1,delta=1,noexec
    16                           	psect	rparam,global,class=COMRAM,space=1,delta=1,noexec
    17                           	psect	idloc,global,abs,ovrld,class=IDLOC,space=5,delta=1,noexec
    18                           	psect	config,global,abs,ovrld,class=CONFIG,space=4,delta=1,noexec
    19  0000                     
    20                           ; Version 2.30
    21                           ; Generated 20/08/2020 GMT
    22                           ; 
    23                           ; Copyright © 2020, Microchip Technology Inc. and its subsidiaries ("Microchip")
    24                           ; All rights reserved.
    25                           ; 
    26                           ; This software is developed by Microchip Technology Inc. and its subsidiaries ("Microch
      +                          ip").
    27                           ; 
    28                           ; Redistribution and use in source and binary forms, with or without modification, are
    29                           ; permitted provided that the following conditions are met:
    30                           ; 
    31                           ;     1. Redistributions of source code must retain the above copyright notice, this lis
      +                          t of
    32                           ;        conditions and the following disclaimer.
    33                           ; 
    34                           ;     2. Redistributions in binary form must reproduce the above copyright notice, this 
      +                          list
    35                           ;        of conditions and the following disclaimer in the documentation and/or other
    36                           ;        materials provided with the distribution. Publication is not required when
    37                           ;        this file is used in an embedded application.
    38                           ; 
    39                           ;     3. Microchip's name may not be used to endorse or promote products derived from th
      +                          is
    40                           ;        software without specific prior written permission.
    41                           ; 
    42                           ; THIS SOFTWARE IS PROVIDED BY MICROCHIP "AS IS" AND ANY EXPRESS OR IMPLIED WARRANTIES,
    43                           ; INCLUDING, BUT NOT LIMITED TO, THE IMPLIED WARRANTIES OF MERCHANTABILITY AND FITNESS F
      +                          OR
    44                           ; PURPOSE ARE DISCLAIMED.  IN NO EVENT SHALL MICROCHIP BE LIABLE FOR ANY DIRECT, INDIREC
      +                          T,
    45                           ; INCIDENTAL, SPECIAL, EXEMPLARY, OR CONSEQUENTIAL DAMAGES (INCLUDING BUT NOT LIMITED TO
    46                           ; PROCUREMENT OF SUBSTITUTE GOODS OR SERVICES; LOSS OF USE, DATA OR PROFITS; OR BUSINESS
    47                           ; INTERRUPTION) HOWSOEVER CAUSED AND ON ANY THEORY OF LIABILITY, WHETHER IN CONTRACT, ST
      +                          RICT
    48                           ; LIABILITY, OR TORT (INCLUDING NEGLIGENCE OR OTHERWISE) ARISING IN ANY WAY OUT OF THE U
      +                          SE OF
    49                           ; THIS SOFTWARE, EVEN IF ADVISED OF THE POSSIBILITY OF SUCH DAMAGE.
    50                           ; 
    51                           ; 
    52                           ; Code-generator required, PIC18F27Q43 Definitions
    53                           ; 
    54                           ; SFR Addresses
    55  0000                     _ANSELA	set	1024
    56  0000                     _TRISA	set	1222
    57  0000                     _PORTA	set	1230
    58                           
    59                           ; #config settings
    60                           
    61                           	psect	cinit
    62  01FF8A                     __pcinit:
    63                           	callstack 0
    64  01FF8A                     start_initialization:
    65                           	callstack 0
    66  01FF8A                     __initialization:
    67                           	callstack 0
    68                           
    69                           ; Clear objects allocated to COMRAM (13 bytes)
    70  01FF8A  EE01  F101         	lfsr	0,__pbssCOMRAM
    71  01FF8E  0E0D               	movlw	13
    72  01FF90                     clear_0:
    73  01FF90  6AEE               	clrf	postinc0,c
    74  01FF92  06E8               	decf	wreg,f,c
    75  01FF94  E1FD               	bnz	clear_0
    76  01FF96                     end_of_initialization:
    77                           	callstack 0
    78  01FF96                     __end_of__initialization:
    79                           	callstack 0
    80  01FF96  0100               	movlb	0
    81  01FF98  EFED  F0FF         	goto	_main	;jump to C main() function
    82                           
    83                           	psect	bssCOMRAM
    84  000501                     __pbssCOMRAM:
    85                           	callstack 0
    86  000501                     _G_u32SystemFlags:
    87                           	callstack 0
    88  000501                     	ds	4
    89  000505                     _G_u32SystemTime1s:
    90                           	callstack 0
    91  000505                     	ds	4
    92  000509                     _G_u32SystemTime1ms:
    93                           	callstack 0
    94  000509                     	ds	4
    95  00050D                     _G_u8UserAppFlags:
    96                           	callstack 0
    97  00050D                     	ds	1
    98                           
    99                           	psect	cstackCOMRAM
   100  00050E                     __pcstackCOMRAM:
   101                           	callstack 0
   102  00050E                     ??_UserAppRun:
   103  00050E                     
   104                           ; 1 bytes @ 0x0
   105  00050E                     	ds	6
   106  000514                     
   107                           ; 1 bytes @ 0x6
   108 ;;
   109 ;;Main: autosize = 0, tempsize = 0, incstack = 0, save=0
   110 ;;
   111 ;; *************** function _main *****************
   112 ;; Defined at:
   113 ;;		line 35 in file "main.c"
   114 ;; Parameters:    Size  Location     Type
   115 ;;		None
   116 ;; Auto vars:     Size  Location     Type
   117 ;;		None
   118 ;; Return value:  Size  Location     Type
   119 ;;                  1    wreg      void 
   120 ;; Registers used:
   121 ;;		wreg, status,2, status,0, cstack
   122 ;; Tracked objects:
   123 ;;		On entry : 0/0
   124 ;;		On exit  : 0/0
   125 ;;		Unchanged: 0/0
   126 ;; Data sizes:     COMRAM   BANK5   BANK6   BANK7   BANK8   BANK9  BANK10  BANK11  BANK12  BANK13  BANK14  BANK15  BANK1
      +6  BANK17  BANK18  BANK19  BANK20  BANK21  BANK22  BANK23  BANK24  BANK25  BANK26  BANK27  BANK28  BANK29  BANK30  BANK3
      +1  BANK32  BANK33  BANK34  BANK35  BANK36  BANK37
   127 ;;      Params:         0       0       0       0       0       0       0       0       0       0       0       0       
      +0       0       0       0       0       0       0       0       0       0       0       0       0       0       0       
      +0       0       0       0       0       0       0
   128 ;;      Locals:         0       0       0       0       0       0       0       0       0       0       0       0       
      +0       0       0       0       0       0       0       0       0       0       0       0       0       0       0       
      +0       0       0       0       0       0       0
   129 ;;      Temps:          0       0       0       0       0       0       0       0       0       0       0       0       
      +0       0       0       0       0       0       0       0       0       0       0       0       0       0       0       
      +0       0       0       0       0       0       0
   130 ;;      Totals:         0       0       0       0       0       0       0       0       0       0       0       0       
      +0       0       0       0       0       0       0       0       0       0       0       0       0       0       0       
      +0       0       0       0       0       0       0
   131 ;;Total ram usage:        0 bytes
   132 ;; Hardware stack levels required when called:    1
   133 ;; This function calls:
   134 ;;		_ClockSetup
   135 ;;		_GpioSetup
   136 ;;		_SysTickSetup
   137 ;;		_SystemSleep
   138 ;;		_UserAppInitialize
   139 ;;		_UserAppRun
   140 ;; This function is called by:
   141 ;;		Startup code after reset
   142 ;; This function uses a non-reentrant model
   143 ;;
   144                           
   145                           	psect	text0
   146  01FFDA                     __ptext0:
   147                           	callstack 0
   148  01FFDA                     _main:
   149                           	callstack 127
   150  01FFDA                     
   151                           ;main.c: 37:   G_u32SystemFlags |= (u32)0x80000000;
   152  01FFDA  8E04               	bsf	(_G_u32SystemFlags+3)^(0+1280),7,c	;volatile
   153  01FFDC                     
   154                           ;main.c: 40:   ClockSetup();
   155  01FFDC  ECBA  F0FF         	call	_ClockSetup	;wreg free
   156  01FFE0                     
   157                           ;main.c: 41:   SysTickSetup();
   158  01FFE0  ECDC  F0FF         	call	_SysTickSetup	;wreg free
   159  01FFE4                     
   160                           ;main.c: 42:   GpioSetup();
   161  01FFE4  ECBD  F0FF         	call	_GpioSetup	;wreg free
   162  01FFE8                     
   163                           ;main.c: 47:   UserAppInitialize();
   164  01FFE8  ECBC  F0FF         	call	_UserAppInitialize	;wreg free
   165  01FFEC                     l772:
   166                           
   167                           ;main.c: 53:   {;main.c: 57:     UserAppRun();
   168  01FFEC  ECCE  F0FF         	call	_UserAppRun	;wreg free
   169  01FFF0                     
   170                           ;main.c: 62:     SystemSleep();
   171  01FFF0  ECBB  F0FF         	call	_SystemSleep	;wreg free
   172  01FFF4  EFF6  F0FF         	goto	l772
   173  01FFF8  EFFE  F0FF         	goto	start
   174  01FFFC                     __end_of_main:
   175                           	callstack 0
   176                           
   177 ;; *************** function _UserAppRun *****************
   178 ;; Defined at:
   179 ;;		line 95 in file "user_app.c"
   180 ;; Parameters:    Size  Location     Type
   181 ;;		None
   182 ;; Auto vars:     Size  Location     Type
   183 ;;  u32Counter      4    0        unsigned long 
   184 ;; Return value:  Size  Location     Type
   185 ;;                  1    wreg      void 
   186 ;; Registers used:
   187 ;;		wreg, status,2, status,0
   188 ;; Tracked objects:
   189 ;;		On entry : 0/0
   190 ;;		On exit  : 0/0
   191 ;;		Unchanged: 0/0
   192 ;; Data sizes:     COMRAM   BANK5   BANK6   BANK7   BANK8   BANK9  BANK10  BANK11  BANK12  BANK13  BANK14  BANK15  BANK1
      +6  BANK17  BANK18  BANK19  BANK20  BANK21  BANK22  BANK23  BANK24  BANK25  BANK26  BANK27  BANK28  BANK29  BANK30  BANK3
      +1  BANK32  BANK33  BANK34  BANK35  BANK36  BANK37
   193 ;;      Params:         0       0       0       0       0       0       0       0       0       0       0       0       
      +0       0       0       0       0       0       0       0       0       0       0       0       0       0       0       
      +0       0       0       0       0       0       0
   194 ;;      Locals:         4       0       0       0       0       0       0       0       0       0       0       0       
      +0       0       0       0       0       0       0       0       0       0       0       0       0       0       0       
      +0       0       0       0       0       0       0
   195 ;;      Temps:          2       0       0       0       0       0       0       0       0       0       0       0       
      +0       0       0       0       0       0       0       0       0       0       0       0       0       0       0       
      +0       0       0       0       0       0       0
   196 ;;      Totals:         6       0       0       0       0       0       0       0       0       0       0       0       
      +0       0       0       0       0       0       0       0       0       0       0       0       0       0       0       
      +0       0       0       0       0       0       0
   197 ;;Total ram usage:        6 bytes
   198 ;; Hardware stack levels used:    1
   199 ;; This function calls:
   200 ;;		Nothing
   201 ;; This function is called by:
   202 ;;		_main
   203 ;; This function uses a non-reentrant model
   204 ;;
   205                           
   206                           	psect	text1
   207  01FF9C                     __ptext1:
   208                           	callstack 0
   209  01FF9C                     _UserAppRun:
   210                           	callstack 127
   211  01FF9C                     
   212                           ;user_app.c: 98:     PORTA^=0x01;
   213  01FF9C  0E01               	movlw	1
   214  01FF9E  1ACE               	xorwf	206,f,c	;volatile
   215  01FFA0                     
   216                           ;user_app.c: 99:     _delay((unsigned long)((500)*(16000000/4000.0)));
   217  01FFA0  0E0B               	movlw	11
   218  01FFA2  6E0F               	movwf	(??_UserAppRun+1)^(0+1280),c
   219  01FFA4  0E26               	movlw	38
   220  01FFA6  6E0E               	movwf	??_UserAppRun^(0+1280),c
   221  01FFA8  0E5E               	movlw	94
   222  01FFAA                     u17:
   223  01FFAA  2EE8               	decfsz	wreg,f,c
   224  01FFAC  D7FE               	bra	u17
   225  01FFAE  2E0E               	decfsz	??_UserAppRun^(0+1280),f,c
   226  01FFB0  D7FC               	bra	u17
   227  01FFB2  2E0F               	decfsz	(??_UserAppRun+1)^(0+1280),f,c
   228  01FFB4  D7FA               	bra	u17
   229  01FFB6  0012               	return		;funcret
   230  01FFB8                     __end_of_UserAppRun:
   231                           	callstack 0
   232                           
   233 ;; *************** function _UserAppInitialize *****************
   234 ;; Defined at:
   235 ;;		line 76 in file "user_app.c"
   236 ;; Parameters:    Size  Location     Type
   237 ;;		None
   238 ;; Auto vars:     Size  Location     Type
   239 ;;		None
   240 ;; Return value:  Size  Location     Type
   241 ;;                  1    wreg      void 
   242 ;; Registers used:
   243 ;;		None
   244 ;; Tracked objects:
   245 ;;		On entry : 0/0
   246 ;;		On exit  : 0/0
   247 ;;		Unchanged: 0/0
   248 ;; Data sizes:     COMRAM   BANK5   BANK6   BANK7   BANK8   BANK9  BANK10  BANK11  BANK12  BANK13  BANK14  BANK15  BANK1
      +6  BANK17  BANK18  BANK19  BANK20  BANK21  BANK22  BANK23  BANK24  BANK25  BANK26  BANK27  BANK28  BANK29  BANK30  BANK3
      +1  BANK32  BANK33  BANK34  BANK35  BANK36  BANK37
   249 ;;      Params:         0       0       0       0       0       0       0       0       0       0       0       0       
      +0       0       0       0       0       0       0       0       0       0       0       0       0       0       0       
      +0       0       0       0       0       0       0
   250 ;;      Locals:         0       0       0       0       0       0       0       0       0       0       0       0       
      +0       0       0       0       0       0       0       0       0       0       0       0       0       0       0       
      +0       0       0       0       0       0       0
   251 ;;      Temps:          0       0       0       0       0       0       0       0       0       0       0       0       
      +0       0       0       0       0       0       0       0       0       0       0       0       0       0       0       
      +0       0       0       0       0       0       0
   252 ;;      Totals:         0       0       0       0       0       0       0       0       0       0       0       0       
      +0       0       0       0       0       0       0       0       0       0       0       0       0       0       0       
      +0       0       0       0       0       0       0
   253 ;;Total ram usage:        0 bytes
   254 ;; Hardware stack levels used:    1
   255 ;; This function calls:
   256 ;;		Nothing
   257 ;; This function is called by:
   258 ;;		_main
   259 ;; This function uses a non-reentrant model
   260 ;;
   261                           
   262                           	psect	text2
   263  01FF78                     __ptext2:
   264                           	callstack 0
   265  01FF78                     _UserAppInitialize:
   266                           	callstack 127
   267  01FF78  0012               	return		;funcret
   268  01FF7A                     __end_of_UserAppInitialize:
   269                           	callstack 0
   270                           
   271 ;; *************** function _SystemSleep *****************
   272 ;; Defined at:
   273 ;;		line 131 in file "encm369_pic18.c"
   274 ;; Parameters:    Size  Location     Type
   275 ;;		None
   276 ;; Auto vars:     Size  Location     Type
   277 ;;		None
   278 ;; Return value:  Size  Location     Type
   279 ;;                  1    wreg      void 
   280 ;; Registers used:
   281 ;;		None
   282 ;; Tracked objects:
   283 ;;		On entry : 0/0
   284 ;;		On exit  : 0/0
   285 ;;		Unchanged: 0/0
   286 ;; Data sizes:     COMRAM   BANK5   BANK6   BANK7   BANK8   BANK9  BANK10  BANK11  BANK12  BANK13  BANK14  BANK15  BANK1
      +6  BANK17  BANK18  BANK19  BANK20  BANK21  BANK22  BANK23  BANK24  BANK25  BANK26  BANK27  BANK28  BANK29  BANK30  BANK3
      +1  BANK32  BANK33  BANK34  BANK35  BANK36  BANK37
   287 ;;      Params:         0       0       0       0       0       0       0       0       0       0       0       0       
      +0       0       0       0       0       0       0       0       0       0       0       0       0       0       0       
      +0       0       0       0       0       0       0
   288 ;;      Locals:         0       0       0       0       0       0       0       0       0       0       0       0       
      +0       0       0       0       0       0       0       0       0       0       0       0       0       0       0       
      +0       0       0       0       0       0       0
   289 ;;      Temps:          0       0       0       0       0       0       0       0       0       0       0       0       
      +0       0       0       0       0       0       0       0       0       0       0       0       0       0       0       
      +0       0       0       0       0       0       0
   290 ;;      Totals:         0       0       0       0       0       0       0       0       0       0       0       0       
      +0       0       0       0       0       0       0       0       0       0       0       0       0       0       0       
      +0       0       0       0       0       0       0
   291 ;;Total ram usage:        0 bytes
   292 ;; Hardware stack levels used:    1
   293 ;; This function calls:
   294 ;;		Nothing
   295 ;; This function is called by:
   296 ;;		_main
   297 ;; This function uses a non-reentrant model
   298 ;;
   299                           
   300                           	psect	text3
   301  01FF76                     __ptext3:
   302                           	callstack 0
   303  01FF76                     _SystemSleep:
   304                           	callstack 127
   305  01FF76  0012               	return		;funcret
   306  01FF78                     __end_of_SystemSleep:
   307                           	callstack 0
   308                           
   309 ;; *************** function _SysTickSetup *****************
   310 ;; Defined at:
   311 ;;		line 109 in file "encm369_pic18.c"
   312 ;; Parameters:    Size  Location     Type
   313 ;;		None
   314 ;; Auto vars:     Size  Location     Type
   315 ;;		None
   316 ;; Return value:  Size  Location     Type
   317 ;;                  1    wreg      void 
   318 ;; Registers used:
   319 ;;		wreg, status,2
   320 ;; Tracked objects:
   321 ;;		On entry : 0/0
   322 ;;		On exit  : 0/0
   323 ;;		Unchanged: 0/0
   324 ;; Data sizes:     COMRAM   BANK5   BANK6   BANK7   BANK8   BANK9  BANK10  BANK11  BANK12  BANK13  BANK14  BANK15  BANK1
      +6  BANK17  BANK18  BANK19  BANK20  BANK21  BANK22  BANK23  BANK24  BANK25  BANK26  BANK27  BANK28  BANK29  BANK30  BANK3
      +1  BANK32  BANK33  BANK34  BANK35  BANK36  BANK37
   325 ;;      Params:         0       0       0       0       0       0       0       0       0       0       0       0       
      +0       0       0       0       0       0       0       0       0       0       0       0       0       0       0       
      +0       0       0       0       0       0       0
   326 ;;      Locals:         0       0       0       0       0       0       0       0       0       0       0       0       
      +0       0       0       0       0       0       0       0       0       0       0       0       0       0       0       
      +0       0       0       0       0       0       0
   327 ;;      Temps:          0       0       0       0       0       0       0       0       0       0       0       0       
      +0       0       0       0       0       0       0       0       0       0       0       0       0       0       0       
      +0       0       0       0       0       0       0
   328 ;;      Totals:         0       0       0       0       0       0       0       0       0       0       0       0       
      +0       0       0       0       0       0       0       0       0       0       0       0       0       0       0       
      +0       0       0       0       0       0       0
   329 ;;Total ram usage:        0 bytes
   330 ;; Hardware stack levels used:    1
   331 ;; This function calls:
   332 ;;		Nothing
   333 ;; This function is called by:
   334 ;;		_main
   335 ;; This function uses a non-reentrant model
   336 ;;
   337                           
   338                           	psect	text4
   339  01FFB8                     __ptext4:
   340                           	callstack 0
   341  01FFB8                     _SysTickSetup:
   342                           	callstack 127
   343  01FFB8                     
   344                           ;encm369_pic18.c: 111:   G_u32SystemTime1ms = 0;
   345  01FFB8  0E00               	movlw	0
   346  01FFBA  6E09               	movwf	_G_u32SystemTime1ms^(0+1280),c	;volatile
   347  01FFBC  0E00               	movlw	0
   348  01FFBE  6E0A               	movwf	(_G_u32SystemTime1ms+1)^(0+1280),c	;volatile
   349  01FFC0  0E00               	movlw	0
   350  01FFC2  6E0B               	movwf	(_G_u32SystemTime1ms+2)^(0+1280),c	;volatile
   351  01FFC4  0E00               	movlw	0
   352  01FFC6  6E0C               	movwf	(_G_u32SystemTime1ms+3)^(0+1280),c	;volatile
   353                           
   354                           ;encm369_pic18.c: 112:   G_u32SystemTime1s = 0;
   355  01FFC8  0E00               	movlw	0
   356  01FFCA  6E05               	movwf	_G_u32SystemTime1s^(0+1280),c	;volatile
   357  01FFCC  0E00               	movlw	0
   358  01FFCE  6E06               	movwf	(_G_u32SystemTime1s+1)^(0+1280),c	;volatile
   359  01FFD0  0E00               	movlw	0
   360  01FFD2  6E07               	movwf	(_G_u32SystemTime1s+2)^(0+1280),c	;volatile
   361  01FFD4  0E00               	movlw	0
   362  01FFD6  6E08               	movwf	(_G_u32SystemTime1s+3)^(0+1280),c	;volatile
   363  01FFD8  0012               	return		;funcret
   364  01FFDA                     __end_of_SysTickSetup:
   365                           	callstack 0
   366                           
   367 ;; *************** function _GpioSetup *****************
   368 ;; Defined at:
   369 ;;		line 89 in file "encm369_pic18.c"
   370 ;; Parameters:    Size  Location     Type
   371 ;;		None
   372 ;; Auto vars:     Size  Location     Type
   373 ;;		None
   374 ;; Return value:  Size  Location     Type
   375 ;;                  1    wreg      void 
   376 ;; Registers used:
   377 ;;		wreg, status,2
   378 ;; Tracked objects:
   379 ;;		On entry : 0/0
   380 ;;		On exit  : 0/0
   381 ;;		Unchanged: 0/0
   382 ;; Data sizes:     COMRAM   BANK5   BANK6   BANK7   BANK8   BANK9  BANK10  BANK11  BANK12  BANK13  BANK14  BANK15  BANK1
      +6  BANK17  BANK18  BANK19  BANK20  BANK21  BANK22  BANK23  BANK24  BANK25  BANK26  BANK27  BANK28  BANK29  BANK30  BANK3
      +1  BANK32  BANK33  BANK34  BANK35  BANK36  BANK37
   383 ;;      Params:         0       0       0       0       0       0       0       0       0       0       0       0       
      +0       0       0       0       0       0       0       0       0       0       0       0       0       0       0       
      +0       0       0       0       0       0       0
   384 ;;      Locals:         0       0       0       0       0       0       0       0       0       0       0       0       
      +0       0       0       0       0       0       0       0       0       0       0       0       0       0       0       
      +0       0       0       0       0       0       0
   385 ;;      Temps:          0       0       0       0       0       0       0       0       0       0       0       0       
      +0       0       0       0       0       0       0       0       0       0       0       0       0       0       0       
      +0       0       0       0       0       0       0
   386 ;;      Totals:         0       0       0       0       0       0       0       0       0       0       0       0       
      +0       0       0       0       0       0       0       0       0       0       0       0       0       0       0       
      +0       0       0       0       0       0       0
   387 ;;Total ram usage:        0 bytes
   388 ;; Hardware stack levels used:    1
   389 ;; This function calls:
   390 ;;		Nothing
   391 ;; This function is called by:
   392 ;;		_main
   393 ;; This function uses a non-reentrant model
   394 ;;
   395                           
   396                           	psect	text5
   397  01FF7A                     __ptext5:
   398                           	callstack 0
   399  01FF7A                     _GpioSetup:
   400                           	callstack 127
   401  01FF7A                     
   402                           ;encm369_pic18.c: 91:     PORTA = 0x00;
   403  01FF7A  0E00               	movlw	0
   404  01FF7C  6ECE               	movwf	206,c	;volatile
   405                           
   406                           ;encm369_pic18.c: 92:     ANSELA = 0x00;
   407  01FF7E  0E00               	movlw	0
   408  01FF80  0104               	movlb	4	; () banked
   409  01FF82  6F00               	movwf	0,b	;volatile
   410                           
   411                           ;encm369_pic18.c: 93:     TRISA = 0xFE;
   412  01FF84  0EFE               	movlw	254
   413  01FF86  6EC6               	movwf	198,c	;volatile
   414  01FF88                     
   415                           ; BSR set to: 4
   416  01FF88  0012               	return		;funcret
   417  01FF8A                     __end_of_GpioSetup:
   418                           	callstack 0
   419                           
   420 ;; *************** function _ClockSetup *****************
   421 ;; Defined at:
   422 ;;		line 70 in file "encm369_pic18.c"
   423 ;; Parameters:    Size  Location     Type
   424 ;;		None
   425 ;; Auto vars:     Size  Location     Type
   426 ;;		None
   427 ;; Return value:  Size  Location     Type
   428 ;;                  1    wreg      void 
   429 ;; Registers used:
   430 ;;		None
   431 ;; Tracked objects:
   432 ;;		On entry : 0/0
   433 ;;		On exit  : 0/0
   434 ;;		Unchanged: 0/0
   435 ;; Data sizes:     COMRAM   BANK5   BANK6   BANK7   BANK8   BANK9  BANK10  BANK11  BANK12  BANK13  BANK14  BANK15  BANK1
      +6  BANK17  BANK18  BANK19  BANK20  BANK21  BANK22  BANK23  BANK24  BANK25  BANK26  BANK27  BANK28  BANK29  BANK30  BANK3
      +1  BANK32  BANK33  BANK34  BANK35  BANK36  BANK37
   436 ;;      Params:         0       0       0       0       0       0       0       0       0       0       0       0       
      +0       0       0       0       0       0       0       0       0       0       0       0       0       0       0       
      +0       0       0       0       0       0       0
   437 ;;      Locals:         0       0       0       0       0       0       0       0       0       0       0       0       
      +0       0       0       0       0       0       0       0       0       0       0       0       0       0       0       
      +0       0       0       0       0       0       0
   438 ;;      Temps:          0       0       0       0       0       0       0       0       0       0       0       0       
      +0       0       0       0       0       0       0       0       0       0       0       0       0       0       0       
      +0       0       0       0       0       0       0
   439 ;;      Totals:         0       0       0       0       0       0       0       0       0       0       0       0       
      +0       0       0       0       0       0       0       0       0       0       0       0       0       0       0       
      +0       0       0       0       0       0       0
   440 ;;Total ram usage:        0 bytes
   441 ;; Hardware stack levels used:    1
   442 ;; This function calls:
   443 ;;		Nothing
   444 ;; This function is called by:
   445 ;;		_main
   446 ;; This function uses a non-reentrant model
   447 ;;
   448                           
   449                           	psect	text6
   450  01FF74                     __ptext6:
   451                           	callstack 0
   452  01FF74                     _ClockSetup:
   453                           	callstack 127
   454  01FF74  0012               	return		;funcret
   455  01FF76                     __end_of_ClockSetup:
   456                           	callstack 0
   457  0000                     
   458                           	psect	rparam
   459  0000                     
   460                           	psect	idloc
   461                           
   462                           ;Config register IDLOC0 @ 0x200000
   463                           ;	unspecified, using default values
   464  200000                     	org	2097152
   465  200000  0FFF               	dw	4095
   466                           
   467                           ;Config register IDLOC1 @ 0x200002
   468                           ;	unspecified, using default values
   469  200002                     	org	2097154
   470  200002  0FFF               	dw	4095
   471                           
   472                           ;Config register IDLOC2 @ 0x200004
   473                           ;	unspecified, using default values
   474  200004                     	org	2097156
   475  200004  0FFF               	dw	4095
   476                           
   477                           ;Config register IDLOC3 @ 0x200006
   478                           ;	unspecified, using default values
   479  200006                     	org	2097158
   480  200006  0FFF               	dw	4095
   481                           
   482                           ;Config register IDLOC4 @ 0x200008
   483                           ;	unspecified, using default values
   484  200008                     	org	2097160
   485  200008  0FFF               	dw	4095
   486                           
   487                           ;Config register IDLOC5 @ 0x20000A
   488                           ;	unspecified, using default values
   489  20000A                     	org	2097162
   490  20000A  0FFF               	dw	4095
   491                           
   492                           ;Config register IDLOC6 @ 0x20000C
   493                           ;	unspecified, using default values
   494  20000C                     	org	2097164
   495  20000C  0FFF               	dw	4095
   496                           
   497                           ;Config register IDLOC7 @ 0x20000E
   498                           ;	unspecified, using default values
   499  20000E                     	org	2097166
   500  20000E  0FFF               	dw	4095
   501                           
   502                           ;Config register IDLOC8 @ 0x200010
   503                           ;	unspecified, using default values
   504  200010                     	org	2097168
   505  200010  0FFF               	dw	4095
   506                           
   507                           ;Config register IDLOC9 @ 0x200012
   508                           ;	unspecified, using default values
   509  200012                     	org	2097170
   510  200012  0FFF               	dw	4095
   511                           
   512                           ;Config register IDLOC10 @ 0x200014
   513                           ;	unspecified, using default values
   514  200014                     	org	2097172
   515  200014  0FFF               	dw	4095
   516                           
   517                           ;Config register IDLOC11 @ 0x200016
   518                           ;	unspecified, using default values
   519  200016                     	org	2097174
   520  200016  0FFF               	dw	4095
   521                           
   522                           ;Config register IDLOC12 @ 0x200018
   523                           ;	unspecified, using default values
   524  200018                     	org	2097176
   525  200018  0FFF               	dw	4095
   526                           
   527                           ;Config register IDLOC13 @ 0x20001A
   528                           ;	unspecified, using default values
   529  20001A                     	org	2097178
   530  20001A  0FFF               	dw	4095
   531                           
   532                           ;Config register IDLOC14 @ 0x20001C
   533                           ;	unspecified, using default values
   534  20001C                     	org	2097180
   535  20001C  0FFF               	dw	4095
   536                           
   537                           ;Config register IDLOC15 @ 0x20001E
   538                           ;	unspecified, using default values
   539  20001E                     	org	2097182
   540  20001E  0FFF               	dw	4095
   541                           
   542                           	psect	config
   543                           
   544                           ;Config register CONFIG1 @ 0x300000
   545                           ;	External Oscillator Selection
   546                           ;	FEXTOSC = OFF, Oscillator not enabled
   547                           ;	Reset Oscillator Selection
   548                           ;	RSTOSC = HFINTOSC_64MHZ, HFINTOSC with HFFRQ = 64 MHz and CDIV = 1:1
   549  300000                     	org	3145728
   550  300000  8C                 	db	140
   551                           
   552                           ;Config register CONFIG2 @ 0x300001
   553                           ;	Clock out Enable bit
   554                           ;	CLKOUTEN = ON, CLKOUT function is enabled
   555                           ;	PRLOCKED One-Way Set Enable bit
   556                           ;	PR1WAY = ON, PRLOCKED bit can be cleared and set only once
   557                           ;	Clock Switch Enable bit
   558                           ;	CSWEN = ON, Writing to NOSC and NDIV is allowed
   559                           ;	Fail-Safe Clock Monitor Enable bit
   560                           ;	FCMEN = ON, Fail-Safe Clock Monitor enabled
   561  300001                     	org	3145729
   562  300001  FE                 	db	254
   563                           
   564                           ;Config register CONFIG3 @ 0x300002
   565                           ;	MCLR Enable bit
   566                           ;	MCLRE = EXTMCLR, If LVP = 0, MCLR pin is MCLR; If LVP = 1, RE3 pin function is MCLR
   567                           ;	Power-up timer selection bits
   568                           ;	PWRTS = PWRT_OFF, PWRT is disabled
   569                           ;	Multi-vector enable bit
   570                           ;	MVECEN = ON, Multi-vector enabled, Vector table used for interrupts
   571                           ;	IVTLOCK bit One-way set enable bit
   572                           ;	IVT1WAY = ON, IVTLOCKED bit can be cleared and set only once
   573                           ;	Low Power BOR Enable bit
   574                           ;	LPBOREN = OFF, Low-Power BOR disabled
   575                           ;	Brown-out Reset Enable bits
   576                           ;	BOREN = SBORDIS, Brown-out Reset enabled , SBOREN bit is ignored
   577  300002                     	org	3145730
   578  300002  FF                 	db	255
   579                           
   580                           ;Config register CONFIG4 @ 0x300003
   581                           ;	Brown-out Reset Voltage Selection bits
   582                           ;	BORV = VBOR_2P85, Brown-out Reset Voltage (VBOR) set to 2.8V
   583                           ;	ZCD Disable bit
   584                           ;	ZCD = OFF, ZCD module is disabled. ZCD can be enabled by setting the ZCDSEN bit of ZCD
      +                          CON
   585                           ;	PPSLOCK bit One-Way Set Enable bit
   586                           ;	PPS1WAY = ON, PPSLOCKED bit can be cleared and set only once; PPS registers remain loc
      +                          ked after one clear/set cycle
   587                           ;	Stack Full/Underflow Reset Enable bit
   588                           ;	STVREN = ON, Stack full/underflow will cause Reset
   589                           ;	Low Voltage Programming Enable bit
   590                           ;	LVP = ON, Low voltage programming enabled. MCLR/VPP pin function is MCLR. MCLRE config
      +                          uration bit is ignored
   591                           ;	Extended Instruction Set Enable bit
   592                           ;	XINST = OFF, Extended Instruction Set and Indexed Addressing Mode disabled
   593  300003                     	org	3145731
   594  300003  FC                 	db	252
   595                           
   596                           ;Config register CONFIG5 @ 0x300004
   597                           ;	WDT Period selection bits
   598                           ;	WDTCPS = WDTCPS_31, Divider ratio 1:65536; software control of WDTPS
   599                           ;	WDT operating mode
   600                           ;	WDTE = OFF, WDT Disabled; SWDTEN is ignored
   601  300004                     	org	3145732
   602  300004  9F                 	db	159
   603                           
   604                           ;Config register CONFIG6 @ 0x300005
   605                           ;	WDT Window Select bits
   606                           ;	WDTCWS = WDTCWS_7, window always open (100%); software control; keyed access not requi
      +                          red
   607                           ;	WDT input clock selector
   608                           ;	WDTCCS = SC, Software Control
   609  300005                     	org	3145733
   610  300005  FF                 	db	255
   611                           
   612                           ;Config register CONFIG7 @ 0x300006
   613                           ;	Boot Block Size selection bits
   614                           ;	BBSIZE = BBSIZE_512, Boot Block size is 512 words
   615                           ;	Boot Block enable bit
   616                           ;	BBEN = OFF, Boot block disabled
   617                           ;	Storage Area Flash enable bit
   618                           ;	SAFEN = OFF, SAF disabled
   619                           ;	Background Debugger
   620                           ;	DEBUG = OFF, Background Debugger disabled
   621  300006                     	org	3145734
   622  300006  FF                 	db	255
   623                           
   624                           ;Config register CONFIG8 @ 0x300007
   625                           ;	Boot Block Write Protection bit
   626                           ;	WRTB = OFF, Boot Block not Write protected
   627                           ;	Configuration Register Write Protection bit
   628                           ;	WRTC = OFF, Configuration registers not Write protected
   629                           ;	Data EEPROM Write Protection bit
   630                           ;	WRTD = OFF, Data EEPROM not Write protected
   631                           ;	SAF Write protection bit
   632                           ;	WRTSAF = OFF, SAF not Write Protected
   633                           ;	Application Block write protection bit
   634                           ;	WRTAPP = OFF, Application Block not write protected
   635  300007                     	org	3145735
   636  300007  FF                 	db	255
   637                           
   638                           ; Padding undefined space
   639  300008                     	org	3145736
   640  300008  FF                 	db	255
   641                           
   642                           ;Config register CONFIG10 @ 0x300009
   643                           ;	PFM and Data EEPROM Code Protection bit
   644                           ;	CP = OFF, PFM and Data EEPROM code protection disabled
   645  300009                     	org	3145737
   646  300009  FF                 	db	255
   647                           tosu	equ	0x4FF
   648                           tosh	equ	0x4FE
   649                           tosl	equ	0x4FD
   650                           stkptr	equ	0x4FC
   651                           pclatu	equ	0x4FB
   652                           pclath	equ	0x4FA
   653                           pcl	equ	0x4F9
   654                           tblptru	equ	0x4F8
   655                           tblptrh	equ	0x4F7
   656                           tblptrl	equ	0x4F6
   657                           tablat	equ	0x4F5
   658                           prodh	equ	0x4F4
   659                           prodl	equ	0x4F3
   660                           indf0	equ	0x4EF
   661                           postinc0	equ	0x4EE
   662                           postdec0	equ	0x4ED
   663                           preinc0	equ	0x4EC
   664                           plusw0	equ	0x4EB
   665                           fsr0h	equ	0x4EA
   666                           fsr0l	equ	0x4E9
   667                           wreg	equ	0x4E8
   668                           indf1	equ	0x4E7
   669                           postinc1	equ	0x4E6
   670                           postdec1	equ	0x4E5
   671                           preinc1	equ	0x4E4
   672                           plusw1	equ	0x4E3
   673                           fsr1h	equ	0x4E2
   674                           fsr1l	equ	0x4E1
   675                           bsr	equ	0x4E0
   676                           indf2	equ	0x4DF
   677                           postinc2	equ	0x4DE
   678                           postdec2	equ	0x4DD
   679                           preinc2	equ	0x4DC
   680                           plusw2	equ	0x4DB
   681                           fsr2h	equ	0x4DA
   682                           fsr2l	equ	0x4D9
   683                           status	equ	0x4D8

Data Sizes:
    Strings     0
    Constant    0
    Data        0
    BSS         13
    Persistent  0
    Stack       0

Auto Spaces:
    Space          Size  Autos    Used
    COMRAM           95      6      19
    BANK5           160      0       0
    BANK6           256      0       0
    BANK7           256      0       0
    BANK8           256      0       0
    BANK9           256      0       0
    BANK10          256      0       0
    BANK11          256      0       0
    BANK12          256      0       0
    BANK13          256      0       0
    BANK14          256      0       0
    BANK15          256      0       0
    BANK16          256      0       0
    BANK17          256      0       0
    BANK18          256      0       0
    BANK19          256      0       0
    BANK20          256      0       0
    BANK21          256      0       0
    BANK22          256      0       0
    BANK23          256      0       0
    BANK24          256      0       0
    BANK25          256      0       0
    BANK26          256      0       0
    BANK27          256      0       0
    BANK28          256      0       0
    BANK29          256      0       0
    BANK30          256      0       0
    BANK31          256      0       0
    BANK32          256      0       0
    BANK33          256      0       0
    BANK34          256      0       0
    BANK35          256      0       0
    BANK36          256      0       0
    BANK37          256      0       0

Pointer List with Targets:

    None.

Critical Paths under _main in COMRAM

    _main->_UserAppRun

Critical Paths under _main in BANK5

    None.

Critical Paths under _main in BANK6

    None.

Critical Paths under _main in BANK7

    None.

Critical Paths under _main in BANK8

    None.

Critical Paths under _main in BANK9

    None.

Critical Paths under _main in BANK10

    None.

Critical Paths under _main in BANK11

    None.

Critical Paths under _main in BANK12

    None.

Critical Paths under _main in BANK13

    None.

Critical Paths under _main in BANK14

    None.

Critical Paths under _main in BANK15

    None.

Critical Paths under _main in BANK16

    None.

Critical Paths under _main in BANK17

    None.

Critical Paths under _main in BANK18

    None.

Critical Paths under _main in BANK19

    None.

Critical Paths under _main in BANK20

    None.

Critical Paths under _main in BANK21

    None.

Critical Paths under _main in BANK22

    None.

Critical Paths under _main in BANK23

    None.

Critical Paths under _main in BANK24

    None.

Critical Paths under _main in BANK25

    None.

Critical Paths under _main in BANK26

    None.

Critical Paths under _main in BANK27

    None.

Critical Paths under _main in BANK28

    None.

Critical Paths under _main in BANK29

    None.

Critical Paths under _main in BANK30

    None.

Critical Paths under _main in BANK31

    None.

Critical Paths under _main in BANK32

    None.

Critical Paths under _main in BANK33

    None.

Critical Paths under _main in BANK34

    None.

Critical Paths under _main in BANK35

    None.

Critical Paths under _main in BANK36

    None.

Critical Paths under _main in BANK37

    None.

Call Graph Tables:

 ---------------------------------------------------------------------------------
 (Depth) Function   	        Calls       Base Space   Used Autos Params    Refs
 ---------------------------------------------------------------------------------
 (0) _main                                                 0     0      0       0
                         _ClockSetup
                          _GpioSetup
                       _SysTickSetup
                        _SystemSleep
                  _UserAppInitialize
                         _UserAppRun
 ---------------------------------------------------------------------------------
 (1) _UserAppRun                                           6     6      0       0
                                              0 COMRAM     6     6      0
 ---------------------------------------------------------------------------------
 (1) _UserAppInitialize                                    0     0      0       0
 ---------------------------------------------------------------------------------
 (1) _SystemSleep                                          0     0      0       0
 ---------------------------------------------------------------------------------
 (1) _SysTickSetup                                         0     0      0       0
 ---------------------------------------------------------------------------------
 (1) _GpioSetup                                            0     0      0       0
 ---------------------------------------------------------------------------------
 (1) _ClockSetup                                           0     0      0       0
 ---------------------------------------------------------------------------------
 Estimated maximum stack depth 1
 ---------------------------------------------------------------------------------

 Call Graph Graphs:

 _main (ROOT)
   _ClockSetup
   _GpioSetup
   _SysTickSetup
   _SystemSleep
   _UserAppInitialize
   _UserAppRun

 Address spaces:
Name               Size   Autos  Total    Cost      Usage
BIGRAM            20FF      0       0      71        0.0%
EEDATA             400      0       0       0        0.0%
BITBANK37          100      0       0      70        0.0%
BANK37             100      0       0      68        0.0%
BITBANK36          100      0       0      66        0.0%
BANK36             100      0       0      67        0.0%
BITBANK35          100      0       0      64        0.0%
BANK35             100      0       0      65        0.0%
BITBANK34          100      0       0      62        0.0%
BANK34             100      0       0      63        0.0%
BITBANK33          100      0       0      60        0.0%
BANK33             100      0       0      61        0.0%
BITBANK32          100      0       0      58        0.0%
BANK32             100      0       0      59        0.0%
BITBANK31          100      0       0      56        0.0%
BANK31             100      0       0      57        0.0%
BITBANK30          100      0       0      54        0.0%
BANK30             100      0       0      55        0.0%
BITBANK29          100      0       0      52        0.0%
BANK29             100      0       0      53        0.0%
BITBANK28          100      0       0      50        0.0%
BANK28             100      0       0      51        0.0%
BITBANK27          100      0       0      48        0.0%
BANK27             100      0       0      49        0.0%
BITBANK26          100      0       0      46        0.0%
BANK26             100      0       0      47        0.0%
BITBANK25          100      0       0      44        0.0%
BANK25             100      0       0      45        0.0%
BITBANK24          100      0       0      42        0.0%
BANK24             100      0       0      43        0.0%
BITBANK23          100      0       0      40        0.0%
BANK23             100      0       0      41        0.0%
BITBANK22          100      0       0      38        0.0%
BANK22             100      0       0      39        0.0%
BITBANK21          100      0       0      36        0.0%
BANK21             100      0       0      37        0.0%
BITBANK20          100      0       0      34        0.0%
BANK20             100      0       0      35        0.0%
BITBANK19          100      0       0      32        0.0%
BANK19             100      0       0      33        0.0%
BITBANK18          100      0       0      30        0.0%
BANK18             100      0       0      31        0.0%
BITBANK17          100      0       0      28        0.0%
BANK17             100      0       0      29        0.0%
BITBANK16          100      0       0      26        0.0%
BANK16             100      0       0      27        0.0%
BITBANK15          100      0       0      24        0.0%
BANK15             100      0       0      25        0.0%
BITBANK14          100      0       0      22        0.0%
BANK14             100      0       0      23        0.0%
BITBANK13          100      0       0      20        0.0%
BANK13             100      0       0      21        0.0%
BITBANK12          100      0       0      18        0.0%
BANK12             100      0       0      19        0.0%
BITBANK11          100      0       0      16        0.0%
BANK11             100      0       0      17        0.0%
BITBANK10          100      0       0      14        0.0%
BANK10             100      0       0      15        0.0%
BITBANK9           100      0       0      12        0.0%
BANK9              100      0       0      13        0.0%
BITBANK8           100      0       0      10        0.0%
BANK8              100      0       0      11        0.0%
BITBANK7           100      0       0       8        0.0%
BANK7              100      0       0       9        0.0%
BITBANK6           100      0       0       6        0.0%
BANK6              100      0       0       7        0.0%
BITBANK5            A0      0       0       4        0.0%
BANK5               A0      0       0       5        0.0%
BITCOMRAM           5F      0       0       0        0.0%
COMRAM              5F      6      13       1       20.0%
BITSFR_5             0      0       0     200        0.0%
SFR_5                0      0       0     200        0.0%
BITSFR_4             0      0       0     200        0.0%
SFR_4                0      0       0     200        0.0%
BITSFR_3             0      0       0     200        0.0%
SFR_3                0      0       0     200        0.0%
BITSFR_2             0      0       0     200        0.0%
SFR_2                0      0       0     200        0.0%
BITSFR_1             0      0       0     200        0.0%
SFR_1                0      0       0     200        0.0%
BITSFR               0      0       0     200        0.0%
SFR                  0      0       0     200        0.0%
STACK                0      0       0       2        0.0%
NULL                 0      0       0       0        0.0%
ABS                  0      0      13      69        0.0%
DATA                 0      0      13       3        0.0%
CODE                 0      0       0       0        0.0%


Microchip Technology PIC18 Macro Assembler V2.31 build 20201012212115 
Symbol Table                                                                                   Thu Jan 28 12:55:43 2021

     __size_of_SysTickSetup 0022                          l13 FF74                          l22 FF76  
                        l16 FF88                          l19 FFD8                          l60 FFB6  
                        l57 FF78                          u17 FFAA                         l740 FF9C  
                       l742 FF9C                         l736 FF7A                         l760 FFB8  
                       l744 FFA0                         l770 FFE8                         l762 FFDA  
                       l772 FFEC                         l764 FFDC                         l774 FFF0  
                       l766 FFE0                         l768 FFE4                         wreg 0004E8  
                      _main FFDA                _SysTickSetup FFB8                        start FFFC  
      __size_of_SystemSleep 0002                ___param_bank 000000                  _ClockSetup FF74  
                     ?_main 050E                       _PORTA 0004CE                       _TRISA 0004C6  
           __initialization FF8A                __end_of_main FFFC                      ??_main 0514  
             __activetblptr 000000                      _ANSELA 000400          __size_of_GpioSetup 0010  
               ?_ClockSetup 050E                      clear_0 FF90                  _UserAppRun FF9C  
                __accesstop 0560     __end_of__initialization FF96               ___rparam_used 000001  
          _G_u8UserAppFlags 050D              __pcstackCOMRAM 050E           __end_of_GpioSetup FF8A  
       __size_of_ClockSetup 0002                 ?_UserAppRun 050E               ??_SystemSleep 050E  
                   __Hparam 0000                     __Lparam 0000                     __pcinit FF8A  
                   __ramtop 2600                     __ptext0 FFDA                     __ptext1 FF9C  
                   __ptext2 FF78                     __ptext3 FF76                     __ptext4 FFB8  
                   __ptext5 FF7A                     __ptext6 FF74        end_of_initialization FF96  
          _G_u32SystemFlags 0501                     postinc0 0004EE         __end_of_SystemSleep FF78  
              ??_ClockSetup 050E         __size_of_UserAppRun 001C          __end_of_ClockSetup FF76  
                 _GpioSetup FF7A         start_initialization FF8A               ?_SysTickSetup 050E  
               _SystemSleep FF76                  ?_GpioSetup 050E                 __pbssCOMRAM 0501  
         _UserAppInitialize FF78                ??_UserAppRun 050E          ?_UserAppInitialize 050E  
            ??_SysTickSetup 050E         ??_UserAppInitialize 050E          __end_of_UserAppRun FFB8  
 __end_of_UserAppInitialize FF7A                 ??_GpioSetup 050E                    __Hrparam 0000  
                  __Lrparam 0000        __end_of_SysTickSetup FFDA  __size_of_UserAppInitialize 0002  
             __size_of_main 0022                ?_SystemSleep 050E          _G_u32SystemTime1ms 0509  
         _G_u32SystemTime1s 0505  
