

Microchip MPLAB XC8 Assembler V2.31 build 20201012212115 
                                                                                               Thu Mar 04 21:49:37 2021

Microchip MPLAB XC8 C Compiler v2.31 (Free license) build 20201012212115 Og1 
     1                           	processor	18F27Q43
     2                           	fnconf	rparam,??,?,0
     3                           	pagewidth 120
     4                           	opt	flic
     5                           	psect	idataCOMRAM,global,class=CODE,delta=1,noexec
     6                           	psect	cinit,global,reloc=2,class=CODE,delta=1
     7                           	psect	bssCOMRAM,global,class=COMRAM,space=1,delta=1,lowdata,noexec
     8                           	psect	dataCOMRAM,global,class=COMRAM,space=1,delta=1,lowdata,noexec
     9                           	psect	cstackCOMRAM,global,class=COMRAM,space=1,delta=1,lowdata,noexec
    10                           	psect	text0,global,reloc=2,class=CODE,delta=1
    11                           	psect	text1,global,reloc=2,class=CODE,delta=1
    12                           	psect	text2,global,reloc=2,class=CODE,delta=1
    13                           	psect	text3,global,reloc=2,class=CODE,delta=1
    14                           	psect	text4,global,reloc=2,class=CODE,delta=1
    15                           	psect	text5,global,reloc=2,class=CODE,delta=1
    16                           	psect	text6,global,reloc=2,class=CODE,delta=1
    17                           	psect	text7,global,reloc=2,class=CODE,delta=1
    18                           	psect	intsave_regs,global,class=BIGRAM,space=1,delta=1,noexec
    19                           	psect	rparam,global,class=COMRAM,space=1,delta=1,noexec
    20                           	psect	idloc,global,abs,ovrld,class=IDLOC,space=5,delta=1,noexec
    21                           	psect	config,global,abs,ovrld,class=CONFIG,space=4,delta=1,noexec
    22  0000                     
    23                           ; Version 2.30
    24                           ; Generated 20/08/2020 GMT
    25                           ; 
    26                           ; Copyright © 2020, Microchip Technology Inc. and its subsidiaries ("Microchip")
    27                           ; All rights reserved.
    28                           ; 
    29                           ; This software is developed by Microchip Technology Inc. and its subsidiaries ("Microch
      +                          ip").
    30                           ; 
    31                           ; Redistribution and use in source and binary forms, with or without modification, are
    32                           ; permitted provided that the following conditions are met:
    33                           ; 
    34                           ;     1. Redistributions of source code must retain the above copyright notice, this lis
      +                          t of
    35                           ;        conditions and the following disclaimer.
    36                           ; 
    37                           ;     2. Redistributions in binary form must reproduce the above copyright notice, this 
      +                          list
    38                           ;        of conditions and the following disclaimer in the documentation and/or other
    39                           ;        materials provided with the distribution. Publication is not required when
    40                           ;        this file is used in an embedded application.
    41                           ; 
    42                           ;     3. Microchip's name may not be used to endorse or promote products derived from th
      +                          is
    43                           ;        software without specific prior written permission.
    44                           ; 
    45                           ; THIS SOFTWARE IS PROVIDED BY MICROCHIP "AS IS" AND ANY EXPRESS OR IMPLIED WARRANTIES,
    46                           ; INCLUDING, BUT NOT LIMITED TO, THE IMPLIED WARRANTIES OF MERCHANTABILITY AND FITNESS F
      +                          OR
    47                           ; PURPOSE ARE DISCLAIMED.  IN NO EVENT SHALL MICROCHIP BE LIABLE FOR ANY DIRECT, INDIREC
      +                          T,
    48                           ; INCIDENTAL, SPECIAL, EXEMPLARY, OR CONSEQUENTIAL DAMAGES (INCLUDING BUT NOT LIMITED TO
    49                           ; PROCUREMENT OF SUBSTITUTE GOODS OR SERVICES; LOSS OF USE, DATA OR PROFITS; OR BUSINESS
    50                           ; INTERRUPTION) HOWSOEVER CAUSED AND ON ANY THEORY OF LIABILITY, WHETHER IN CONTRACT, ST
      +                          RICT
    51                           ; LIABILITY, OR TORT (INCLUDING NEGLIGENCE OR OTHERWISE) ARISING IN ANY WAY OUT OF THE U
      +                          SE OF
    52                           ; THIS SOFTWARE, EVEN IF ADVISED OF THE POSSIBILITY OF SUCH DAMAGE.
    53                           ; 
    54                           ; 
    55                           ; Code-generator required, PIC18F27Q43 Definitions
    56                           ; 
    57                           ; SFR Addresses
    58  0000                     
    59                           	psect	idataCOMRAM
    60  01FF17                     __pidataCOMRAM:
    61                           	callstack 0
    62                           
    63                           ;initializer for _u8LedCounter
    64  01FF17  80                 	db	128
    65  0000                     _TMR0L	set	792
    66  0000                     _TMR0H	set	793
    67  0000                     _T0CON1	set	795
    68  0000                     _T0CON0	set	794
    69  0000                     _ANSELA	set	1024
    70  0000                     _PIR3bits	set	1201
    71  0000                     _TRISA	set	1222
    72  0000                     _LATA	set	1214
    73                           
    74                           ; #config settings
    75                           
    76                           	psect	cinit
    77  01FF96                     __pcinit:
    78                           	callstack 0
    79  01FF96                     start_initialization:
    80                           	callstack 0
    81  01FF96                     __initialization:
    82                           	callstack 0
    83                           
    84                           ; Initialize objects allocated to COMRAM (1 bytes)
    85                           ; load TBLPTR registers with __pidataCOMRAM
    86  01FF96  0E17               	movlw	low __pidataCOMRAM
    87  01FF98  6EF6               	movwf	tblptrl,c
    88  01FF9A  0EFF               	movlw	high __pidataCOMRAM
    89  01FF9C  6EF7               	movwf	tblptrh,c
    90  01FF9E  0E01               	movlw	low (__pidataCOMRAM shr (0+16))
    91  01FFA0  6EF8               	movwf	tblptru,c
    92  01FFA2  0009               	tblrd		*+	;fetch initializer
    93  01FFA4  0061 F3D4  F512    	movff	tablat,__pdataCOMRAM
    94                           
    95                           ; Clear objects allocated to COMRAM (13 bytes)
    96  01FFAA  EE01  F101         	lfsr	0,__pbssCOMRAM
    97  01FFAE  0E0D               	movlw	13
    98  01FFB0                     clear_0:
    99  01FFB0  6AEE               	clrf	postinc0,c
   100  01FFB2  06E8               	decf	wreg,f,c
   101  01FFB4  E1FD               	bnz	clear_0
   102  01FFB6                     end_of_initialization:
   103                           	callstack 0
   104  01FFB6                     __end_of__initialization:
   105                           	callstack 0
   106  01FFB6  0100               	movlb	0
   107  01FFB8  EFDE  F0FF         	goto	_main	;jump to C main() function
   108                           
   109                           	psect	bssCOMRAM
   110  000501                     __pbssCOMRAM:
   111                           	callstack 0
   112  000501                     _G_u32SystemFlags:
   113                           	callstack 0
   114  000501                     	ds	4
   115  000505                     _G_u32SystemTime1s:
   116                           	callstack 0
   117  000505                     	ds	4
   118  000509                     _G_u32SystemTime1ms:
   119                           	callstack 0
   120  000509                     	ds	4
   121  00050D                     _G_u8UserAppFlags:
   122                           	callstack 0
   123  00050D                     	ds	1
   124                           
   125                           	psect	dataCOMRAM
   126  000512                     __pdataCOMRAM:
   127                           	callstack 0
   128  000512                     _u8LedCounter:
   129                           	callstack 0
   130  000512                     	ds	1
   131                           
   132                           	psect	cstackCOMRAM
   133  00050E                     __pcstackCOMRAM:
   134                           	callstack 0
   135  00050E                     TimeXus@User_Input:
   136                           	callstack 0
   137                           
   138                           ; 2 bytes @ 0x0
   139  00050E                     	ds	2
   140  000510                     
   141                           ; 1 bytes @ 0x2
   142  000510                     	ds	2
   143  000512                     
   144                           ; 1 bytes @ 0x4
   145 ;;
   146 ;;Main: autosize = 0, tempsize = 0, incstack = 0, save=0
   147 ;;
   148 ;; *************** function _main *****************
   149 ;; Defined at:
   150 ;;		line 35 in file "main.c"
   151 ;; Parameters:    Size  Location     Type
   152 ;;		None
   153 ;; Auto vars:     Size  Location     Type
   154 ;;		None
   155 ;; Return value:  Size  Location     Type
   156 ;;                  1    wreg      void 
   157 ;; Registers used:
   158 ;;		wreg, status,2, status,0, cstack
   159 ;; Tracked objects:
   160 ;;		On entry : 0/0
   161 ;;		On exit  : 0/0
   162 ;;		Unchanged: 0/0
   163 ;; Data sizes:     COMRAM   BANK5   BANK6   BANK7   BANK8   BANK9  BANK10  BANK11  BANK12  BANK13  BANK14  BANK15  BANK1
      +6  BANK17  BANK18  BANK19  BANK20  BANK21  BANK22  BANK23  BANK24  BANK25  BANK26  BANK27  BANK28  BANK29  BANK30  BANK3
      +1  BANK32  BANK33  BANK34  BANK35  BANK36  BANK37
   164 ;;      Params:         0       0       0       0       0       0       0       0       0       0       0       0       
      +0       0       0       0       0       0       0       0       0       0       0       0       0       0       0       
      +0       0       0       0       0       0       0
   165 ;;      Locals:         0       0       0       0       0       0       0       0       0       0       0       0       
      +0       0       0       0       0       0       0       0       0       0       0       0       0       0       0       
      +0       0       0       0       0       0       0
   166 ;;      Temps:          0       0       0       0       0       0       0       0       0       0       0       0       
      +0       0       0       0       0       0       0       0       0       0       0       0       0       0       0       
      +0       0       0       0       0       0       0
   167 ;;      Totals:         0       0       0       0       0       0       0       0       0       0       0       0       
      +0       0       0       0       0       0       0       0       0       0       0       0       0       0       0       
      +0       0       0       0       0       0       0
   168 ;;Total ram usage:        0 bytes
   169 ;; Hardware stack levels required when called:    1
   170 ;; This function calls:
   171 ;;		_ClockSetup
   172 ;;		_GpioSetup
   173 ;;		_SysTickSetup
   174 ;;		_SystemSleep
   175 ;;		_TimeXus
   176 ;;		_UserAppInitialize
   177 ;;		_UserAppRun
   178 ;; This function is called by:
   179 ;;		Startup code after reset
   180 ;; This function uses a non-reentrant model
   181 ;;
   182                           
   183                           	psect	text0
   184  01FFBC                     __ptext0:
   185                           	callstack 0
   186  01FFBC                     _main:
   187                           	callstack 127
   188  01FFBC                     
   189                           ;main.c: 37:   G_u32SystemFlags |= (u32)0x80000000;
   190  01FFBC  8E04               	bsf	(_G_u32SystemFlags+3)^(0+1280),7,c	;volatile
   191  01FFBE                     
   192                           ;main.c: 40:   ClockSetup();
   193  01FFBE  EC8C  F0FF         	call	_ClockSetup	;wreg free
   194  01FFC2                     
   195                           ;main.c: 41:   SysTickSetup();
   196  01FFC2  ECA9  F0FF         	call	_SysTickSetup	;wreg free
   197  01FFC6                     
   198                           ;main.c: 42:   GpioSetup();
   199  01FFC6  EC8E  F0FF         	call	_GpioSetup	;wreg free
   200  01FFCA                     
   201                           ;main.c: 47:   UserAppInitialize();
   202  01FFCA  EC9F  F0FF         	call	_UserAppInitialize	;wreg free
   203  01FFCE                     l826:
   204                           
   205                           ;main.c: 53:   {;main.c: 57:     UserAppRun();
   206  01FFCE  ECBA  F0FF         	call	_UserAppRun	;wreg free
   207  01FFD2                     
   208                           ;main.c: 58:     SystemSleep();
   209  01FFD2  EC8D  F0FF         	call	_SystemSleep	;wreg free
   210  01FFD6                     
   211                           ;main.c: 60:     TimeXus(0x03E8);
   212  01FFD6  0E03               	movlw	3
   213  01FFD8  6E0F               	movwf	(TimeXus@User_Input+1)^(0+1280),c
   214  01FFDA  0EE8               	movlw	232
   215  01FFDC  6E0E               	movwf	TimeXus@User_Input^(0+1280),c
   216  01FFDE  EC96  F0FF         	call	_TimeXus	;wreg free
   217  01FFE2                     l50:
   218                           
   219                           ;main.c: 62:     while(PIR3bits.TMR0IF!=1)
   220  01FFE2  AEB1               	btfss	177,7,c	;volatile
   221  01FFE4  EFF6  F0FF         	goto	u31
   222  01FFE8  EFF8  F0FF         	goto	u30
   223  01FFEC                     u31:
   224  01FFEC  EFF1  F0FF         	goto	l50
   225  01FFF0                     u30:
   226  01FFF0                     
   227                           ;main.c: 67:     SystemSleep();
   228  01FFF0  EC8D  F0FF         	call	_SystemSleep	;wreg free
   229  01FFF4  EFE7  F0FF         	goto	l826
   230  01FFF8  EFFE  F0FF         	goto	start
   231  01FFFC                     __end_of_main:
   232                           	callstack 0
   233                           
   234 ;; *************** function _UserAppRun *****************
   235 ;; Defined at:
   236 ;;		line 99 in file "user_app.c"
   237 ;; Parameters:    Size  Location     Type
   238 ;;		None
   239 ;; Auto vars:     Size  Location     Type
   240 ;;		None
   241 ;; Return value:  Size  Location     Type
   242 ;;                  1    wreg      void 
   243 ;; Registers used:
   244 ;;		wreg, status,2, status,0
   245 ;; Tracked objects:
   246 ;;		On entry : 0/0
   247 ;;		On exit  : 0/0
   248 ;;		Unchanged: 0/0
   249 ;; Data sizes:     COMRAM   BANK5   BANK6   BANK7   BANK8   BANK9  BANK10  BANK11  BANK12  BANK13  BANK14  BANK15  BANK1
      +6  BANK17  BANK18  BANK19  BANK20  BANK21  BANK22  BANK23  BANK24  BANK25  BANK26  BANK27  BANK28  BANK29  BANK30  BANK3
      +1  BANK32  BANK33  BANK34  BANK35  BANK36  BANK37
   250 ;;      Params:         0       0       0       0       0       0       0       0       0       0       0       0       
      +0       0       0       0       0       0       0       0       0       0       0       0       0       0       0       
      +0       0       0       0       0       0       0
   251 ;;      Locals:         0       0       0       0       0       0       0       0       0       0       0       0       
      +0       0       0       0       0       0       0       0       0       0       0       0       0       0       0       
      +0       0       0       0       0       0       0
   252 ;;      Temps:          0       0       0       0       0       0       0       0       0       0       0       0       
      +0       0       0       0       0       0       0       0       0       0       0       0       0       0       0       
      +0       0       0       0       0       0       0
   253 ;;      Totals:         0       0       0       0       0       0       0       0       0       0       0       0       
      +0       0       0       0       0       0       0       0       0       0       0       0       0       0       0       
      +0       0       0       0       0       0       0
   254 ;;Total ram usage:        0 bytes
   255 ;; Hardware stack levels used:    1
   256 ;; This function calls:
   257 ;;		Nothing
   258 ;; This function is called by:
   259 ;;		_main
   260 ;; This function uses a non-reentrant model
   261 ;;
   262                           
   263                           	psect	text1
   264  01FF74                     __ptext1:
   265                           	callstack 0
   266  01FF74                     _UserAppRun:
   267                           	callstack 127
   268  01FF74                     
   269                           ;user_app.c: 102:     if (u8LedCounter < 0xbf)
   270  01FF74  0EBF               	movlw	191
   271  01FF76  6012               	cpfslt	_u8LedCounter^(0+1280),c
   272  01FF78  EFC0  F0FF         	goto	u11
   273  01FF7C  EFC2  F0FF         	goto	u10
   274  01FF80                     u11:
   275  01FF80  EFC5  F0FF         	goto	l768
   276  01FF84                     u10:
   277  01FF84                     
   278                           ;user_app.c: 103:     {;user_app.c: 104:         u8LedCounter++;
   279  01FF84  2A12               	incf	_u8LedCounter^(0+1280),f,c
   280                           
   281                           ;user_app.c: 105:     }
   282  01FF86  EFC7  F0FF         	goto	l770
   283  01FF8A                     l768:
   284                           
   285                           ;user_app.c: 107:     {;user_app.c: 108:         u8LedCounter = 0x80;
   286  01FF8A  0E80               	movlw	128
   287  01FF8C  6E12               	movwf	_u8LedCounter^(0+1280),c
   288  01FF8E                     l770:
   289                           
   290                           ;user_app.c: 110:     LATA = u8LedCounter;
   291  01FF8E  0061  F448  F4BE   	movff	_u8LedCounter,1214	;volatile
   292  01FF94  0012               	return		;funcret
   293  01FF96                     __end_of_UserAppRun:
   294                           	callstack 0
   295                           
   296 ;; *************** function _UserAppInitialize *****************
   297 ;; Defined at:
   298 ;;		line 77 in file "user_app.c"
   299 ;; Parameters:    Size  Location     Type
   300 ;;		None
   301 ;; Auto vars:     Size  Location     Type
   302 ;;		None
   303 ;; Return value:  Size  Location     Type
   304 ;;                  1    wreg      void 
   305 ;; Registers used:
   306 ;;		wreg, status,2
   307 ;; Tracked objects:
   308 ;;		On entry : 0/0
   309 ;;		On exit  : 0/0
   310 ;;		Unchanged: 0/0
   311 ;; Data sizes:     COMRAM   BANK5   BANK6   BANK7   BANK8   BANK9  BANK10  BANK11  BANK12  BANK13  BANK14  BANK15  BANK1
      +6  BANK17  BANK18  BANK19  BANK20  BANK21  BANK22  BANK23  BANK24  BANK25  BANK26  BANK27  BANK28  BANK29  BANK30  BANK3
      +1  BANK32  BANK33  BANK34  BANK35  BANK36  BANK37
   312 ;;      Params:         0       0       0       0       0       0       0       0       0       0       0       0       
      +0       0       0       0       0       0       0       0       0       0       0       0       0       0       0       
      +0       0       0       0       0       0       0
   313 ;;      Locals:         0       0       0       0       0       0       0       0       0       0       0       0       
      +0       0       0       0       0       0       0       0       0       0       0       0       0       0       0       
      +0       0       0       0       0       0       0
   314 ;;      Temps:          0       0       0       0       0       0       0       0       0       0       0       0       
      +0       0       0       0       0       0       0       0       0       0       0       0       0       0       0       
      +0       0       0       0       0       0       0
   315 ;;      Totals:         0       0       0       0       0       0       0       0       0       0       0       0       
      +0       0       0       0       0       0       0       0       0       0       0       0       0       0       0       
      +0       0       0       0       0       0       0
   316 ;;Total ram usage:        0 bytes
   317 ;; Hardware stack levels used:    1
   318 ;; This function calls:
   319 ;;		Nothing
   320 ;; This function is called by:
   321 ;;		_main
   322 ;; This function uses a non-reentrant model
   323 ;;
   324                           
   325                           	psect	text2
   326  01FF3E                     __ptext2:
   327                           	callstack 0
   328  01FF3E                     _UserAppInitialize:
   329                           	callstack 127
   330  01FF3E                     
   331                           ;user_app.c: 79:     T0CON0 = 0x90;
   332  01FF3E  0E90               	movlw	144
   333  01FF40  0103               	movlb	3	; () banked
   334  01FF42  6F1A               	movwf	26,b	;volatile
   335                           
   336                           ;user_app.c: 80:     T0CON1 = 0x44;
   337  01FF44  0E44               	movlw	68
   338  01FF46  6F1B               	movwf	27,b	;volatile
   339                           
   340                           ;user_app.c: 81:     TMR0H = 0x00;
   341  01FF48  0E00               	movlw	0
   342  01FF4A  6F19               	movwf	25,b	;volatile
   343                           
   344                           ;user_app.c: 82:     TMR0L = 0x00;
   345  01FF4C  0E00               	movlw	0
   346  01FF4E  6F18               	movwf	24,b	;volatile
   347  01FF50                     
   348                           ; BSR set to: 3
   349  01FF50  0012               	return		;funcret
   350  01FF52                     __end_of_UserAppInitialize:
   351                           	callstack 0
   352                           
   353 ;; *************** function _TimeXus *****************
   354 ;; Defined at:
   355 ;;		line 119 in file "user_app.c"
   356 ;; Parameters:    Size  Location     Type
   357 ;;  User_Input      2    0[COMRAM] unsigned short 
   358 ;; Auto vars:     Size  Location     Type
   359 ;;  timer_end       2    0        unsigned short 
   360 ;; Return value:  Size  Location     Type
   361 ;;                  1    wreg      void 
   362 ;; Registers used:
   363 ;;		wreg, status,2, status,0
   364 ;; Tracked objects:
   365 ;;		On entry : 0/0
   366 ;;		On exit  : 0/0
   367 ;;		Unchanged: 0/0
   368 ;; Data sizes:     COMRAM   BANK5   BANK6   BANK7   BANK8   BANK9  BANK10  BANK11  BANK12  BANK13  BANK14  BANK15  BANK1
      +6  BANK17  BANK18  BANK19  BANK20  BANK21  BANK22  BANK23  BANK24  BANK25  BANK26  BANK27  BANK28  BANK29  BANK30  BANK3
      +1  BANK32  BANK33  BANK34  BANK35  BANK36  BANK37
   369 ;;      Params:         2       0       0       0       0       0       0       0       0       0       0       0       
      +0       0       0       0       0       0       0       0       0       0       0       0       0       0       0       
      +0       0       0       0       0       0       0
   370 ;;      Locals:         2       0       0       0       0       0       0       0       0       0       0       0       
      +0       0       0       0       0       0       0       0       0       0       0       0       0       0       0       
      +0       0       0       0       0       0       0
   371 ;;      Temps:          0       0       0       0       0       0       0       0       0       0       0       0       
      +0       0       0       0       0       0       0       0       0       0       0       0       0       0       0       
      +0       0       0       0       0       0       0
   372 ;;      Totals:         4       0       0       0       0       0       0       0       0       0       0       0       
      +0       0       0       0       0       0       0       0       0       0       0       0       0       0       0       
      +0       0       0       0       0       0       0
   373 ;;Total ram usage:        4 bytes
   374 ;; Hardware stack levels used:    1
   375 ;; This function calls:
   376 ;;		Nothing
   377 ;; This function is called by:
   378 ;;		_main
   379 ;; This function uses a non-reentrant model
   380 ;;
   381                           
   382                           	psect	text3
   383  01FF2C                     __ptext3:
   384                           	callstack 0
   385  01FF2C                     _TimeXus:
   386                           	callstack 127
   387  01FF2C                     
   388                           ;user_app.c: 119: void TimeXus(u16 User_Input);user_app.c: 120: {;user_app.c: 122:     T
      +                          0CON0 &= 0X7F;
   389  01FF2C  0103               	movlb	3	; () banked
   390  01FF2E  9F1A               	bcf	26,7,b	;volatile
   391  01FF30                     
   392                           ; BSR set to: 3
   393                           ;user_app.c: 126:     TMR0L = (u8) (timer_end & 0x0000);
   394  01FF30  0E00               	movlw	0
   395  01FF32  6F18               	movwf	24,b	;volatile
   396  01FF34                     
   397                           ; BSR set to: 3
   398                           ;user_app.c: 127:     TMR0H = (u8) ((timer_end >> 8)&0x0000);
   399  01FF34  0E00               	movlw	0
   400  01FF36  6F19               	movwf	25,b	;volatile
   401  01FF38                     
   402                           ; BSR set to: 3
   403                           ;user_app.c: 129:     PIR3bits.TMR0IF = 0x00;
   404  01FF38  9EB1               	bcf	177,7,c	;volatile
   405  01FF3A                     
   406                           ; BSR set to: 3
   407                           ;user_app.c: 130:     T0CON0 |= 0X80;
   408  01FF3A  8F1A               	bsf	26,7,b	;volatile
   409  01FF3C                     
   410                           ; BSR set to: 3
   411  01FF3C  0012               	return		;funcret
   412  01FF3E                     __end_of_TimeXus:
   413                           	callstack 0
   414                           
   415 ;; *************** function _SystemSleep *****************
   416 ;; Defined at:
   417 ;;		line 131 in file "encm369_pic18.c"
   418 ;; Parameters:    Size  Location     Type
   419 ;;		None
   420 ;; Auto vars:     Size  Location     Type
   421 ;;		None
   422 ;; Return value:  Size  Location     Type
   423 ;;                  1    wreg      void 
   424 ;; Registers used:
   425 ;;		None
   426 ;; Tracked objects:
   427 ;;		On entry : 0/0
   428 ;;		On exit  : 0/0
   429 ;;		Unchanged: 0/0
   430 ;; Data sizes:     COMRAM   BANK5   BANK6   BANK7   BANK8   BANK9  BANK10  BANK11  BANK12  BANK13  BANK14  BANK15  BANK1
      +6  BANK17  BANK18  BANK19  BANK20  BANK21  BANK22  BANK23  BANK24  BANK25  BANK26  BANK27  BANK28  BANK29  BANK30  BANK3
      +1  BANK32  BANK33  BANK34  BANK35  BANK36  BANK37
   431 ;;      Params:         0       0       0       0       0       0       0       0       0       0       0       0       
      +0       0       0       0       0       0       0       0       0       0       0       0       0       0       0       
      +0       0       0       0       0       0       0
   432 ;;      Locals:         0       0       0       0       0       0       0       0       0       0       0       0       
      +0       0       0       0       0       0       0       0       0       0       0       0       0       0       0       
      +0       0       0       0       0       0       0
   433 ;;      Temps:          0       0       0       0       0       0       0       0       0       0       0       0       
      +0       0       0       0       0       0       0       0       0       0       0       0       0       0       0       
      +0       0       0       0       0       0       0
   434 ;;      Totals:         0       0       0       0       0       0       0       0       0       0       0       0       
      +0       0       0       0       0       0       0       0       0       0       0       0       0       0       0       
      +0       0       0       0       0       0       0
   435 ;;Total ram usage:        0 bytes
   436 ;; Hardware stack levels used:    1
   437 ;; This function calls:
   438 ;;		Nothing
   439 ;; This function is called by:
   440 ;;		_main
   441 ;; This function uses a non-reentrant model
   442 ;;
   443                           
   444                           	psect	text4
   445  01FF1A                     __ptext4:
   446                           	callstack 0
   447  01FF1A                     _SystemSleep:
   448                           	callstack 127
   449  01FF1A  0012               	return		;funcret
   450  01FF1C                     __end_of_SystemSleep:
   451                           	callstack 0
   452                           
   453 ;; *************** function _SysTickSetup *****************
   454 ;; Defined at:
   455 ;;		line 109 in file "encm369_pic18.c"
   456 ;; Parameters:    Size  Location     Type
   457 ;;		None
   458 ;; Auto vars:     Size  Location     Type
   459 ;;		None
   460 ;; Return value:  Size  Location     Type
   461 ;;                  1    wreg      void 
   462 ;; Registers used:
   463 ;;		wreg, status,2
   464 ;; Tracked objects:
   465 ;;		On entry : 0/0
   466 ;;		On exit  : 0/0
   467 ;;		Unchanged: 0/0
   468 ;; Data sizes:     COMRAM   BANK5   BANK6   BANK7   BANK8   BANK9  BANK10  BANK11  BANK12  BANK13  BANK14  BANK15  BANK1
      +6  BANK17  BANK18  BANK19  BANK20  BANK21  BANK22  BANK23  BANK24  BANK25  BANK26  BANK27  BANK28  BANK29  BANK30  BANK3
      +1  BANK32  BANK33  BANK34  BANK35  BANK36  BANK37
   469 ;;      Params:         0       0       0       0       0       0       0       0       0       0       0       0       
      +0       0       0       0       0       0       0       0       0       0       0       0       0       0       0       
      +0       0       0       0       0       0       0
   470 ;;      Locals:         0       0       0       0       0       0       0       0       0       0       0       0       
      +0       0       0       0       0       0       0       0       0       0       0       0       0       0       0       
      +0       0       0       0       0       0       0
   471 ;;      Temps:          0       0       0       0       0       0       0       0       0       0       0       0       
      +0       0       0       0       0       0       0       0       0       0       0       0       0       0       0       
      +0       0       0       0       0       0       0
   472 ;;      Totals:         0       0       0       0       0       0       0       0       0       0       0       0       
      +0       0       0       0       0       0       0       0       0       0       0       0       0       0       0       
      +0       0       0       0       0       0       0
   473 ;;Total ram usage:        0 bytes
   474 ;; Hardware stack levels used:    1
   475 ;; This function calls:
   476 ;;		Nothing
   477 ;; This function is called by:
   478 ;;		_main
   479 ;; This function uses a non-reentrant model
   480 ;;
   481                           
   482                           	psect	text5
   483  01FF52                     __ptext5:
   484                           	callstack 0
   485  01FF52                     _SysTickSetup:
   486                           	callstack 127
   487  01FF52                     
   488                           ;encm369_pic18.c: 111:   G_u32SystemTime1ms = 0;
   489  01FF52  0E00               	movlw	0
   490  01FF54  6E09               	movwf	_G_u32SystemTime1ms^(0+1280),c	;volatile
   491  01FF56  0E00               	movlw	0
   492  01FF58  6E0A               	movwf	(_G_u32SystemTime1ms+1)^(0+1280),c	;volatile
   493  01FF5A  0E00               	movlw	0
   494  01FF5C  6E0B               	movwf	(_G_u32SystemTime1ms+2)^(0+1280),c	;volatile
   495  01FF5E  0E00               	movlw	0
   496  01FF60  6E0C               	movwf	(_G_u32SystemTime1ms+3)^(0+1280),c	;volatile
   497                           
   498                           ;encm369_pic18.c: 112:   G_u32SystemTime1s = 0;
   499  01FF62  0E00               	movlw	0
   500  01FF64  6E05               	movwf	_G_u32SystemTime1s^(0+1280),c	;volatile
   501  01FF66  0E00               	movlw	0
   502  01FF68  6E06               	movwf	(_G_u32SystemTime1s+1)^(0+1280),c	;volatile
   503  01FF6A  0E00               	movlw	0
   504  01FF6C  6E07               	movwf	(_G_u32SystemTime1s+2)^(0+1280),c	;volatile
   505  01FF6E  0E00               	movlw	0
   506  01FF70  6E08               	movwf	(_G_u32SystemTime1s+3)^(0+1280),c	;volatile
   507  01FF72  0012               	return		;funcret
   508  01FF74                     __end_of_SysTickSetup:
   509                           	callstack 0
   510                           
   511 ;; *************** function _GpioSetup *****************
   512 ;; Defined at:
   513 ;;		line 89 in file "encm369_pic18.c"
   514 ;; Parameters:    Size  Location     Type
   515 ;;		None
   516 ;; Auto vars:     Size  Location     Type
   517 ;;		None
   518 ;; Return value:  Size  Location     Type
   519 ;;                  1    wreg      void 
   520 ;; Registers used:
   521 ;;		wreg, status,2
   522 ;; Tracked objects:
   523 ;;		On entry : 0/0
   524 ;;		On exit  : 0/0
   525 ;;		Unchanged: 0/0
   526 ;; Data sizes:     COMRAM   BANK5   BANK6   BANK7   BANK8   BANK9  BANK10  BANK11  BANK12  BANK13  BANK14  BANK15  BANK1
      +6  BANK17  BANK18  BANK19  BANK20  BANK21  BANK22  BANK23  BANK24  BANK25  BANK26  BANK27  BANK28  BANK29  BANK30  BANK3
      +1  BANK32  BANK33  BANK34  BANK35  BANK36  BANK37
   527 ;;      Params:         0       0       0       0       0       0       0       0       0       0       0       0       
      +0       0       0       0       0       0       0       0       0       0       0       0       0       0       0       
      +0       0       0       0       0       0       0
   528 ;;      Locals:         0       0       0       0       0       0       0       0       0       0       0       0       
      +0       0       0       0       0       0       0       0       0       0       0       0       0       0       0       
      +0       0       0       0       0       0       0
   529 ;;      Temps:          0       0       0       0       0       0       0       0       0       0       0       0       
      +0       0       0       0       0       0       0       0       0       0       0       0       0       0       0       
      +0       0       0       0       0       0       0
   530 ;;      Totals:         0       0       0       0       0       0       0       0       0       0       0       0       
      +0       0       0       0       0       0       0       0       0       0       0       0       0       0       0       
      +0       0       0       0       0       0       0
   531 ;;Total ram usage:        0 bytes
   532 ;; Hardware stack levels used:    1
   533 ;; This function calls:
   534 ;;		Nothing
   535 ;; This function is called by:
   536 ;;		_main
   537 ;; This function uses a non-reentrant model
   538 ;;
   539                           
   540                           	psect	text6
   541  01FF1C                     __ptext6:
   542                           	callstack 0
   543  01FF1C                     _GpioSetup:
   544                           	callstack 127
   545  01FF1C                     
   546                           ;encm369_pic18.c: 91:     LATA = 0x00;
   547  01FF1C  0E00               	movlw	0
   548  01FF1E  6EBE               	movwf	190,c	;volatile
   549                           
   550                           ;encm369_pic18.c: 92:     ANSELA = 0x00;
   551  01FF20  0E00               	movlw	0
   552  01FF22  0104               	movlb	4	; () banked
   553  01FF24  6F00               	movwf	0,b	;volatile
   554                           
   555                           ;encm369_pic18.c: 93:     TRISA = 0x00;
   556  01FF26  0E00               	movlw	0
   557  01FF28  6EC6               	movwf	198,c	;volatile
   558  01FF2A                     
   559                           ; BSR set to: 4
   560  01FF2A  0012               	return		;funcret
   561  01FF2C                     __end_of_GpioSetup:
   562                           	callstack 0
   563                           
   564 ;; *************** function _ClockSetup *****************
   565 ;; Defined at:
   566 ;;		line 70 in file "encm369_pic18.c"
   567 ;; Parameters:    Size  Location     Type
   568 ;;		None
   569 ;; Auto vars:     Size  Location     Type
   570 ;;		None
   571 ;; Return value:  Size  Location     Type
   572 ;;                  1    wreg      void 
   573 ;; Registers used:
   574 ;;		None
   575 ;; Tracked objects:
   576 ;;		On entry : 0/0
   577 ;;		On exit  : 0/0
   578 ;;		Unchanged: 0/0
   579 ;; Data sizes:     COMRAM   BANK5   BANK6   BANK7   BANK8   BANK9  BANK10  BANK11  BANK12  BANK13  BANK14  BANK15  BANK1
      +6  BANK17  BANK18  BANK19  BANK20  BANK21  BANK22  BANK23  BANK24  BANK25  BANK26  BANK27  BANK28  BANK29  BANK30  BANK3
      +1  BANK32  BANK33  BANK34  BANK35  BANK36  BANK37
   580 ;;      Params:         0       0       0       0       0       0       0       0       0       0       0       0       
      +0       0       0       0       0       0       0       0       0       0       0       0       0       0       0       
      +0       0       0       0       0       0       0
   581 ;;      Locals:         0       0       0       0       0       0       0       0       0       0       0       0       
      +0       0       0       0       0       0       0       0       0       0       0       0       0       0       0       
      +0       0       0       0       0       0       0
   582 ;;      Temps:          0       0       0       0       0       0       0       0       0       0       0       0       
      +0       0       0       0       0       0       0       0       0       0       0       0       0       0       0       
      +0       0       0       0       0       0       0
   583 ;;      Totals:         0       0       0       0       0       0       0       0       0       0       0       0       
      +0       0       0       0       0       0       0       0       0       0       0       0       0       0       0       
      +0       0       0       0       0       0       0
   584 ;;Total ram usage:        0 bytes
   585 ;; Hardware stack levels used:    1
   586 ;; This function calls:
   587 ;;		Nothing
   588 ;; This function is called by:
   589 ;;		_main
   590 ;; This function uses a non-reentrant model
   591 ;;
   592                           
   593                           	psect	text7
   594  01FF18                     __ptext7:
   595                           	callstack 0
   596  01FF18                     _ClockSetup:
   597                           	callstack 127
   598  01FF18  0012               	return		;funcret
   599  01FF1A                     __end_of_ClockSetup:
   600                           	callstack 0
   601  0000                     
   602                           	psect	rparam
   603  0000                     
   604                           	psect	idloc
   605                           
   606                           ;Config register IDLOC0 @ 0x200000
   607                           ;	unspecified, using default values
   608  200000                     	org	2097152
   609  200000  0FFF               	dw	4095
   610                           
   611                           ;Config register IDLOC1 @ 0x200002
   612                           ;	unspecified, using default values
   613  200002                     	org	2097154
   614  200002  0FFF               	dw	4095
   615                           
   616                           ;Config register IDLOC2 @ 0x200004
   617                           ;	unspecified, using default values
   618  200004                     	org	2097156
   619  200004  0FFF               	dw	4095
   620                           
   621                           ;Config register IDLOC3 @ 0x200006
   622                           ;	unspecified, using default values
   623  200006                     	org	2097158
   624  200006  0FFF               	dw	4095
   625                           
   626                           ;Config register IDLOC4 @ 0x200008
   627                           ;	unspecified, using default values
   628  200008                     	org	2097160
   629  200008  0FFF               	dw	4095
   630                           
   631                           ;Config register IDLOC5 @ 0x20000A
   632                           ;	unspecified, using default values
   633  20000A                     	org	2097162
   634  20000A  0FFF               	dw	4095
   635                           
   636                           ;Config register IDLOC6 @ 0x20000C
   637                           ;	unspecified, using default values
   638  20000C                     	org	2097164
   639  20000C  0FFF               	dw	4095
   640                           
   641                           ;Config register IDLOC7 @ 0x20000E
   642                           ;	unspecified, using default values
   643  20000E                     	org	2097166
   644  20000E  0FFF               	dw	4095
   645                           
   646                           ;Config register IDLOC8 @ 0x200010
   647                           ;	unspecified, using default values
   648  200010                     	org	2097168
   649  200010  0FFF               	dw	4095
   650                           
   651                           ;Config register IDLOC9 @ 0x200012
   652                           ;	unspecified, using default values
   653  200012                     	org	2097170
   654  200012  0FFF               	dw	4095
   655                           
   656                           ;Config register IDLOC10 @ 0x200014
   657                           ;	unspecified, using default values
   658  200014                     	org	2097172
   659  200014  0FFF               	dw	4095
   660                           
   661                           ;Config register IDLOC11 @ 0x200016
   662                           ;	unspecified, using default values
   663  200016                     	org	2097174
   664  200016  0FFF               	dw	4095
   665                           
   666                           ;Config register IDLOC12 @ 0x200018
   667                           ;	unspecified, using default values
   668  200018                     	org	2097176
   669  200018  0FFF               	dw	4095
   670                           
   671                           ;Config register IDLOC13 @ 0x20001A
   672                           ;	unspecified, using default values
   673  20001A                     	org	2097178
   674  20001A  0FFF               	dw	4095
   675                           
   676                           ;Config register IDLOC14 @ 0x20001C
   677                           ;	unspecified, using default values
   678  20001C                     	org	2097180
   679  20001C  0FFF               	dw	4095
   680                           
   681                           ;Config register IDLOC15 @ 0x20001E
   682                           ;	unspecified, using default values
   683  20001E                     	org	2097182
   684  20001E  0FFF               	dw	4095
   685                           
   686                           	psect	config
   687                           
   688                           ;Config register CONFIG1 @ 0x300000
   689                           ;	External Oscillator Selection
   690                           ;	FEXTOSC = OFF, Oscillator not enabled
   691                           ;	Reset Oscillator Selection
   692                           ;	RSTOSC = HFINTOSC_64MHZ, HFINTOSC with HFFRQ = 64 MHz and CDIV = 1:1
   693  300000                     	org	3145728
   694  300000  8C                 	db	140
   695                           
   696                           ;Config register CONFIG2 @ 0x300001
   697                           ;	Clock out Enable bit
   698                           ;	CLKOUTEN = ON, CLKOUT function is enabled
   699                           ;	PRLOCKED One-Way Set Enable bit
   700                           ;	PR1WAY = ON, PRLOCKED bit can be cleared and set only once
   701                           ;	Clock Switch Enable bit
   702                           ;	CSWEN = ON, Writing to NOSC and NDIV is allowed
   703                           ;	Fail-Safe Clock Monitor Enable bit
   704                           ;	FCMEN = ON, Fail-Safe Clock Monitor enabled
   705  300001                     	org	3145729
   706  300001  FE                 	db	254
   707                           
   708                           ;Config register CONFIG3 @ 0x300002
   709                           ;	MCLR Enable bit
   710                           ;	MCLRE = EXTMCLR, If LVP = 0, MCLR pin is MCLR; If LVP = 1, RE3 pin function is MCLR
   711                           ;	Power-up timer selection bits
   712                           ;	PWRTS = PWRT_OFF, PWRT is disabled
   713                           ;	Multi-vector enable bit
   714                           ;	MVECEN = ON, Multi-vector enabled, Vector table used for interrupts
   715                           ;	IVTLOCK bit One-way set enable bit
   716                           ;	IVT1WAY = ON, IVTLOCKED bit can be cleared and set only once
   717                           ;	Low Power BOR Enable bit
   718                           ;	LPBOREN = OFF, Low-Power BOR disabled
   719                           ;	Brown-out Reset Enable bits
   720                           ;	BOREN = SBORDIS, Brown-out Reset enabled , SBOREN bit is ignored
   721  300002                     	org	3145730
   722  300002  FF                 	db	255
   723                           
   724                           ;Config register CONFIG4 @ 0x300003
   725                           ;	Brown-out Reset Voltage Selection bits
   726                           ;	BORV = VBOR_2P85, Brown-out Reset Voltage (VBOR) set to 2.8V
   727                           ;	ZCD Disable bit
   728                           ;	ZCD = OFF, ZCD module is disabled. ZCD can be enabled by setting the ZCDSEN bit of ZCD
      +                          CON
   729                           ;	PPSLOCK bit One-Way Set Enable bit
   730                           ;	PPS1WAY = ON, PPSLOCKED bit can be cleared and set only once; PPS registers remain loc
      +                          ked after one clear/set cycle
   731                           ;	Stack Full/Underflow Reset Enable bit
   732                           ;	STVREN = ON, Stack full/underflow will cause Reset
   733                           ;	Low Voltage Programming Enable bit
   734                           ;	LVP = ON, Low voltage programming enabled. MCLR/VPP pin function is MCLR. MCLRE config
      +                          uration bit is ignored
   735                           ;	Extended Instruction Set Enable bit
   736                           ;	XINST = OFF, Extended Instruction Set and Indexed Addressing Mode disabled
   737  300003                     	org	3145731
   738  300003  FC                 	db	252
   739                           
   740                           ;Config register CONFIG5 @ 0x300004
   741                           ;	WDT Period selection bits
   742                           ;	WDTCPS = WDTCPS_31, Divider ratio 1:65536; software control of WDTPS
   743                           ;	WDT operating mode
   744                           ;	WDTE = OFF, WDT Disabled; SWDTEN is ignored
   745  300004                     	org	3145732
   746  300004  9F                 	db	159
   747                           
   748                           ;Config register CONFIG6 @ 0x300005
   749                           ;	WDT Window Select bits
   750                           ;	WDTCWS = WDTCWS_7, window always open (100%); software control; keyed access not requi
      +                          red
   751                           ;	WDT input clock selector
   752                           ;	WDTCCS = SC, Software Control
   753  300005                     	org	3145733
   754  300005  FF                 	db	255
   755                           
   756                           ;Config register CONFIG7 @ 0x300006
   757                           ;	Boot Block Size selection bits
   758                           ;	BBSIZE = BBSIZE_512, Boot Block size is 512 words
   759                           ;	Boot Block enable bit
   760                           ;	BBEN = OFF, Boot block disabled
   761                           ;	Storage Area Flash enable bit
   762                           ;	SAFEN = OFF, SAF disabled
   763                           ;	Background Debugger
   764                           ;	DEBUG = OFF, Background Debugger disabled
   765  300006                     	org	3145734
   766  300006  FF                 	db	255
   767                           
   768                           ;Config register CONFIG8 @ 0x300007
   769                           ;	Boot Block Write Protection bit
   770                           ;	WRTB = OFF, Boot Block not Write protected
   771                           ;	Configuration Register Write Protection bit
   772                           ;	WRTC = OFF, Configuration registers not Write protected
   773                           ;	Data EEPROM Write Protection bit
   774                           ;	WRTD = OFF, Data EEPROM not Write protected
   775                           ;	SAF Write protection bit
   776                           ;	WRTSAF = OFF, SAF not Write Protected
   777                           ;	Application Block write protection bit
   778                           ;	WRTAPP = OFF, Application Block not write protected
   779  300007                     	org	3145735
   780  300007  FF                 	db	255
   781                           
   782                           ; Padding undefined space
   783  300008                     	org	3145736
   784  300008  FF                 	db	255
   785                           
   786                           ;Config register CONFIG10 @ 0x300009
   787                           ;	PFM and Data EEPROM Code Protection bit
   788                           ;	CP = OFF, PFM and Data EEPROM code protection disabled
   789  300009                     	org	3145737
   790  300009  FF                 	db	255
   791                           tosu	equ	0x4FF
   792                           tosh	equ	0x4FE
   793                           tosl	equ	0x4FD
   794                           stkptr	equ	0x4FC
   795                           pclatu	equ	0x4FB
   796                           pclath	equ	0x4FA
   797                           pcl	equ	0x4F9
   798                           tblptru	equ	0x4F8
   799                           tblptrh	equ	0x4F7
   800                           tblptrl	equ	0x4F6
   801                           tablat	equ	0x4F5
   802                           prodh	equ	0x4F4
   803                           prodl	equ	0x4F3
   804                           indf0	equ	0x4EF
   805                           postinc0	equ	0x4EE
   806                           postdec0	equ	0x4ED
   807                           preinc0	equ	0x4EC
   808                           plusw0	equ	0x4EB
   809                           fsr0h	equ	0x4EA
   810                           fsr0l	equ	0x4E9
   811                           wreg	equ	0x4E8
   812                           indf1	equ	0x4E7
   813                           postinc1	equ	0x4E6
   814                           postdec1	equ	0x4E5
   815                           preinc1	equ	0x4E4
   816                           plusw1	equ	0x4E3
   817                           fsr1h	equ	0x4E2
   818                           fsr1l	equ	0x4E1
   819                           bsr	equ	0x4E0
   820                           indf2	equ	0x4DF
   821                           postinc2	equ	0x4DE
   822                           postdec2	equ	0x4DD
   823                           preinc2	equ	0x4DC
   824                           plusw2	equ	0x4DB
   825                           fsr2h	equ	0x4DA
   826                           fsr2l	equ	0x4D9
   827                           status	equ	0x4D8

Data Sizes:
    Strings     0
    Constant    0
    Data        1
    BSS         13
    Persistent  0
    Stack       0

Auto Spaces:
    Space          Size  Autos    Used
    COMRAM           95      4      18
    BANK5           160      0       0
    BANK6           256      0       0
    BANK7           256      0       0
    BANK8           256      0       0
    BANK9           256      0       0
    BANK10          256      0       0
    BANK11          256      0       0
    BANK12          256      0       0
    BANK13          256      0       0
    BANK14          256      0       0
    BANK15          256      0       0
    BANK16          256      0       0
    BANK17          256      0       0
    BANK18          256      0       0
    BANK19          256      0       0
    BANK20          256      0       0
    BANK21          256      0       0
    BANK22          256      0       0
    BANK23          256      0       0
    BANK24          256      0       0
    BANK25          256      0       0
    BANK26          256      0       0
    BANK27          256      0       0
    BANK28          256      0       0
    BANK29          256      0       0
    BANK30          256      0       0
    BANK31          256      0       0
    BANK32          256      0       0
    BANK33          256      0       0
    BANK34          256      0       0
    BANK35          256      0       0
    BANK36          256      0       0
    BANK37          256      0       0

Pointer List with Targets:

    None.

Critical Paths under _main in COMRAM

    _main->_TimeXus

Critical Paths under _main in BANK5

    None.

Critical Paths under _main in BANK6

    None.

Critical Paths under _main in BANK7

    None.

Critical Paths under _main in BANK8

    None.

Critical Paths under _main in BANK9

    None.

Critical Paths under _main in BANK10

    None.

Critical Paths under _main in BANK11

    None.

Critical Paths under _main in BANK12

    None.

Critical Paths under _main in BANK13

    None.

Critical Paths under _main in BANK14

    None.

Critical Paths under _main in BANK15

    None.

Critical Paths under _main in BANK16

    None.

Critical Paths under _main in BANK17

    None.

Critical Paths under _main in BANK18

    None.

Critical Paths under _main in BANK19

    None.

Critical Paths under _main in BANK20

    None.

Critical Paths under _main in BANK21

    None.

Critical Paths under _main in BANK22

    None.

Critical Paths under _main in BANK23

    None.

Critical Paths under _main in BANK24

    None.

Critical Paths under _main in BANK25

    None.

Critical Paths under _main in BANK26

    None.

Critical Paths under _main in BANK27

    None.

Critical Paths under _main in BANK28

    None.

Critical Paths under _main in BANK29

    None.

Critical Paths under _main in BANK30

    None.

Critical Paths under _main in BANK31

    None.

Critical Paths under _main in BANK32

    None.

Critical Paths under _main in BANK33

    None.

Critical Paths under _main in BANK34

    None.

Critical Paths under _main in BANK35

    None.

Critical Paths under _main in BANK36

    None.

Critical Paths under _main in BANK37

    None.

Call Graph Tables:

 ---------------------------------------------------------------------------------
 (Depth) Function   	        Calls       Base Space   Used Autos Params    Refs
 ---------------------------------------------------------------------------------
 (0) _main                                                 0     0      0      99
                         _ClockSetup
                          _GpioSetup
                       _SysTickSetup
                        _SystemSleep
                            _TimeXus
                  _UserAppInitialize
                         _UserAppRun
 ---------------------------------------------------------------------------------
 (1) _UserAppRun                                           0     0      0       0
 ---------------------------------------------------------------------------------
 (1) _UserAppInitialize                                    0     0      0       0
 ---------------------------------------------------------------------------------
 (1) _TimeXus                                              4     2      2      99
                                              0 COMRAM     4     2      2
 ---------------------------------------------------------------------------------
 (1) _SystemSleep                                          0     0      0       0
 ---------------------------------------------------------------------------------
 (1) _SysTickSetup                                         0     0      0       0
 ---------------------------------------------------------------------------------
 (1) _GpioSetup                                            0     0      0       0
 ---------------------------------------------------------------------------------
 (1) _ClockSetup                                           0     0      0       0
 ---------------------------------------------------------------------------------
 Estimated maximum stack depth 1
 ---------------------------------------------------------------------------------

 Call Graph Graphs:

 _main (ROOT)
   _ClockSetup
   _GpioSetup
   _SysTickSetup
   _SystemSleep
   _TimeXus
   _UserAppInitialize
   _UserAppRun

 Address spaces:
Name               Size   Autos  Total    Cost      Usage
BIGRAM            20FF      0       0      71        0.0%
EEDATA             400      0       0       0        0.0%
BITBANK37          100      0       0      70        0.0%
BANK37             100      0       0      68        0.0%
BITBANK36          100      0       0      66        0.0%
BANK36             100      0       0      67        0.0%
BITBANK35          100      0       0      64        0.0%
BANK35             100      0       0      65        0.0%
BITBANK34          100      0       0      62        0.0%
BANK34             100      0       0      63        0.0%
BITBANK33          100      0       0      60        0.0%
BANK33             100      0       0      61        0.0%
BITBANK32          100      0       0      58        0.0%
BANK32             100      0       0      59        0.0%
BITBANK31          100      0       0      56        0.0%
BANK31             100      0       0      57        0.0%
BITBANK30          100      0       0      54        0.0%
BANK30             100      0       0      55        0.0%
BITBANK29          100      0       0      52        0.0%
BANK29             100      0       0      53        0.0%
BITBANK28          100      0       0      50        0.0%
BANK28             100      0       0      51        0.0%
BITBANK27          100      0       0      48        0.0%
BANK27             100      0       0      49        0.0%
BITBANK26          100      0       0      46        0.0%
BANK26             100      0       0      47        0.0%
BITBANK25          100      0       0      44        0.0%
BANK25             100      0       0      45        0.0%
BITBANK24          100      0       0      42        0.0%
BANK24             100      0       0      43        0.0%
BITBANK23          100      0       0      40        0.0%
BANK23             100      0       0      41        0.0%
BITBANK22          100      0       0      38        0.0%
BANK22             100      0       0      39        0.0%
BITBANK21          100      0       0      36        0.0%
BANK21             100      0       0      37        0.0%
BITBANK20          100      0       0      34        0.0%
BANK20             100      0       0      35        0.0%
BITBANK19          100      0       0      32        0.0%
BANK19             100      0       0      33        0.0%
BITBANK18          100      0       0      30        0.0%
BANK18             100      0       0      31        0.0%
BITBANK17          100      0       0      28        0.0%
BANK17             100      0       0      29        0.0%
BITBANK16          100      0       0      26        0.0%
BANK16             100      0       0      27        0.0%
BITBANK15          100      0       0      24        0.0%
BANK15             100      0       0      25        0.0%
BITBANK14          100      0       0      22        0.0%
BANK14             100      0       0      23        0.0%
BITBANK13          100      0       0      20        0.0%
BANK13             100      0       0      21        0.0%
BITBANK12          100      0       0      18        0.0%
BANK12             100      0       0      19        0.0%
BITBANK11          100      0       0      16        0.0%
BANK11             100      0       0      17        0.0%
BITBANK10          100      0       0      14        0.0%
BANK10             100      0       0      15        0.0%
BITBANK9           100      0       0      12        0.0%
BANK9              100      0       0      13        0.0%
BITBANK8           100      0       0      10        0.0%
BANK8              100      0       0      11        0.0%
BITBANK7           100      0       0       8        0.0%
BANK7              100      0       0       9        0.0%
BITBANK6           100      0       0       6        0.0%
BANK6              100      0       0       7        0.0%
BITBANK5            A0      0       0       4        0.0%
BANK5               A0      0       0       5        0.0%
BITCOMRAM           5F      0       0       0        0.0%
COMRAM              5F      4      12       1       18.9%
BITSFR_5             0      0       0     200        0.0%
SFR_5                0      0       0     200        0.0%
BITSFR_4             0      0       0     200        0.0%
SFR_4                0      0       0     200        0.0%
BITSFR_3             0      0       0     200        0.0%
SFR_3                0      0       0     200        0.0%
BITSFR_2             0      0       0     200        0.0%
SFR_2                0      0       0     200        0.0%
BITSFR_1             0      0       0     200        0.0%
SFR_1                0      0       0     200        0.0%
BITSFR               0      0       0     200        0.0%
SFR                  0      0       0     200        0.0%
STACK                0      0       0       2        0.0%
NULL                 0      0       0       0        0.0%
ABS                  0      0      12      69        0.0%
DATA                 0      0      12       3        0.0%
CODE                 0      0       0       0        0.0%


Microchip Technology PIC18 Macro Assembler V2.31 build 20201012212115 
Symbol Table                                                                                   Thu Mar 04 21:49:37 2021

     __size_of_SysTickSetup 0022                          l13 FF18                          l22 FF1A  
                        l16 FF2A                          l50 FFE2                          l19 FF72  
                        l82 FF3C                          l74 FF50                          l79 FF94  
                        u10 FF84                          u11 FF80                          u30 FFF0  
                        u31 FFEC                         l802 FF52                         l810 FF34  
                       l812 FF38                         l804 FF2C                         l820 FFC2  
                       l814 FF3A                         l806 FF30                         l830 FFD6  
                       l822 FFC6                         l808 FF30                         l832 FFF0  
                       l824 FFCA                         l816 FFBC                         l762 FF3E  
                       l770 FF8E                         l826 FFCE                         l818 FFBE  
                       l764 FF74                         l828 FFD2                         l758 FF1C  
                       l766 FF84                         l768 FF8A                         wreg 0004E8  
                      _LATA 0004BE                        _main FFBC                _SysTickSetup FF52  
                      start FFFC        __size_of_SystemSleep 0002                ___param_bank 000000  
                _ClockSetup FF18             __end_of_TimeXus FF3E                       ?_main 050E  
                     _TMR0H 000319                       _TMR0L 000318                       _TRISA 0004C6  
                     tablat 0004F5             __initialization FF96                __end_of_main FFFC  
                    ??_main 0512               __activetblptr 000000                      _ANSELA 000400  
                    _T0CON0 00031A                      _T0CON1 00031B          __size_of_GpioSetup 0010  
                 ??_TimeXus 0510                 ?_ClockSetup 050E                      clear_0 FFB0  
              __pdataCOMRAM 0512                      tblptrh 0004F7                      tblptrl 0004F6  
                    tblptru 0004F8                  _UserAppRun FF74                  __accesstop 0560  
   __end_of__initialization FFB6               ___rparam_used 000001            _G_u8UserAppFlags 050D  
            __pcstackCOMRAM 050E           __end_of_GpioSetup FF2C         __size_of_ClockSetup 0002  
               ?_UserAppRun 050E               ??_SystemSleep 050E                     __Hparam 0000  
                   __Lparam 0000                     _TimeXus FF2C                     __pcinit FF96  
                   __ramtop 2600                     __ptext0 FFBC                     __ptext1 FF74  
                   __ptext2 FF3E                     __ptext3 FF2C                     __ptext4 FF1A  
                   __ptext5 FF52                     __ptext6 FF1C                     __ptext7 FF18  
      end_of_initialization FFB6            _G_u32SystemFlags 0501                     postinc0 0004EE  
       __end_of_SystemSleep FF1C                ??_ClockSetup 050E         __size_of_UserAppRun 0022  
        __end_of_ClockSetup FF1A               __pidataCOMRAM FF17                   _GpioSetup FF1C  
       start_initialization FF96               ?_SysTickSetup 050E                 _SystemSleep FF1A  
         TimeXus@User_Input 050E                  ?_GpioSetup 050E                 __pbssCOMRAM 0501  
         _UserAppInitialize FF3E                ??_UserAppRun 050E          ?_UserAppInitialize 050E  
            ??_SysTickSetup 050E         ??_UserAppInitialize 050E                    ?_TimeXus 050E  
        __end_of_UserAppRun FF96   __end_of_UserAppInitialize FF52                    _PIR3bits 0004B1  
               ??_GpioSetup 050E                    __Hrparam 0000                    __Lrparam 0000  
          __size_of_TimeXus 0012                _u8LedCounter 0512        __end_of_SysTickSetup FF74  
__size_of_UserAppInitialize 0014               __size_of_main 0040                ?_SystemSleep 050E  
        _G_u32SystemTime1ms 0509           _G_u32SystemTime1s 0505  
