

Microchip MPLAB XC8 Assembler V2.31 build 20201012212115 
                                                                                               Wed Jan 27 22:30:46 2021

Microchip MPLAB XC8 C Compiler v2.31 (Free license) build 20201012212115 Og1 
     1                           	processor	18F27Q43
     2                           	fnconf	rparam,??,?,0
     3                           	pagewidth 120
     4                           	opt	flic
     5                           	psect	cinit,global,reloc=2,class=CODE,delta=1
     6                           	psect	bssCOMRAM,global,class=COMRAM,space=1,delta=1,lowdata,noexec
     7                           	psect	cstackCOMRAM,global,class=COMRAM,space=1,delta=1,lowdata,noexec
     8                           	psect	text0,global,reloc=2,class=CODE,delta=1
     9                           	psect	text1,global,reloc=2,class=CODE,delta=1
    10                           	psect	text2,global,reloc=2,class=CODE,delta=1
    11                           	psect	text3,global,reloc=2,class=CODE,delta=1
    12                           	psect	text4,global,reloc=2,class=CODE,delta=1
    13                           	psect	text5,global,reloc=2,class=CODE,delta=1
    14                           	psect	text6,global,reloc=2,class=CODE,delta=1
    15                           	psect	intsave_regs,global,class=BIGRAM,space=1,delta=1,noexec
    16                           	psect	rparam,global,class=COMRAM,space=1,delta=1,noexec
    17                           	psect	idloc,global,abs,ovrld,class=IDLOC,space=5,delta=1,noexec
    18                           	psect	config,global,abs,ovrld,class=CONFIG,space=4,delta=1,noexec
    19  0000                     
    20                           ; Version 2.30
    21                           ; Generated 20/08/2020 GMT
    22                           ; 
    23                           ; Copyright © 2020, Microchip Technology Inc. and its subsidiaries ("Microchip")
    24                           ; All rights reserved.
    25                           ; 
    26                           ; This software is developed by Microchip Technology Inc. and its subsidiaries ("Microch
      +                          ip").
    27                           ; 
    28                           ; Redistribution and use in source and binary forms, with or without modification, are
    29                           ; permitted provided that the following conditions are met:
    30                           ; 
    31                           ;     1. Redistributions of source code must retain the above copyright notice, this lis
      +                          t of
    32                           ;        conditions and the following disclaimer.
    33                           ; 
    34                           ;     2. Redistributions in binary form must reproduce the above copyright notice, this 
      +                          list
    35                           ;        of conditions and the following disclaimer in the documentation and/or other
    36                           ;        materials provided with the distribution. Publication is not required when
    37                           ;        this file is used in an embedded application.
    38                           ; 
    39                           ;     3. Microchip's name may not be used to endorse or promote products derived from th
      +                          is
    40                           ;        software without specific prior written permission.
    41                           ; 
    42                           ; THIS SOFTWARE IS PROVIDED BY MICROCHIP "AS IS" AND ANY EXPRESS OR IMPLIED WARRANTIES,
    43                           ; INCLUDING, BUT NOT LIMITED TO, THE IMPLIED WARRANTIES OF MERCHANTABILITY AND FITNESS F
      +                          OR
    44                           ; PURPOSE ARE DISCLAIMED.  IN NO EVENT SHALL MICROCHIP BE LIABLE FOR ANY DIRECT, INDIREC
      +                          T,
    45                           ; INCIDENTAL, SPECIAL, EXEMPLARY, OR CONSEQUENTIAL DAMAGES (INCLUDING BUT NOT LIMITED TO
    46                           ; PROCUREMENT OF SUBSTITUTE GOODS OR SERVICES; LOSS OF USE, DATA OR PROFITS; OR BUSINESS
    47                           ; INTERRUPTION) HOWSOEVER CAUSED AND ON ANY THEORY OF LIABILITY, WHETHER IN CONTRACT, ST
      +                          RICT
    48                           ; LIABILITY, OR TORT (INCLUDING NEGLIGENCE OR OTHERWISE) ARISING IN ANY WAY OUT OF THE U
      +                          SE OF
    49                           ; THIS SOFTWARE, EVEN IF ADVISED OF THE POSSIBILITY OF SUCH DAMAGE.
    50                           ; 
    51                           ; 
    52                           ; Code-generator required, PIC18F27Q43 Definitions
    53                           ; 
    54                           ; SFR Addresses
    55  0000                     
    56                           ; #config settings
    57                           
    58                           	psect	cinit
    59  01FFA6                     __pcinit:
    60                           	callstack 0
    61  01FFA6                     start_initialization:
    62                           	callstack 0
    63  01FFA6                     __initialization:
    64                           	callstack 0
    65                           
    66                           ; Clear objects allocated to COMRAM (13 bytes)
    67  01FFA6  EE01  F101         	lfsr	0,__pbssCOMRAM
    68  01FFAA  0E0D               	movlw	13
    69  01FFAC                     clear_0:
    70  01FFAC  6AEE               	clrf	postinc0,c
    71  01FFAE  06E8               	decf	wreg,f,c
    72  01FFB0  E1FD               	bnz	clear_0
    73  01FFB2                     end_of_initialization:
    74                           	callstack 0
    75  01FFB2                     __end_of__initialization:
    76                           	callstack 0
    77  01FFB2  0100               	movlb	0
    78  01FFB4  EFED  F0FF         	goto	_main	;jump to C main() function
    79                           
    80                           	psect	bssCOMRAM
    81  000501                     __pbssCOMRAM:
    82                           	callstack 0
    83  000501                     _G_u32SystemFlags:
    84                           	callstack 0
    85  000501                     	ds	4
    86  000505                     _G_u32SystemTime1s:
    87                           	callstack 0
    88  000505                     	ds	4
    89  000509                     _G_u32SystemTime1ms:
    90                           	callstack 0
    91  000509                     	ds	4
    92  00050D                     _G_u8UserAppFlags:
    93                           	callstack 0
    94  00050D                     	ds	1
    95                           
    96                           	psect	cstackCOMRAM
    97  000000                     __pcstackCOMRAM:
    98                           	callstack 0
    99  000000                     
   100                           ; 1 bytes @ 0x0
   101 ;;
   102 ;;Main: autosize = 0, tempsize = 0, incstack = 0, save=0
   103 ;;
   104 ;; *************** function _main *****************
   105 ;; Defined at:
   106 ;;		line 35 in file "main.c"
   107 ;; Parameters:    Size  Location     Type
   108 ;;		None
   109 ;; Auto vars:     Size  Location     Type
   110 ;;		None
   111 ;; Return value:  Size  Location     Type
   112 ;;                  1    wreg      void 
   113 ;; Registers used:
   114 ;;		wreg, status,2, status,0, cstack
   115 ;; Tracked objects:
   116 ;;		On entry : 0/0
   117 ;;		On exit  : 0/0
   118 ;;		Unchanged: 0/0
   119 ;; Data sizes:     COMRAM   BANK5   BANK6   BANK7   BANK8   BANK9  BANK10  BANK11  BANK12  BANK13  BANK14  BANK15  BANK1
      +6  BANK17  BANK18  BANK19  BANK20  BANK21  BANK22  BANK23  BANK24  BANK25  BANK26  BANK27  BANK28  BANK29  BANK30  BANK3
      +1  BANK32  BANK33  BANK34  BANK35  BANK36  BANK37
   120 ;;      Params:         0       0       0       0       0       0       0       0       0       0       0       0       
      +0       0       0       0       0       0       0       0       0       0       0       0       0       0       0       
      +0       0       0       0       0       0       0
   121 ;;      Locals:         0       0       0       0       0       0       0       0       0       0       0       0       
      +0       0       0       0       0       0       0       0       0       0       0       0       0       0       0       
      +0       0       0       0       0       0       0
   122 ;;      Temps:          0       0       0       0       0       0       0       0       0       0       0       0       
      +0       0       0       0       0       0       0       0       0       0       0       0       0       0       0       
      +0       0       0       0       0       0       0
   123 ;;      Totals:         0       0       0       0       0       0       0       0       0       0       0       0       
      +0       0       0       0       0       0       0       0       0       0       0       0       0       0       0       
      +0       0       0       0       0       0       0
   124 ;;Total ram usage:        0 bytes
   125 ;; Hardware stack levels required when called:    1
   126 ;; This function calls:
   127 ;;		_ClockSetup
   128 ;;		_GpioSetup
   129 ;;		_SysTickSetup
   130 ;;		_SystemSleep
   131 ;;		_UserAppInitialize
   132 ;;		_UserAppRun
   133 ;; This function is called by:
   134 ;;		Startup code after reset
   135 ;; This function uses a non-reentrant model
   136 ;;
   137                           
   138                           	psect	text0
   139  01FFDA                     __ptext0:
   140                           	callstack 0
   141  01FFDA                     _main:
   142                           	callstack 127
   143  01FFDA                     
   144                           ;main.c: 37:   G_u32SystemFlags |= (u32)0x80000000;
   145  01FFDA  8E04               	bsf	(_G_u32SystemFlags+3)^(0+1280),7,c	;volatile
   146  01FFDC                     
   147                           ;main.c: 40:   ClockSetup();
   148  01FFDC  ECCE  F0FF         	call	_ClockSetup	;wreg free
   149  01FFE0                     
   150                           ;main.c: 41:   SysTickSetup();
   151  01FFE0  ECDC  F0FF         	call	_SysTickSetup	;wreg free
   152  01FFE4                     
   153                           ;main.c: 42:   GpioSetup();
   154  01FFE4  ECCF  F0FF         	call	_GpioSetup	;wreg free
   155  01FFE8                     
   156                           ;main.c: 47:   UserAppInitialize();
   157  01FFE8  ECD1  F0FF         	call	_UserAppInitialize	;wreg free
   158  01FFEC                     l754:
   159                           
   160                           ;main.c: 53:   {;main.c: 57:     UserAppRun();
   161  01FFEC  ECD2  F0FF         	call	_UserAppRun	;wreg free
   162  01FFF0                     
   163                           ;main.c: 62:     SystemSleep();
   164  01FFF0  ECD0  F0FF         	call	_SystemSleep	;wreg free
   165  01FFF4  EFF6  F0FF         	goto	l754
   166  01FFF8  EFFE  F0FF         	goto	start
   167  01FFFC                     __end_of_main:
   168                           	callstack 0
   169                           
   170 ;; *************** function _UserAppRun *****************
   171 ;; Defined at:
   172 ;;		line 95 in file "user_app.c"
   173 ;; Parameters:    Size  Location     Type
   174 ;;		None
   175 ;; Auto vars:     Size  Location     Type
   176 ;;		None
   177 ;; Return value:  Size  Location     Type
   178 ;;                  1    wreg      void 
   179 ;; Registers used:
   180 ;;		None
   181 ;; Tracked objects:
   182 ;;		On entry : 0/0
   183 ;;		On exit  : 0/0
   184 ;;		Unchanged: 0/0
   185 ;; Data sizes:     COMRAM   BANK5   BANK6   BANK7   BANK8   BANK9  BANK10  BANK11  BANK12  BANK13  BANK14  BANK15  BANK1
      +6  BANK17  BANK18  BANK19  BANK20  BANK21  BANK22  BANK23  BANK24  BANK25  BANK26  BANK27  BANK28  BANK29  BANK30  BANK3
      +1  BANK32  BANK33  BANK34  BANK35  BANK36  BANK37
   186 ;;      Params:         0       0       0       0       0       0       0       0       0       0       0       0       
      +0       0       0       0       0       0       0       0       0       0       0       0       0       0       0       
      +0       0       0       0       0       0       0
   187 ;;      Locals:         0       0       0       0       0       0       0       0       0       0       0       0       
      +0       0       0       0       0       0       0       0       0       0       0       0       0       0       0       
      +0       0       0       0       0       0       0
   188 ;;      Temps:          0       0       0       0       0       0       0       0       0       0       0       0       
      +0       0       0       0       0       0       0       0       0       0       0       0       0       0       0       
      +0       0       0       0       0       0       0
   189 ;;      Totals:         0       0       0       0       0       0       0       0       0       0       0       0       
      +0       0       0       0       0       0       0       0       0       0       0       0       0       0       0       
      +0       0       0       0       0       0       0
   190 ;;Total ram usage:        0 bytes
   191 ;; Hardware stack levels used:    1
   192 ;; This function calls:
   193 ;;		Nothing
   194 ;; This function is called by:
   195 ;;		_main
   196 ;; This function uses a non-reentrant model
   197 ;;
   198                           
   199                           	psect	text1
   200  01FFA4                     __ptext1:
   201                           	callstack 0
   202  01FFA4                     _UserAppRun:
   203                           	callstack 127
   204  01FFA4  0012               	return		;funcret
   205  01FFA6                     __end_of_UserAppRun:
   206                           	callstack 0
   207                           
   208 ;; *************** function _UserAppInitialize *****************
   209 ;; Defined at:
   210 ;;		line 76 in file "user_app.c"
   211 ;; Parameters:    Size  Location     Type
   212 ;;		None
   213 ;; Auto vars:     Size  Location     Type
   214 ;;		None
   215 ;; Return value:  Size  Location     Type
   216 ;;                  1    wreg      void 
   217 ;; Registers used:
   218 ;;		None
   219 ;; Tracked objects:
   220 ;;		On entry : 0/0
   221 ;;		On exit  : 0/0
   222 ;;		Unchanged: 0/0
   223 ;; Data sizes:     COMRAM   BANK5   BANK6   BANK7   BANK8   BANK9  BANK10  BANK11  BANK12  BANK13  BANK14  BANK15  BANK1
      +6  BANK17  BANK18  BANK19  BANK20  BANK21  BANK22  BANK23  BANK24  BANK25  BANK26  BANK27  BANK28  BANK29  BANK30  BANK3
      +1  BANK32  BANK33  BANK34  BANK35  BANK36  BANK37
   224 ;;      Params:         0       0       0       0       0       0       0       0       0       0       0       0       
      +0       0       0       0       0       0       0       0       0       0       0       0       0       0       0       
      +0       0       0       0       0       0       0
   225 ;;      Locals:         0       0       0       0       0       0       0       0       0       0       0       0       
      +0       0       0       0       0       0       0       0       0       0       0       0       0       0       0       
      +0       0       0       0       0       0       0
   226 ;;      Temps:          0       0       0       0       0       0       0       0       0       0       0       0       
      +0       0       0       0       0       0       0       0       0       0       0       0       0       0       0       
      +0       0       0       0       0       0       0
   227 ;;      Totals:         0       0       0       0       0       0       0       0       0       0       0       0       
      +0       0       0       0       0       0       0       0       0       0       0       0       0       0       0       
      +0       0       0       0       0       0       0
   228 ;;Total ram usage:        0 bytes
   229 ;; Hardware stack levels used:    1
   230 ;; This function calls:
   231 ;;		Nothing
   232 ;; This function is called by:
   233 ;;		_main
   234 ;; This function uses a non-reentrant model
   235 ;;
   236                           
   237                           	psect	text2
   238  01FFA2                     __ptext2:
   239                           	callstack 0
   240  01FFA2                     _UserAppInitialize:
   241                           	callstack 127
   242  01FFA2  0012               	return		;funcret
   243  01FFA4                     __end_of_UserAppInitialize:
   244                           	callstack 0
   245                           
   246 ;; *************** function _SystemSleep *****************
   247 ;; Defined at:
   248 ;;		line 130 in file "encm369_pic18.c"
   249 ;; Parameters:    Size  Location     Type
   250 ;;		None
   251 ;; Auto vars:     Size  Location     Type
   252 ;;		None
   253 ;; Return value:  Size  Location     Type
   254 ;;                  1    wreg      void 
   255 ;; Registers used:
   256 ;;		None
   257 ;; Tracked objects:
   258 ;;		On entry : 0/0
   259 ;;		On exit  : 0/0
   260 ;;		Unchanged: 0/0
   261 ;; Data sizes:     COMRAM   BANK5   BANK6   BANK7   BANK8   BANK9  BANK10  BANK11  BANK12  BANK13  BANK14  BANK15  BANK1
      +6  BANK17  BANK18  BANK19  BANK20  BANK21  BANK22  BANK23  BANK24  BANK25  BANK26  BANK27  BANK28  BANK29  BANK30  BANK3
      +1  BANK32  BANK33  BANK34  BANK35  BANK36  BANK37
   262 ;;      Params:         0       0       0       0       0       0       0       0       0       0       0       0       
      +0       0       0       0       0       0       0       0       0       0       0       0       0       0       0       
      +0       0       0       0       0       0       0
   263 ;;      Locals:         0       0       0       0       0       0       0       0       0       0       0       0       
      +0       0       0       0       0       0       0       0       0       0       0       0       0       0       0       
      +0       0       0       0       0       0       0
   264 ;;      Temps:          0       0       0       0       0       0       0       0       0       0       0       0       
      +0       0       0       0       0       0       0       0       0       0       0       0       0       0       0       
      +0       0       0       0       0       0       0
   265 ;;      Totals:         0       0       0       0       0       0       0       0       0       0       0       0       
      +0       0       0       0       0       0       0       0       0       0       0       0       0       0       0       
      +0       0       0       0       0       0       0
   266 ;;Total ram usage:        0 bytes
   267 ;; Hardware stack levels used:    1
   268 ;; This function calls:
   269 ;;		Nothing
   270 ;; This function is called by:
   271 ;;		_main
   272 ;; This function uses a non-reentrant model
   273 ;;
   274                           
   275                           	psect	text3
   276  01FFA0                     __ptext3:
   277                           	callstack 0
   278  01FFA0                     _SystemSleep:
   279                           	callstack 127
   280  01FFA0  0012               	return		;funcret
   281  01FFA2                     __end_of_SystemSleep:
   282                           	callstack 0
   283                           
   284 ;; *************** function _SysTickSetup *****************
   285 ;; Defined at:
   286 ;;		line 108 in file "encm369_pic18.c"
   287 ;; Parameters:    Size  Location     Type
   288 ;;		None
   289 ;; Auto vars:     Size  Location     Type
   290 ;;		None
   291 ;; Return value:  Size  Location     Type
   292 ;;                  1    wreg      void 
   293 ;; Registers used:
   294 ;;		wreg, status,2
   295 ;; Tracked objects:
   296 ;;		On entry : 0/0
   297 ;;		On exit  : 0/0
   298 ;;		Unchanged: 0/0
   299 ;; Data sizes:     COMRAM   BANK5   BANK6   BANK7   BANK8   BANK9  BANK10  BANK11  BANK12  BANK13  BANK14  BANK15  BANK1
      +6  BANK17  BANK18  BANK19  BANK20  BANK21  BANK22  BANK23  BANK24  BANK25  BANK26  BANK27  BANK28  BANK29  BANK30  BANK3
      +1  BANK32  BANK33  BANK34  BANK35  BANK36  BANK37
   300 ;;      Params:         0       0       0       0       0       0       0       0       0       0       0       0       
      +0       0       0       0       0       0       0       0       0       0       0       0       0       0       0       
      +0       0       0       0       0       0       0
   301 ;;      Locals:         0       0       0       0       0       0       0       0       0       0       0       0       
      +0       0       0       0       0       0       0       0       0       0       0       0       0       0       0       
      +0       0       0       0       0       0       0
   302 ;;      Temps:          0       0       0       0       0       0       0       0       0       0       0       0       
      +0       0       0       0       0       0       0       0       0       0       0       0       0       0       0       
      +0       0       0       0       0       0       0
   303 ;;      Totals:         0       0       0       0       0       0       0       0       0       0       0       0       
      +0       0       0       0       0       0       0       0       0       0       0       0       0       0       0       
      +0       0       0       0       0       0       0
   304 ;;Total ram usage:        0 bytes
   305 ;; Hardware stack levels used:    1
   306 ;; This function calls:
   307 ;;		Nothing
   308 ;; This function is called by:
   309 ;;		_main
   310 ;; This function uses a non-reentrant model
   311 ;;
   312                           
   313                           	psect	text4
   314  01FFB8                     __ptext4:
   315                           	callstack 0
   316  01FFB8                     _SysTickSetup:
   317                           	callstack 127
   318  01FFB8  0E00               	movlw	0
   319  01FFBA  6E09               	movwf	_G_u32SystemTime1ms^(0+1280),c	;volatile
   320  01FFBC  0E00               	movlw	0
   321  01FFBE  6E0A               	movwf	(_G_u32SystemTime1ms+1)^(0+1280),c	;volatile
   322  01FFC0  0E00               	movlw	0
   323  01FFC2  6E0B               	movwf	(_G_u32SystemTime1ms+2)^(0+1280),c	;volatile
   324  01FFC4  0E00               	movlw	0
   325  01FFC6  6E0C               	movwf	(_G_u32SystemTime1ms+3)^(0+1280),c	;volatile
   326  01FFC8  0E00               	movlw	0
   327  01FFCA  6E05               	movwf	_G_u32SystemTime1s^(0+1280),c	;volatile
   328  01FFCC  0E00               	movlw	0
   329  01FFCE  6E06               	movwf	(_G_u32SystemTime1s+1)^(0+1280),c	;volatile
   330  01FFD0  0E00               	movlw	0
   331  01FFD2  6E07               	movwf	(_G_u32SystemTime1s+2)^(0+1280),c	;volatile
   332  01FFD4  0E00               	movlw	0
   333  01FFD6  6E08               	movwf	(_G_u32SystemTime1s+3)^(0+1280),c	;volatile
   334  01FFD8  0012               	return		;funcret
   335  01FFDA                     __end_of_SysTickSetup:
   336                           	callstack 0
   337                           
   338 ;; *************** function _GpioSetup *****************
   339 ;; Defined at:
   340 ;;		line 89 in file "encm369_pic18.c"
   341 ;; Parameters:    Size  Location     Type
   342 ;;		None
   343 ;; Auto vars:     Size  Location     Type
   344 ;;		None
   345 ;; Return value:  Size  Location     Type
   346 ;;                  1    wreg      void 
   347 ;; Registers used:
   348 ;;		None
   349 ;; Tracked objects:
   350 ;;		On entry : 0/0
   351 ;;		On exit  : 0/0
   352 ;;		Unchanged: 0/0
   353 ;; Data sizes:     COMRAM   BANK5   BANK6   BANK7   BANK8   BANK9  BANK10  BANK11  BANK12  BANK13  BANK14  BANK15  BANK1
      +6  BANK17  BANK18  BANK19  BANK20  BANK21  BANK22  BANK23  BANK24  BANK25  BANK26  BANK27  BANK28  BANK29  BANK30  BANK3
      +1  BANK32  BANK33  BANK34  BANK35  BANK36  BANK37
   354 ;;      Params:         0       0       0       0       0       0       0       0       0       0       0       0       
      +0       0       0       0       0       0       0       0       0       0       0       0       0       0       0       
      +0       0       0       0       0       0       0
   355 ;;      Locals:         0       0       0       0       0       0       0       0       0       0       0       0       
      +0       0       0       0       0       0       0       0       0       0       0       0       0       0       0       
      +0       0       0       0       0       0       0
   356 ;;      Temps:          0       0       0       0       0       0       0       0       0       0       0       0       
      +0       0       0       0       0       0       0       0       0       0       0       0       0       0       0       
      +0       0       0       0       0       0       0
   357 ;;      Totals:         0       0       0       0       0       0       0       0       0       0       0       0       
      +0       0       0       0       0       0       0       0       0       0       0       0       0       0       0       
      +0       0       0       0       0       0       0
   358 ;;Total ram usage:        0 bytes
   359 ;; Hardware stack levels used:    1
   360 ;; This function calls:
   361 ;;		Nothing
   362 ;; This function is called by:
   363 ;;		_main
   364 ;; This function uses a non-reentrant model
   365 ;;
   366                           
   367                           	psect	text5
   368  01FF9E                     __ptext5:
   369                           	callstack 0
   370  01FF9E                     _GpioSetup:
   371                           	callstack 127
   372  01FF9E  0012               	return		;funcret
   373  01FFA0                     __end_of_GpioSetup:
   374                           	callstack 0
   375                           
   376 ;; *************** function _ClockSetup *****************
   377 ;; Defined at:
   378 ;;		line 70 in file "encm369_pic18.c"
   379 ;; Parameters:    Size  Location     Type
   380 ;;		None
   381 ;; Auto vars:     Size  Location     Type
   382 ;;		None
   383 ;; Return value:  Size  Location     Type
   384 ;;                  1    wreg      void 
   385 ;; Registers used:
   386 ;;		None
   387 ;; Tracked objects:
   388 ;;		On entry : 0/0
   389 ;;		On exit  : 0/0
   390 ;;		Unchanged: 0/0
   391 ;; Data sizes:     COMRAM   BANK5   BANK6   BANK7   BANK8   BANK9  BANK10  BANK11  BANK12  BANK13  BANK14  BANK15  BANK1
      +6  BANK17  BANK18  BANK19  BANK20  BANK21  BANK22  BANK23  BANK24  BANK25  BANK26  BANK27  BANK28  BANK29  BANK30  BANK3
      +1  BANK32  BANK33  BANK34  BANK35  BANK36  BANK37
   392 ;;      Params:         0       0       0       0       0       0       0       0       0       0       0       0       
      +0       0       0       0       0       0       0       0       0       0       0       0       0       0       0       
      +0       0       0       0       0       0       0
   393 ;;      Locals:         0       0       0       0       0       0       0       0       0       0       0       0       
      +0       0       0       0       0       0       0       0       0       0       0       0       0       0       0       
      +0       0       0       0       0       0       0
   394 ;;      Temps:          0       0       0       0       0       0       0       0       0       0       0       0       
      +0       0       0       0       0       0       0       0       0       0       0       0       0       0       0       
      +0       0       0       0       0       0       0
   395 ;;      Totals:         0       0       0       0       0       0       0       0       0       0       0       0       
      +0       0       0       0       0       0       0       0       0       0       0       0       0       0       0       
      +0       0       0       0       0       0       0
   396 ;;Total ram usage:        0 bytes
   397 ;; Hardware stack levels used:    1
   398 ;; This function calls:
   399 ;;		Nothing
   400 ;; This function is called by:
   401 ;;		_main
   402 ;; This function uses a non-reentrant model
   403 ;;
   404                           
   405                           	psect	text6
   406  01FF9C                     __ptext6:
   407                           	callstack 0
   408  01FF9C                     _ClockSetup:
   409                           	callstack 127
   410  01FF9C  0012               	return		;funcret
   411  01FF9E                     __end_of_ClockSetup:
   412                           	callstack 0
   413  0000                     
   414                           	psect	rparam
   415  0000                     
   416                           	psect	idloc
   417                           
   418                           ;Config register IDLOC0 @ 0x200000
   419                           ;	unspecified, using default values
   420  200000                     	org	2097152
   421  200000  0FFF               	dw	4095
   422                           
   423                           ;Config register IDLOC1 @ 0x200002
   424                           ;	unspecified, using default values
   425  200002                     	org	2097154
   426  200002  0FFF               	dw	4095
   427                           
   428                           ;Config register IDLOC2 @ 0x200004
   429                           ;	unspecified, using default values
   430  200004                     	org	2097156
   431  200004  0FFF               	dw	4095
   432                           
   433                           ;Config register IDLOC3 @ 0x200006
   434                           ;	unspecified, using default values
   435  200006                     	org	2097158
   436  200006  0FFF               	dw	4095
   437                           
   438                           ;Config register IDLOC4 @ 0x200008
   439                           ;	unspecified, using default values
   440  200008                     	org	2097160
   441  200008  0FFF               	dw	4095
   442                           
   443                           ;Config register IDLOC5 @ 0x20000A
   444                           ;	unspecified, using default values
   445  20000A                     	org	2097162
   446  20000A  0FFF               	dw	4095
   447                           
   448                           ;Config register IDLOC6 @ 0x20000C
   449                           ;	unspecified, using default values
   450  20000C                     	org	2097164
   451  20000C  0FFF               	dw	4095
   452                           
   453                           ;Config register IDLOC7 @ 0x20000E
   454                           ;	unspecified, using default values
   455  20000E                     	org	2097166
   456  20000E  0FFF               	dw	4095
   457                           
   458                           ;Config register IDLOC8 @ 0x200010
   459                           ;	unspecified, using default values
   460  200010                     	org	2097168
   461  200010  0FFF               	dw	4095
   462                           
   463                           ;Config register IDLOC9 @ 0x200012
   464                           ;	unspecified, using default values
   465  200012                     	org	2097170
   466  200012  0FFF               	dw	4095
   467                           
   468                           ;Config register IDLOC10 @ 0x200014
   469                           ;	unspecified, using default values
   470  200014                     	org	2097172
   471  200014  0FFF               	dw	4095
   472                           
   473                           ;Config register IDLOC11 @ 0x200016
   474                           ;	unspecified, using default values
   475  200016                     	org	2097174
   476  200016  0FFF               	dw	4095
   477                           
   478                           ;Config register IDLOC12 @ 0x200018
   479                           ;	unspecified, using default values
   480  200018                     	org	2097176
   481  200018  0FFF               	dw	4095
   482                           
   483                           ;Config register IDLOC13 @ 0x20001A
   484                           ;	unspecified, using default values
   485  20001A                     	org	2097178
   486  20001A  0FFF               	dw	4095
   487                           
   488                           ;Config register IDLOC14 @ 0x20001C
   489                           ;	unspecified, using default values
   490  20001C                     	org	2097180
   491  20001C  0FFF               	dw	4095
   492                           
   493                           ;Config register IDLOC15 @ 0x20001E
   494                           ;	unspecified, using default values
   495  20001E                     	org	2097182
   496  20001E  0FFF               	dw	4095
   497                           
   498                           	psect	config
   499                           
   500                           ;Config register CONFIG1 @ 0x300000
   501                           ;	External Oscillator Selection
   502                           ;	FEXTOSC = OFF, Oscillator not enabled
   503                           ;	Reset Oscillator Selection
   504                           ;	RSTOSC = HFINTOSC_64MHZ, HFINTOSC with HFFRQ = 64 MHz and CDIV = 1:1
   505  300000                     	org	3145728
   506  300000  8C                 	db	140
   507                           
   508                           ;Config register CONFIG2 @ 0x300001
   509                           ;	Clock out Enable bit
   510                           ;	CLKOUTEN = ON, CLKOUT function is enabled
   511                           ;	PRLOCKED One-Way Set Enable bit
   512                           ;	PR1WAY = ON, PRLOCKED bit can be cleared and set only once
   513                           ;	Clock Switch Enable bit
   514                           ;	CSWEN = ON, Writing to NOSC and NDIV is allowed
   515                           ;	Fail-Safe Clock Monitor Enable bit
   516                           ;	FCMEN = ON, Fail-Safe Clock Monitor enabled
   517  300001                     	org	3145729
   518  300001  FE                 	db	254
   519                           
   520                           ;Config register CONFIG3 @ 0x300002
   521                           ;	MCLR Enable bit
   522                           ;	MCLRE = EXTMCLR, If LVP = 0, MCLR pin is MCLR; If LVP = 1, RE3 pin function is MCLR
   523                           ;	Power-up timer selection bits
   524                           ;	PWRTS = PWRT_OFF, PWRT is disabled
   525                           ;	Multi-vector enable bit
   526                           ;	MVECEN = ON, Multi-vector enabled, Vector table used for interrupts
   527                           ;	IVTLOCK bit One-way set enable bit
   528                           ;	IVT1WAY = ON, IVTLOCKED bit can be cleared and set only once
   529                           ;	Low Power BOR Enable bit
   530                           ;	LPBOREN = OFF, Low-Power BOR disabled
   531                           ;	Brown-out Reset Enable bits
   532                           ;	BOREN = SBORDIS, Brown-out Reset enabled , SBOREN bit is ignored
   533  300002                     	org	3145730
   534  300002  FF                 	db	255
   535                           
   536                           ;Config register CONFIG4 @ 0x300003
   537                           ;	Brown-out Reset Voltage Selection bits
   538                           ;	BORV = VBOR_2P85, Brown-out Reset Voltage (VBOR) set to 2.8V
   539                           ;	ZCD Disable bit
   540                           ;	ZCD = OFF, ZCD module is disabled. ZCD can be enabled by setting the ZCDSEN bit of ZCD
      +                          CON
   541                           ;	PPSLOCK bit One-Way Set Enable bit
   542                           ;	PPS1WAY = ON, PPSLOCKED bit can be cleared and set only once; PPS registers remain loc
      +                          ked after one clear/set cycle
   543                           ;	Stack Full/Underflow Reset Enable bit
   544                           ;	STVREN = ON, Stack full/underflow will cause Reset
   545                           ;	Low Voltage Programming Enable bit
   546                           ;	LVP = ON, Low voltage programming enabled. MCLR/VPP pin function is MCLR. MCLRE config
      +                          uration bit is ignored
   547                           ;	Extended Instruction Set Enable bit
   548                           ;	XINST = OFF, Extended Instruction Set and Indexed Addressing Mode disabled
   549  300003                     	org	3145731
   550  300003  FC                 	db	252
   551                           
   552                           ;Config register CONFIG5 @ 0x300004
   553                           ;	WDT Period selection bits
   554                           ;	WDTCPS = WDTCPS_31, Divider ratio 1:65536; software control of WDTPS
   555                           ;	WDT operating mode
   556                           ;	WDTE = OFF, WDT Disabled; SWDTEN is ignored
   557  300004                     	org	3145732
   558  300004  9F                 	db	159
   559                           
   560                           ;Config register CONFIG6 @ 0x300005
   561                           ;	WDT Window Select bits
   562                           ;	WDTCWS = WDTCWS_7, window always open (100%); software control; keyed access not requi
      +                          red
   563                           ;	WDT input clock selector
   564                           ;	WDTCCS = SC, Software Control
   565  300005                     	org	3145733
   566  300005  FF                 	db	255
   567                           
   568                           ;Config register CONFIG7 @ 0x300006
   569                           ;	Boot Block Size selection bits
   570                           ;	BBSIZE = BBSIZE_512, Boot Block size is 512 words
   571                           ;	Boot Block enable bit
   572                           ;	BBEN = OFF, Boot block disabled
   573                           ;	Storage Area Flash enable bit
   574                           ;	SAFEN = OFF, SAF disabled
   575                           ;	Background Debugger
   576                           ;	DEBUG = OFF, Background Debugger disabled
   577  300006                     	org	3145734
   578  300006  FF                 	db	255
   579                           
   580                           ;Config register CONFIG8 @ 0x300007
   581                           ;	Boot Block Write Protection bit
   582                           ;	WRTB = OFF, Boot Block not Write protected
   583                           ;	Configuration Register Write Protection bit
   584                           ;	WRTC = OFF, Configuration registers not Write protected
   585                           ;	Data EEPROM Write Protection bit
   586                           ;	WRTD = OFF, Data EEPROM not Write protected
   587                           ;	SAF Write protection bit
   588                           ;	WRTSAF = OFF, SAF not Write Protected
   589                           ;	Application Block write protection bit
   590                           ;	WRTAPP = OFF, Application Block not write protected
   591  300007                     	org	3145735
   592  300007  FF                 	db	255
   593                           
   594                           ; Padding undefined space
   595  300008                     	org	3145736
   596  300008  FF                 	db	255
   597                           
   598                           ;Config register CONFIG10 @ 0x300009
   599                           ;	PFM and Data EEPROM Code Protection bit
   600                           ;	CP = OFF, PFM and Data EEPROM code protection disabled
   601  300009                     	org	3145737
   602  300009  FF                 	db	255
   603                           tosu	equ	0x4FF
   604                           tosh	equ	0x4FE
   605                           tosl	equ	0x4FD
   606                           stkptr	equ	0x4FC
   607                           pclatu	equ	0x4FB
   608                           pclath	equ	0x4FA
   609                           pcl	equ	0x4F9
   610                           tblptru	equ	0x4F8
   611                           tblptrh	equ	0x4F7
   612                           tblptrl	equ	0x4F6
   613                           tablat	equ	0x4F5
   614                           prodh	equ	0x4F4
   615                           prodl	equ	0x4F3
   616                           indf0	equ	0x4EF
   617                           postinc0	equ	0x4EE
   618                           postdec0	equ	0x4ED
   619                           preinc0	equ	0x4EC
   620                           plusw0	equ	0x4EB
   621                           fsr0h	equ	0x4EA
   622                           fsr0l	equ	0x4E9
   623                           wreg	equ	0x4E8
   624                           indf1	equ	0x4E7
   625                           postinc1	equ	0x4E6
   626                           postdec1	equ	0x4E5
   627                           preinc1	equ	0x4E4
   628                           plusw1	equ	0x4E3
   629                           fsr1h	equ	0x4E2
   630                           fsr1l	equ	0x4E1
   631                           bsr	equ	0x4E0
   632                           indf2	equ	0x4DF
   633                           postinc2	equ	0x4DE
   634                           postdec2	equ	0x4DD
   635                           preinc2	equ	0x4DC
   636                           plusw2	equ	0x4DB
   637                           fsr2h	equ	0x4DA
   638                           fsr2l	equ	0x4D9
   639                           status	equ	0x4D8

Data Sizes:
    Strings     0
    Constant    0
    Data        0
    BSS         13
    Persistent  0
    Stack       0

Auto Spaces:
    Space          Size  Autos    Used
    COMRAM           95      0      13
    BANK5           160      0       0
    BANK6           256      0       0
    BANK7           256      0       0
    BANK8           256      0       0
    BANK9           256      0       0
    BANK10          256      0       0
    BANK11          256      0       0
    BANK12          256      0       0
    BANK13          256      0       0
    BANK14          256      0       0
    BANK15          256      0       0
    BANK16          256      0       0
    BANK17          256      0       0
    BANK18          256      0       0
    BANK19          256      0       0
    BANK20          256      0       0
    BANK21          256      0       0
    BANK22          256      0       0
    BANK23          256      0       0
    BANK24          256      0       0
    BANK25          256      0       0
    BANK26          256      0       0
    BANK27          256      0       0
    BANK28          256      0       0
    BANK29          256      0       0
    BANK30          256      0       0
    BANK31          256      0       0
    BANK32          256      0       0
    BANK33          256      0       0
    BANK34          256      0       0
    BANK35          256      0       0
    BANK36          256      0       0
    BANK37          256      0       0

Pointer List with Targets:

    None.

Critical Paths under _main in COMRAM

    None.

Critical Paths under _main in BANK5

    None.

Critical Paths under _main in BANK6

    None.

Critical Paths under _main in BANK7

    None.

Critical Paths under _main in BANK8

    None.

Critical Paths under _main in BANK9

    None.

Critical Paths under _main in BANK10

    None.

Critical Paths under _main in BANK11

    None.

Critical Paths under _main in BANK12

    None.

Critical Paths under _main in BANK13

    None.

Critical Paths under _main in BANK14

    None.

Critical Paths under _main in BANK15

    None.

Critical Paths under _main in BANK16

    None.

Critical Paths under _main in BANK17

    None.

Critical Paths under _main in BANK18

    None.

Critical Paths under _main in BANK19

    None.

Critical Paths under _main in BANK20

    None.

Critical Paths under _main in BANK21

    None.

Critical Paths under _main in BANK22

    None.

Critical Paths under _main in BANK23

    None.

Critical Paths under _main in BANK24

    None.

Critical Paths under _main in BANK25

    None.

Critical Paths under _main in BANK26

    None.

Critical Paths under _main in BANK27

    None.

Critical Paths under _main in BANK28

    None.

Critical Paths under _main in BANK29

    None.

Critical Paths under _main in BANK30

    None.

Critical Paths under _main in BANK31

    None.

Critical Paths under _main in BANK32

    None.

Critical Paths under _main in BANK33

    None.

Critical Paths under _main in BANK34

    None.

Critical Paths under _main in BANK35

    None.

Critical Paths under _main in BANK36

    None.

Critical Paths under _main in BANK37

    None.

Call Graph Tables:

 ---------------------------------------------------------------------------------
 (Depth) Function   	        Calls       Base Space   Used Autos Params    Refs
 ---------------------------------------------------------------------------------
 (0) _main                                                 0     0      0       0
                         _ClockSetup
                          _GpioSetup
                       _SysTickSetup
                        _SystemSleep
                  _UserAppInitialize
                         _UserAppRun
 ---------------------------------------------------------------------------------
 (1) _UserAppRun                                           0     0      0       0
 ---------------------------------------------------------------------------------
 (1) _UserAppInitialize                                    0     0      0       0
 ---------------------------------------------------------------------------------
 (1) _SystemSleep                                          0     0      0       0
 ---------------------------------------------------------------------------------
 (1) _SysTickSetup                                         0     0      0       0
 ---------------------------------------------------------------------------------
 (1) _GpioSetup                                            0     0      0       0
 ---------------------------------------------------------------------------------
 (1) _ClockSetup                                           0     0      0       0
 ---------------------------------------------------------------------------------
 Estimated maximum stack depth 1
 ---------------------------------------------------------------------------------

 Call Graph Graphs:

 _main (ROOT)
   _ClockSetup
   _GpioSetup
   _SysTickSetup
   _SystemSleep
   _UserAppInitialize
   _UserAppRun

 Address spaces:
Name               Size   Autos  Total    Cost      Usage
BIGRAM            20FF      0       0      71        0.0%
EEDATA             400      0       0       0        0.0%
BITBANK37          100      0       0      70        0.0%
BANK37             100      0       0      68        0.0%
BITBANK36          100      0       0      66        0.0%
BANK36             100      0       0      67        0.0%
BITBANK35          100      0       0      64        0.0%
BANK35             100      0       0      65        0.0%
BITBANK34          100      0       0      62        0.0%
BANK34             100      0       0      63        0.0%
BITBANK33          100      0       0      60        0.0%
BANK33             100      0       0      61        0.0%
BITBANK32          100      0       0      58        0.0%
BANK32             100      0       0      59        0.0%
BITBANK31          100      0       0      56        0.0%
BANK31             100      0       0      57        0.0%
BITBANK30          100      0       0      54        0.0%
BANK30             100      0       0      55        0.0%
BITBANK29          100      0       0      52        0.0%
BANK29             100      0       0      53        0.0%
BITBANK28          100      0       0      50        0.0%
BANK28             100      0       0      51        0.0%
BITBANK27          100      0       0      48        0.0%
BANK27             100      0       0      49        0.0%
BITBANK26          100      0       0      46        0.0%
BANK26             100      0       0      47        0.0%
BITBANK25          100      0       0      44        0.0%
BANK25             100      0       0      45        0.0%
BITBANK24          100      0       0      42        0.0%
BANK24             100      0       0      43        0.0%
BITBANK23          100      0       0      40        0.0%
BANK23             100      0       0      41        0.0%
BITBANK22          100      0       0      38        0.0%
BANK22             100      0       0      39        0.0%
BITBANK21          100      0       0      36        0.0%
BANK21             100      0       0      37        0.0%
BITBANK20          100      0       0      34        0.0%
BANK20             100      0       0      35        0.0%
BITBANK19          100      0       0      32        0.0%
BANK19             100      0       0      33        0.0%
BITBANK18          100      0       0      30        0.0%
BANK18             100      0       0      31        0.0%
BITBANK17          100      0       0      28        0.0%
BANK17             100      0       0      29        0.0%
BITBANK16          100      0       0      26        0.0%
BANK16             100      0       0      27        0.0%
BITBANK15          100      0       0      24        0.0%
BANK15             100      0       0      25        0.0%
BITBANK14          100      0       0      22        0.0%
BANK14             100      0       0      23        0.0%
BITBANK13          100      0       0      20        0.0%
BANK13             100      0       0      21        0.0%
BITBANK12          100      0       0      18        0.0%
BANK12             100      0       0      19        0.0%
BITBANK11          100      0       0      16        0.0%
BANK11             100      0       0      17        0.0%
BITBANK10          100      0       0      14        0.0%
BANK10             100      0       0      15        0.0%
BITBANK9           100      0       0      12        0.0%
BANK9              100      0       0      13        0.0%
BITBANK8           100      0       0      10        0.0%
BANK8              100      0       0      11        0.0%
BITBANK7           100      0       0       8        0.0%
BANK7              100      0       0       9        0.0%
BITBANK6           100      0       0       6        0.0%
BANK6              100      0       0       7        0.0%
BITBANK5            A0      0       0       4        0.0%
BANK5               A0      0       0       5        0.0%
BITCOMRAM           5F      0       0       0        0.0%
COMRAM              5F      0       D       1       13.7%
BITSFR_5             0      0       0     200        0.0%
SFR_5                0      0       0     200        0.0%
BITSFR_4             0      0       0     200        0.0%
SFR_4                0      0       0     200        0.0%
BITSFR_3             0      0       0     200        0.0%
SFR_3                0      0       0     200        0.0%
BITSFR_2             0      0       0     200        0.0%
SFR_2                0      0       0     200        0.0%
BITSFR_1             0      0       0     200        0.0%
SFR_1                0      0       0     200        0.0%
BITSFR               0      0       0     200        0.0%
SFR                  0      0       0     200        0.0%
STACK                0      0       0       2        0.0%
NULL                 0      0       0       0        0.0%
ABS                  0      0       D      69        0.0%
DATA                 0      0       D       3        0.0%
CODE                 0      0       0       0        0.0%


Microchip Technology PIC18 Macro Assembler V2.31 build 20201012212115 
Symbol Table                                                                                   Wed Jan 27 22:30:46 2021

     __size_of_SysTickSetup 0022                           l7 FF9C                          l10 FF9E  
                        l13 FFD8                          l16 FFA0                          l50 FFA4  
                        l47 FFA2                         l742 FFB8                         l750 FFE4  
                       l752 FFE8                         l744 FFDA                         l754 FFEC  
                       l746 FFDC                         l756 FFF0                         l748 FFE0  
                       wreg 0004E8                        _main FFDA                _SysTickSetup FFB8  
                      start FFFC        __size_of_SystemSleep 0002                ___param_bank 000000  
                _ClockSetup FF9C                       ?_main 0000             __initialization FFA6  
              __end_of_main FFFC                      ??_main 0000               __activetblptr 000000  
        __size_of_GpioSetup 0002                 ?_ClockSetup 0000                      clear_0 FFAC  
                _UserAppRun FFA4                  __accesstop 0560     __end_of__initialization FFB2  
             ___rparam_used 000001            _G_u8UserAppFlags 050D              __pcstackCOMRAM 0000  
         __end_of_GpioSetup FFA0         __size_of_ClockSetup 0002                 ?_UserAppRun 0000  
             ??_SystemSleep 0000                     __Hparam 0000                     __Lparam 0000  
                   __pcinit FFA6                     __ramtop 2600                     __ptext0 FFDA  
                   __ptext1 FFA4                     __ptext2 FFA2                     __ptext3 FFA0  
                   __ptext4 FFB8                     __ptext5 FF9E                     __ptext6 FF9C  
      end_of_initialization FFB2            _G_u32SystemFlags 0501                     postinc0 0004EE  
       __end_of_SystemSleep FFA2                ??_ClockSetup 0000         __size_of_UserAppRun 0002  
        __end_of_ClockSetup FF9E                   _GpioSetup FF9E         start_initialization FFA6  
             ?_SysTickSetup 0000                 _SystemSleep FFA0                  ?_GpioSetup 0000  
               __pbssCOMRAM 0501           _UserAppInitialize FFA2                ??_UserAppRun 0000  
        ?_UserAppInitialize 0000              ??_SysTickSetup 0000         ??_UserAppInitialize 0000  
        __end_of_UserAppRun FFA6   __end_of_UserAppInitialize FFA4                 ??_GpioSetup 0000  
                  __Hrparam 0000                    __Lrparam 0000        __end_of_SysTickSetup FFDA  
__size_of_UserAppInitialize 0002               __size_of_main 0022                ?_SystemSleep 0000  
        _G_u32SystemTime1ms 0509           _G_u32SystemTime1s 0505  
